<?xml version="1.0" encoding="UTF-8"?>
<coverage generated="1775910944278" clover="3.2.0">
  <project timestamp="1775910944278" name="All files">
    <metrics statements="2056" coveredstatements="1011" conditionals="1441" coveredconditionals="503" methods="345" coveredmethods="195" elements="3842" coveredelements="1709" complexity="0" loc="2056" ncloc="2056" packages="7" files="15" classes="15"/>
    <package name="modules.access-control">
      <metrics statements="53" coveredstatements="8" conditionals="35" coveredconditionals="4" methods="12" coveredmethods="2"/>
      <file name="warehouse-data-scope.ts" path="/Users/kongwen/claude_wk/ai-software-company/services/api/src/modules/access-control/warehouse-data-scope.ts">
        <metrics statements="53" coveredstatements="8" conditionals="35" coveredconditionals="4" methods="12" coveredmethods="2"/>
        <line num="1" count="2" type="stmt"/>
        <line num="2" count="2" type="stmt"/>
        <line num="11" count="0" type="cond" truecount="0" falsecount="1"/>
        <line num="12" count="0" type="stmt"/>
        <line num="14" count="0" type="stmt"/>
        <line num="18" count="0" type="cond" truecount="0" falsecount="2"/>
        <line num="21" count="2" type="stmt"/>
        <line num="25" count="9" type="cond" truecount="2" falsecount="1"/>
        <line num="26" count="9" type="stmt"/>
        <line num="29" count="0" type="cond" truecount="0" falsecount="1"/>
        <line num="30" count="0" type="stmt"/>
        <line num="33" count="0" type="stmt"/>
        <line num="34" count="0" type="cond" truecount="0" falsecount="1"/>
        <line num="35" count="0" type="stmt"/>
        <line num="38" count="0" type="stmt"/>
        <line num="39" count="0" type="stmt"/>
        <line num="41" count="0" type="stmt"/>
        <line num="42" count="0" type="stmt"/>
        <line num="43" count="0" type="cond" truecount="0" falsecount="4"/>
        <line num="44" count="0" type="stmt"/>
        <line num="45" count="0" type="stmt"/>
        <line num="48" count="0" type="cond" truecount="0" falsecount="2"/>
        <line num="49" count="0" type="cond" truecount="0" falsecount="3"/>
        <line num="50" count="0" type="stmt"/>
        <line num="51" count="0" type="stmt"/>
        <line num="54" count="0" type="cond" truecount="0" falsecount="2"/>
        <line num="55" count="0" type="cond" truecount="0" falsecount="1"/>
        <line num="56" count="0" type="stmt"/>
        <line num="61" count="0" type="cond" truecount="0" falsecount="3"/>
        <line num="62" count="0" type="stmt"/>
        <line num="65" count="0" type="stmt"/>
        <line num="66" count="0" type="stmt"/>
        <line num="68" count="0" type="cond" truecount="0" falsecount="3"/>
        <line num="69" count="0" type="stmt"/>
        <line num="70" count="0" type="cond" truecount="0" falsecount="1"/>
        <line num="71" count="0" type="stmt"/>
        <line num="72" count="0" type="stmt"/>
        <line num="73" count="0" type="stmt"/>
        <line num="75" count="0" type="cond" truecount="0" falsecount="1"/>
        <line num="76" count="0" type="stmt"/>
        <line num="77" count="0" type="stmt"/>
        <line num="78" count="0" type="stmt"/>
        <line num="80" count="0" type="stmt"/>
        <line num="83" count="0" type="stmt"/>
        <line num="90" count="0" type="stmt"/>
        <line num="91" count="0" type="cond" truecount="0" falsecount="1"/>
        <line num="92" count="0" type="stmt"/>
        <line num="95" count="0" type="stmt"/>
        <line num="98" count="2" type="stmt"/>
        <line num="103" count="9" type="cond" truecount="1" falsecount="0"/>
        <line num="104" count="9" type="stmt"/>
        <line num="107" count="0" type="cond" truecount="0" falsecount="4"/>
        <line num="108" count="0" type="stmt"/>
      </file>
    </package>
    <package name="modules.incoming-inspection">
      <metrics statements="564" coveredstatements="394" conditionals="568" coveredconditionals="262" methods="91" coveredmethods="73"/>
      <file name="incomingInspection.service.ts" path="/Users/kongwen/claude_wk/ai-software-company/services/api/src/modules/incoming-inspection/incomingInspection.service.ts">
        <metrics statements="564" coveredstatements="394" conditionals="568" coveredconditionals="262" methods="91" coveredmethods="73"/>
        <line num="2" count="1" type="stmt"/>
        <line num="3" count="1" type="stmt"/>
        <line num="5" count="1" type="stmt"/>
        <line num="6" count="1" type="stmt"/>
        <line num="7" count="1" type="stmt"/>
        <line num="8" count="1" type="stmt"/>
        <line num="9" count="1" type="stmt"/>
        <line num="11" count="1" type="stmt"/>
        <line num="16" count="1" type="stmt"/>
        <line num="17" count="1" type="stmt"/>
        <line num="18" count="1" type="stmt"/>
        <line num="19" count="1" type="stmt"/>
        <line num="85" count="8" type="cond" truecount="1" falsecount="1"/>
        <line num="92" count="4" type="stmt"/>
        <line num="93" count="4" type="stmt"/>
        <line num="95" count="4" type="stmt"/>
        <line num="96" count="4" type="cond" truecount="0" falsecount="1"/>
        <line num="97" count="4" type="stmt"/>
        <line num="98" count="4" type="stmt"/>
        <line num="99" count="4" type="stmt"/>
        <line num="102" count="4" type="cond" truecount="0" falsecount="1"/>
        <line num="103" count="0" type="stmt"/>
        <line num="106" count="4" type="stmt"/>
        <line num="114" count="2" type="stmt"/>
        <line num="115" count="2" type="stmt"/>
        <line num="116" count="2" type="stmt"/>
        <line num="117" count="2" type="stmt"/>
        <line num="118" count="2" type="stmt"/>
        <line num="120" count="2" type="stmt"/>
        <line num="121" count="2" type="cond" truecount="0" falsecount="1"/>
        <line num="122" count="2" type="stmt"/>
        <line num="123" count="2" type="stmt"/>
        <line num="124" count="2" type="stmt"/>
        <line num="125" count="2" type="stmt"/>
        <line num="128" count="2" type="stmt"/>
        <line num="129" count="2" type="cond" truecount="1" falsecount="0"/>
        <line num="130" count="1" type="stmt"/>
        <line num="131" count="1" type="stmt"/>
        <line num="132" count="1" type="stmt"/>
        <line num="133" count="1" type="stmt"/>
        <line num="136" count="2" type="cond" truecount="2" falsecount="1"/>
        <line num="137" count="0" type="stmt"/>
        <line num="140" count="2" type="stmt"/>
        <line num="148" count="1" type="stmt"/>
        <line num="152" count="18" type="stmt"/>
        <line num="153" count="1" type="stmt"/>
        <line num="154" count="1" type="stmt"/>
        <line num="155" count="1" type="stmt"/>
        <line num="156" count="1" type="stmt"/>
        <line num="157" count="1" type="stmt"/>
        <line num="158" count="1" type="stmt"/>
        <line num="159" count="1" type="stmt"/>
        <line num="160" count="1" type="stmt"/>
        <line num="161" count="1" type="stmt"/>
        <line num="162" count="1" type="stmt"/>
        <line num="163" count="1" type="stmt"/>
        <line num="164" count="1" type="stmt"/>
        <line num="167" count="18" type="stmt"/>
        <line num="168" count="18" type="stmt"/>
        <line num="169" count="18" type="stmt"/>
        <line num="173" count="9" type="cond" truecount="2" falsecount="0"/>
        <line num="174" count="9" type="stmt"/>
        <line num="178" count="8" type="stmt"/>
        <line num="182" count="8" type="stmt"/>
        <line num="183" count="8" type="cond" truecount="2" falsecount="0"/>
        <line num="184" count="8" type="stmt"/>
        <line num="190" count="1" type="cond" truecount="1" falsecount="1"/>
        <line num="191" count="1" type="cond" truecount="1" falsecount="0"/>
        <line num="192" count="1" type="stmt"/>
        <line num="194" count="1" type="stmt"/>
        <line num="198" count="1" type="cond" truecount="0" falsecount="1"/>
        <line num="199" count="1" type="stmt"/>
        <line num="200" count="1" type="stmt"/>
        <line num="201" count="1" type="stmt"/>
        <line num="203" count="1" type="stmt"/>
        <line num="207" count="0" type="stmt"/>
        <line num="215" count="9" type="stmt"/>
        <line num="223" count="5" type="stmt"/>
        <line num="224" count="5" type="stmt"/>
        <line num="225" count="5" type="stmt"/>
        <line num="226" count="5" type="stmt"/>
        <line num="264" count="5" type="stmt"/>
        <line num="287" count="5" type="stmt"/>
        <line num="313" count="5" type="stmt"/>
        <line num="319" count="5" type="stmt"/>
        <line num="321" count="5" type="stmt"/>
        <line num="322" count="8" type="cond" truecount="2" falsecount="0"/>
        <line num="323" count="8" type="stmt"/>
        <line num="329" count="8" type="stmt"/>
        <line num="332" count="5" type="stmt"/>
        <line num="333" count="1" type="cond" truecount="1" falsecount="1"/>
        <line num="334" count="1" type="cond" truecount="0" falsecount="1"/>
        <line num="336" count="1" type="cond" truecount="1" falsecount="1"/>
        <line num="337" count="1" type="cond" truecount="0" falsecount="1"/>
        <line num="338" count="0" type="cond" truecount="0" falsecount="2"/>
        <line num="339" count="0" type="stmt"/>
        <line num="340" count="0" type="stmt"/>
        <line num="344" count="0" type="cond" truecount="0" falsecount="1"/>
        <line num="345" count="0" type="stmt"/>
        <line num="347" count="0" type="stmt"/>
        <line num="350" count="1" type="stmt"/>
        <line num="351" count="1" type="cond" truecount="1" falsecount="1"/>
        <line num="352" count="1" type="stmt"/>
        <line num="353" count="1" type="cond" truecount="0" falsecount="1"/>
        <line num="354" count="1" type="cond" truecount="0" falsecount="1"/>
        <line num="356" count="1" type="stmt"/>
        <line num="357" count="1" type="stmt"/>
        <line num="358" count="1" type="stmt"/>
        <line num="362" count="5" type="stmt"/>
        <line num="368" count="5" type="stmt"/>
        <line num="369" count="5" type="stmt"/>
        <line num="370" count="8" type="stmt"/>
        <line num="374" count="5" type="stmt"/>
        <line num="376" count="5" type="stmt"/>
        <line num="377" count="6" type="stmt"/>
        <line num="378" count="6" type="cond" truecount="2" falsecount="0"/>
        <line num="379" count="6" type="cond" truecount="1" falsecount="0"/>
        <line num="380" count="3" type="stmt"/>
        <line num="381" count="3" type="cond" truecount="1" falsecount="1"/>
        <line num="382" count="3" type="cond" truecount="2" falsecount="0"/>
        <line num="383" count="3" type="cond" truecount="1" falsecount="1"/>
        <line num="389" count="3" type="cond" truecount="1" falsecount="0"/>
        <line num="390" count="3" type="stmt"/>
        <line num="401" count="3" type="stmt"/>
        <line num="410" count="3" type="cond" truecount="3" falsecount="0"/>
        <line num="411" count="3" type="stmt"/>
        <line num="413" count="3" type="stmt"/>
        <line num="416" count="3" type="cond" truecount="1" falsecount="1"/>
        <line num="417" count="3" type="cond" truecount="1" falsecount="1"/>
        <line num="419" count="3" type="stmt"/>
        <line num="420" count="5" type="cond" truecount="1" falsecount="0"/>
        <line num="421" count="4" type="cond" truecount="1" falsecount="0"/>
        <line num="423" count="3" type="stmt"/>
        <line num="424" count="3" type="cond" truecount="0" falsecount="1"/>
        <line num="426" count="3" type="stmt"/>
        <line num="436" count="3" type="stmt"/>
        <line num="437" count="3" type="stmt"/>
        <line num="440" count="3" type="cond" truecount="1" falsecount="0"/>
        <line num="441" count="1" type="stmt"/>
        <line num="453" count="5" type="stmt"/>
        <line num="454" count="10" type="cond" truecount="1" falsecount="1"/>
        <line num="455" count="7" type="stmt"/>
        <line num="462" count="5" type="cond" truecount="1" falsecount="0"/>
        <line num="463" count="5" type="stmt"/>
        <line num="466" count="0" type="stmt"/>
        <line num="473" count="0" type="cond" truecount="0" falsecount="2"/>
        <line num="474" count="0" type="stmt"/>
        <line num="475" count="0" type="stmt"/>
        <line num="479" count="5" type="cond" truecount="1" falsecount="0"/>
        <line num="480" count="5" type="stmt"/>
        <line num="483" count="0" type="stmt"/>
        <line num="490" count="0" type="cond" truecount="0" falsecount="2"/>
        <line num="491" count="0" type="stmt"/>
        <line num="492" count="0" type="stmt"/>
        <line num="496" count="11" type="cond" truecount="1" falsecount="0"/>
        <line num="497" count="11" type="stmt"/>
        <line num="500" count="0" type="stmt"/>
        <line num="507" count="0" type="cond" truecount="0" falsecount="2"/>
        <line num="508" count="0" type="stmt"/>
        <line num="509" count="0" type="stmt"/>
        <line num="513" count="9" type="cond" truecount="1" falsecount="0"/>
        <line num="514" count="9" type="stmt"/>
        <line num="517" count="0" type="cond" truecount="0" falsecount="2"/>
        <line num="518" count="0" type="stmt"/>
        <line num="525" count="0" type="cond" truecount="0" falsecount="2"/>
        <line num="526" count="0" type="stmt"/>
        <line num="527" count="0" type="stmt"/>
        <line num="531" count="3" type="cond" truecount="1" falsecount="0"/>
        <line num="532" count="3" type="stmt"/>
        <line num="535" count="0" type="cond" truecount="0" falsecount="2"/>
        <line num="536" count="0" type="stmt"/>
        <line num="543" count="0" type="cond" truecount="0" falsecount="2"/>
        <line num="544" count="0" type="stmt"/>
        <line num="545" count="0" type="stmt"/>
        <line num="549" count="10" type="cond" truecount="4" falsecount="2"/>
        <line num="553" count="0" type="cond" truecount="0" falsecount="1"/>
        <line num="555" count="0" type="stmt"/>
        <line num="556" count="0" type="cond" truecount="0" falsecount="1"/>
        <line num="557" count="0" type="stmt"/>
        <line num="560" count="0" type="stmt"/>
        <line num="561" count="0" type="stmt"/>
        <line num="562" count="0" type="cond" truecount="0" falsecount="1"/>
        <line num="563" count="0" type="stmt"/>
        <line num="564" count="0" type="stmt"/>
        <line num="565" count="0" type="stmt"/>
        <line num="568" count="0" type="stmt"/>
        <line num="572" count="0" type="stmt"/>
        <line num="573" count="0" type="stmt"/>
        <line num="583" count="0" type="cond" truecount="0" falsecount="1"/>
        <line num="585" count="0" type="stmt"/>
        <line num="586" count="0" type="cond" truecount="0" falsecount="9"/>
        <line num="592" count="0" type="cond" truecount="0" falsecount="1"/>
        <line num="594" count="0" type="stmt"/>
        <line num="596" count="0" type="stmt"/>
        <line num="604" count="0" type="stmt"/>
        <line num="612" count="0" type="cond" truecount="0" falsecount="1"/>
        <line num="614" count="0" type="stmt"/>
        <line num="620" count="0" type="stmt"/>
        <line num="621" count="0" type="stmt"/>
        <line num="622" count="0" type="stmt"/>
        <line num="623" count="0" type="stmt"/>
        <line num="642" count="0" type="stmt"/>
        <line num="653" count="0" type="stmt"/>
        <line num="657" count="0" type="cond" truecount="0" falsecount="1"/>
        <line num="658" count="0" type="cond" truecount="0" falsecount="1"/>
        <line num="659" count="0" type="cond" truecount="0" falsecount="1"/>
        <line num="660" count="0" type="cond" truecount="0" falsecount="1"/>
        <line num="661" count="0" type="cond" truecount="0" falsecount="1"/>
        <line num="662" count="0" type="cond" truecount="0" falsecount="1"/>
        <line num="663" count="0" type="cond" truecount="0" falsecount="1"/>
        <line num="664" count="0" type="cond" truecount="0" falsecount="1"/>
        <line num="665" count="0" type="stmt"/>
        <line num="673" count="9" type="cond" truecount="1" falsecount="0"/>
        <line num="674" count="9" type="stmt"/>
        <line num="677" count="0" type="cond" truecount="0" falsecount="2"/>
        <line num="678" count="0" type="stmt"/>
        <line num="686" count="0" type="cond" truecount="0" falsecount="2"/>
        <line num="687" count="0" type="stmt"/>
        <line num="693" count="9" type="cond" truecount="1" falsecount="0"/>
        <line num="694" count="9" type="stmt"/>
        <line num="697" count="0" type="cond" truecount="0" falsecount="2"/>
        <line num="698" count="0" type="stmt"/>
        <line num="706" count="0" type="stmt"/>
        <line num="707" count="0" type="cond" truecount="0" falsecount="2"/>
        <line num="710" count="0" type="stmt"/>
        <line num="714" count="9" type="cond" truecount="1" falsecount="0"/>
        <line num="715" count="9" type="stmt"/>
        <line num="718" count="0" type="cond" truecount="0" falsecount="2"/>
        <line num="719" count="0" type="stmt"/>
        <line num="726" count="0" type="cond" truecount="0" falsecount="2"/>
        <line num="727" count="0" type="stmt"/>
        <line num="731" count="9" type="cond" truecount="1" falsecount="0"/>
        <line num="732" count="9" type="stmt"/>
        <line num="735" count="0" type="cond" truecount="0" falsecount="2"/>
        <line num="736" count="0" type="stmt"/>
        <line num="744" count="0" type="cond" truecount="0" falsecount="2"/>
        <line num="745" count="0" type="stmt"/>
        <line num="749" count="9" type="cond" truecount="1" falsecount="0"/>
        <line num="750" count="9" type="stmt"/>
        <line num="753" count="0" type="cond" truecount="0" falsecount="2"/>
        <line num="754" count="0" type="stmt"/>
        <line num="762" count="0" type="cond" truecount="0" falsecount="2"/>
        <line num="763" count="0" type="stmt"/>
        <line num="767" count="1" type="cond" truecount="1" falsecount="0"/>
        <line num="768" count="1" type="stmt"/>
        <line num="771" count="0" type="cond" truecount="0" falsecount="2"/>
        <line num="772" count="0" type="stmt"/>
        <line num="780" count="0" type="cond" truecount="0" falsecount="2"/>
        <line num="781" count="0" type="stmt"/>
        <line num="785" count="9" type="cond" truecount="1" falsecount="0"/>
        <line num="786" count="9" type="stmt"/>
        <line num="789" count="0" type="cond" truecount="0" falsecount="2"/>
        <line num="790" count="0" type="stmt"/>
        <line num="799" count="0" type="cond" truecount="0" falsecount="2"/>
        <line num="800" count="0" type="stmt"/>
        <line num="801" count="0" type="stmt"/>
        <line num="806" count="0" type="stmt"/>
        <line num="807" count="0" type="stmt"/>
        <line num="809" count="0" type="cond" truecount="0" falsecount="1"/>
        <line num="810" count="0" type="stmt"/>
        <line num="811" count="0" type="stmt"/>
        <line num="813" count="0" type="cond" truecount="0" falsecount="1"/>
        <line num="814" count="0" type="stmt"/>
        <line num="815" count="0" type="stmt"/>
        <line num="817" count="0" type="cond" truecount="0" falsecount="1"/>
        <line num="818" count="0" type="stmt"/>
        <line num="819" count="0" type="stmt"/>
        <line num="821" count="0" type="cond" truecount="0" falsecount="1"/>
        <line num="822" count="0" type="stmt"/>
        <line num="823" count="0" type="stmt"/>
        <line num="825" count="0" type="cond" truecount="0" falsecount="1"/>
        <line num="826" count="0" type="stmt"/>
        <line num="827" count="0" type="stmt"/>
        <line num="830" count="0" type="stmt"/>
        <line num="831" count="0" type="stmt"/>
        <line num="833" count="0" type="stmt"/>
        <line num="856" count="0" type="cond" truecount="0" falsecount="2"/>
        <line num="861" count="0" type="stmt"/>
        <line num="862" count="0" type="stmt"/>
        <line num="863" count="0" type="stmt"/>
        <line num="877" count="0" type="cond" truecount="0" falsecount="1"/>
        <line num="878" count="0" type="stmt"/>
        <line num="881" count="0" type="stmt"/>
        <line num="898" count="0" type="cond" truecount="0" falsecount="4"/>
        <line num="899" count="0" type="stmt"/>
        <line num="900" count="0" type="stmt"/>
        <line num="902" count="0" type="stmt"/>
        <line num="920" count="0" type="stmt"/>
        <line num="939" count="0" type="stmt"/>
        <line num="945" count="5" type="stmt"/>
        <line num="952" count="5" type="cond" truecount="0" falsecount="1"/>
        <line num="953" count="5" type="cond" truecount="0" falsecount="1"/>
        <line num="954" count="0" type="stmt"/>
        <line num="958" count="5" type="stmt"/>
        <line num="964" count="5" type="cond" truecount="0" falsecount="1"/>
        <line num="965" count="0" type="stmt"/>
        <line num="969" count="5" type="stmt"/>
        <line num="971" count="5" type="cond" truecount="0" falsecount="1"/>
        <line num="972" count="0" type="stmt"/>
        <line num="975" count="5" type="stmt"/>
        <line num="976" count="7" type="cond" truecount="2" falsecount="0"/>
        <line num="979" count="5" type="stmt"/>
        <line num="980" count="7" type="stmt"/>
        <line num="984" count="5" type="cond" truecount="3" falsecount="0"/>
        <line num="985" count="1" type="stmt"/>
        <line num="988" count="4" type="stmt"/>
        <line num="989" count="4" type="stmt"/>
        <line num="990" count="4" type="stmt"/>
        <line num="992" count="4" type="stmt"/>
        <line num="1010" count="4" type="stmt"/>
        <line num="1013" count="4" type="stmt"/>
        <line num="1014" count="6" type="stmt"/>
        <line num="1032" count="6" type="stmt"/>
        <line num="1042" count="6" type="stmt"/>
        <line num="1046" count="91" type="cond" truecount="1" falsecount="0"/>
        <line num="1047" count="85" type="cond" truecount="1" falsecount="0"/>
        <line num="1048" count="79" type="cond" truecount="1" falsecount="0"/>
        <line num="1049" count="73" type="cond" truecount="1" falsecount="0"/>
        <line num="1050" count="67" type="cond" truecount="1" falsecount="0"/>
        <line num="1051" count="61" type="cond" truecount="1" falsecount="0"/>
        <line num="1052" count="55" type="cond" truecount="1" falsecount="0"/>
        <line num="1053" count="49" type="cond" truecount="1" falsecount="0"/>
        <line num="1054" count="43" type="stmt"/>
        <line num="1061" count="4" type="stmt"/>
        <line num="1066" count="4" type="stmt"/>
        <line num="1071" count="20" type="cond" truecount="2" falsecount="0"/>
        <line num="1072" count="20" type="cond" truecount="2" falsecount="0"/>
        <line num="1073" count="20" type="cond" truecount="1" falsecount="1"/>
        <line num="1076" count="20" type="cond" truecount="1" falsecount="0"/>
        <line num="1082" count="6" type="stmt"/>
        <line num="1085" count="14" type="stmt"/>
        <line num="1092" count="10" type="stmt"/>
        <line num="1096" count="10" type="cond" truecount="1" falsecount="1"/>
        <line num="1103" count="1" type="stmt"/>
        <line num="1115" count="2" type="stmt"/>
        <line num="1116" count="2" type="stmt"/>
        <line num="1117" count="2" type="cond" truecount="2" falsecount="0"/>
        <line num="1118" count="0" type="stmt"/>
        <line num="1129" count="1" type="stmt"/>
        <line num="1130" count="1" type="stmt"/>
        <line num="1131" count="1" type="stmt"/>
        <line num="1132" count="1" type="cond" truecount="2" falsecount="0"/>
        <line num="1134" count="1" type="cond" truecount="0" falsecount="1"/>
        <line num="1135" count="0" type="stmt"/>
        <line num="1138" count="1" type="stmt"/>
        <line num="1139" count="1" type="stmt"/>
        <line num="1146" count="1" type="cond" truecount="0" falsecount="1"/>
        <line num="1147" count="0" type="stmt"/>
        <line num="1150" count="1" type="stmt"/>
        <line num="1151" count="1" type="stmt"/>
        <line num="1162" count="1" type="stmt"/>
        <line num="1163" count="1" type="stmt"/>
        <line num="1164" count="1" type="cond" truecount="1" falsecount="1"/>
        <line num="1167" count="1" type="stmt"/>
        <line num="1168" count="2" type="cond" truecount="1" falsecount="1"/>
        <line num="1172" count="1" type="cond" truecount="0" falsecount="1"/>
        <line num="1173" count="0" type="stmt"/>
        <line num="1178" count="1" type="stmt"/>
        <line num="1184" count="1" type="cond" truecount="1" falsecount="1"/>
        <line num="1185" count="1" type="stmt"/>
        <line num="1186" count="2" type="cond" truecount="1" falsecount="1"/>
        <line num="1187" count="2" type="cond" truecount="1" falsecount="1"/>
        <line num="1188" count="2" type="cond" truecount="1" falsecount="1"/>
        <line num="1189" count="2" type="cond" truecount="1" falsecount="1"/>
        <line num="1190" count="2" type="cond" truecount="3" falsecount="1"/>
        <line num="1194" count="2" type="cond" truecount="0" falsecount="1"/>
        <line num="1195" count="0" type="stmt"/>
        <line num="1197" count="2" type="cond" truecount="0" falsecount="1"/>
        <line num="1198" count="0" type="stmt"/>
        <line num="1200" count="2" type="cond" truecount="0" falsecount="1"/>
        <line num="1201" count="0" type="stmt"/>
        <line num="1203" count="2" type="cond" truecount="1" falsecount="2"/>
        <line num="1204" count="0" type="stmt"/>
        <line num="1207" count="2" type="stmt"/>
        <line num="1208" count="2" type="stmt"/>
        <line num="1209" count="2" type="stmt"/>
        <line num="1212" count="2" type="stmt"/>
        <line num="1213" count="2" type="stmt"/>
        <line num="1218" count="2" type="cond" truecount="1" falsecount="1"/>
        <line num="1220" count="2" type="stmt"/>
        <line num="1222" count="2" type="stmt"/>
        <line num="1223" count="2" type="stmt"/>
        <line num="1224" count="2" type="cond" truecount="0" falsecount="1"/>
        <line num="1226" count="2" type="stmt"/>
        <line num="1227" count="2" type="stmt"/>
        <line num="1246" count="2" type="stmt"/>
        <line num="1267" count="2" type="stmt"/>
        <line num="1270" count="34" type="stmt"/>
        <line num="1279" count="2" type="stmt"/>
        <line num="1284" count="2" type="cond" truecount="0" falsecount="1"/>
        <line num="1285" count="2" type="cond" truecount="3" falsecount="1"/>
        <line num="1286" count="0" type="stmt"/>
        <line num="1289" count="2" type="stmt"/>
        <line num="1290" count="2" type="stmt"/>
        <line num="1291" count="2" type="stmt"/>
        <line num="1292" count="2" type="stmt"/>
        <line num="1293" count="2" type="stmt"/>
        <line num="1296" count="2" type="stmt"/>
        <line num="1303" count="2" type="stmt"/>
        <line num="1304" count="3" type="cond" truecount="2" falsecount="0"/>
        <line num="1305" count="2" type="cond" truecount="2" falsecount="0"/>
        <line num="1307" count="3" type="cond" truecount="1" falsecount="0"/>
        <line num="1308" count="2" type="stmt"/>
        <line num="1309" count="2" type="stmt"/>
        <line num="1310" count="2" type="cond" truecount="2" falsecount="0"/>
        <line num="1311" count="1" type="stmt"/>
        <line num="1313" count="1" type="stmt"/>
        <line num="1315" count="2" type="stmt"/>
        <line num="1317" count="1" type="stmt"/>
        <line num="1320" count="2" type="stmt"/>
        <line num="1321" count="1" type="cond" truecount="1" falsecount="2"/>
        <line num="1322" count="0" type="stmt"/>
        <line num="1324" count="1" type="cond" truecount="0" falsecount="1"/>
        <line num="1325" count="0" type="stmt"/>
        <line num="1329" count="1" type="stmt"/>
        <line num="1334" count="1" type="cond" truecount="0" falsecount="1"/>
        <line num="1335" count="0" type="stmt"/>
        <line num="1337" count="1" type="cond" truecount="1" falsecount="1"/>
        <line num="1338" count="1" type="cond" truecount="1" falsecount="1"/>
        <line num="1339" count="1" type="cond" truecount="1" falsecount="1"/>
        <line num="1340" count="1" type="cond" truecount="1" falsecount="1"/>
        <line num="1341" count="1" type="cond" truecount="3" falsecount="1"/>
        <line num="1344" count="1" type="cond" truecount="0" falsecount="1"/>
        <line num="1345" count="0" type="stmt"/>
        <line num="1349" count="1" type="cond" truecount="0" falsecount="1"/>
        <line num="1350" count="0" type="stmt"/>
        <line num="1354" count="1" type="cond" truecount="1" falsecount="2"/>
        <line num="1355" count="0" type="stmt"/>
        <line num="1358" count="1" type="stmt"/>
        <line num="1391" count="2" type="stmt"/>
        <line num="1392" count="1" type="stmt"/>
        <line num="1408" count="3" type="stmt"/>
        <line num="1413" count="3" type="cond" truecount="0" falsecount="1"/>
        <line num="1416" count="3" type="stmt"/>
        <line num="1427" count="3" type="cond" truecount="0" falsecount="1"/>
        <line num="1428" count="0" type="stmt"/>
        <line num="1432" count="3" type="stmt"/>
        <line num="1433" count="5" type="cond" truecount="2" falsecount="0"/>
        <line num="1435" count="3" type="cond" truecount="0" falsecount="1"/>
        <line num="1436" count="0" type="stmt"/>
        <line num="1439" count="3" type="stmt"/>
        <line num="1440" count="3" type="stmt"/>
        <line num="1441" count="3" type="stmt"/>
        <line num="1444" count="3" type="stmt"/>
        <line num="1451" count="3" type="cond" truecount="3" falsecount="1"/>
        <line num="1452" count="0" type="stmt"/>
        <line num="1456" count="5" type="stmt"/>
        <line num="1457" count="3" type="stmt"/>
        <line num="1459" count="3" type="cond" truecount="2" falsecount="0"/>
        <line num="1460" count="2" type="stmt"/>
        <line num="1461" count="1" type="cond" truecount="1" falsecount="1"/>
        <line num="1462" count="0" type="stmt"/>
        <line num="1464" count="1" type="stmt"/>
        <line num="1468" count="3" type="stmt"/>
        <line num="1479" count="2" type="cond" truecount="1" falsecount="0"/>
        <line num="1480" count="2" type="stmt"/>
        <line num="1489" count="2" type="stmt"/>
        <line num="1490" count="4" type="cond" truecount="1" falsecount="1"/>
        <line num="1493" count="2" type="cond" truecount="3" falsecount="0"/>
        <line num="1494" count="2" type="stmt"/>
        <line num="1498" count="2" type="stmt"/>
        <line num="1500" count="4" type="cond" truecount="3" falsecount="1"/>
        <line num="1503" count="2" type="cond" truecount="3" falsecount="0"/>
        <line num="1504" count="1" type="stmt"/>
        <line num="1508" count="1" type="stmt"/>
        <line num="1521" count="10" type="stmt"/>
        <line num="1526" count="10" type="cond" truecount="0" falsecount="1"/>
        <line num="1527" count="0" type="stmt"/>
        <line num="1529" count="10" type="cond" truecount="1" falsecount="0"/>
        <line num="1530" count="1" type="stmt"/>
        <line num="1535" count="9" type="stmt"/>
        <line num="1536" count="9" type="stmt"/>
        <line num="1537" count="9" type="stmt"/>
        <line num="1538" count="9" type="stmt"/>
        <line num="1539" count="9" type="cond" truecount="1" falsecount="1"/>
        <line num="1542" count="9" type="cond" truecount="2" falsecount="0"/>
        <line num="1547" count="9" type="stmt"/>
        <line num="1548" count="10" type="stmt"/>
        <line num="1549" count="10" type="cond" truecount="1" falsecount="1"/>
        <line num="1550" count="10" type="stmt"/>
        <line num="1554" count="9" type="stmt"/>
        <line num="1566" count="9" type="stmt"/>
        <line num="1578" count="9" type="stmt"/>
        <line num="1581" count="90" type="cond" truecount="2" falsecount="0"/>
        <line num="1584" count="9" type="stmt"/>
        <line num="1587" count="9" type="stmt"/>
        <line num="1594" count="9" type="stmt"/>
        <line num="1595" count="9" type="stmt"/>
        <line num="1596" count="9" type="stmt"/>
        <line num="1597" count="9" type="stmt"/>
        <line num="1598" count="9" type="stmt"/>
        <line num="1606" count="9" type="stmt"/>
        <line num="1608" count="9" type="stmt"/>
        <line num="1609" count="10" type="stmt"/>
        <line num="1610" count="10" type="cond" truecount="1" falsecount="1"/>
        <line num="1611" count="10" type="cond" truecount="4" falsecount="0"/>
        <line num="1612" count="10" type="cond" truecount="2" falsecount="0"/>
        <line num="1613" count="10" type="stmt"/>
        <line num="1614" count="10" type="cond" truecount="1" falsecount="1"/>
        <line num="1615" count="10" type="cond" truecount="3" falsecount="0"/>
        <line num="1616" count="10" type="cond" truecount="4" falsecount="0"/>
        <line num="1617" count="1" type="stmt"/>
        <line num="1619" count="9" type="cond" truecount="2" falsecount="0"/>
        <line num="1629" count="9" type="stmt"/>
        <line num="1631" count="9" type="cond" truecount="2" falsecount="1"/>
        <line num="1632" count="0" type="stmt"/>
        <line num="1636" count="9" type="cond" truecount="1" falsecount="0"/>
        <line num="1637" count="9" type="stmt"/>
        <line num="1649" count="9" type="stmt"/>
        <line num="1661" count="9" type="stmt"/>
        <line num="1664" count="82" type="stmt"/>
        <line num="1671" count="9" type="cond" truecount="1" falsecount="1"/>
        <line num="1672" count="9" type="stmt"/>
        <line num="1694" count="0" type="stmt"/>
        <line num="1695" count="0" type="stmt"/>
        <line num="1716" count="0" type="stmt"/>
        <line num="1737" count="0" type="stmt"/>
        <line num="1740" count="0" type="stmt"/>
        <line num="1744" count="9" type="stmt"/>
        <line num="1747" count="9" type="cond" truecount="1" falsecount="1"/>
        <line num="1748" count="9" type="stmt"/>
        <line num="1770" count="0" type="stmt"/>
        <line num="1791" count="9" type="stmt"/>
        <line num="1793" count="9" type="cond" truecount="3" falsecount="0"/>
        <line num="1794" count="1" type="stmt"/>
        <line num="1806" count="9" type="cond" truecount="1" falsecount="0"/>
        <line num="1807" count="9" type="stmt"/>
        <line num="1814" count="9" type="stmt"/>
        <line num="1828" count="9" type="cond" truecount="2" falsecount="0"/>
        <line num="1829" count="9" type="cond" truecount="3" falsecount="0"/>
        <line num="1830" count="1" type="stmt"/>
        <line num="1835" count="8" type="stmt"/>
        <line num="1836" count="1" type="stmt"/>
        <line num="1839" count="8" type="stmt"/>
        <line num="1846" count="8" type="stmt"/>
        <line num="1847" count="8" type="stmt"/>
        <line num="1848" count="8" type="stmt"/>
        <line num="1852" count="8" type="stmt"/>
        <line num="1864" count="1" type="stmt"/>
        <line num="1889" count="1" type="cond" truecount="0" falsecount="1"/>
        <line num="1891" count="1" type="cond" truecount="1" falsecount="1"/>
        <line num="1892" count="1" type="cond" truecount="1" falsecount="1"/>
        <line num="1893" count="1" type="stmt"/>
        <line num="1894" count="1" type="cond" truecount="1" falsecount="1"/>
        <line num="1900" count="1" type="stmt"/>
        <line num="1922" count="1" type="stmt"/>
        <line num="1926" count="1" type="stmt"/>
        <line num="1928" count="1" type="stmt"/>
        <line num="1930" count="1" type="stmt"/>
        <line num="1931" count="1" type="cond" truecount="1" falsecount="1"/>
        <line num="1934" count="1" type="stmt"/>
        <line num="1953" count="1" type="stmt"/>
        <line num="1955" count="1" type="stmt"/>
        <line num="1956" count="1" type="cond" truecount="1" falsecount="1"/>
        <line num="1958" count="1" type="stmt"/>
        <line num="1993" count="0" type="cond" truecount="0" falsecount="1"/>
        <line num="1994" count="0" type="stmt"/>
        <line num="2005" count="0" type="stmt"/>
        <line num="2015" count="0" type="stmt"/>
        <line num="2031" count="0" type="cond" truecount="0" falsecount="1"/>
        <line num="2033" count="0" type="stmt"/>
        <line num="2050" count="0" type="stmt"/>
        <line num="2051" count="0" type="cond" truecount="0" falsecount="2"/>
        <line num="2054" count="0" type="stmt"/>
      </file>
    </package>
    <package name="modules.inventory">
      <metrics statements="75" coveredstatements="31" conditionals="31" coveredconditionals="14" methods="9" coveredmethods="5"/>
      <file name="daily-snapshot.util.ts" path="/Users/kongwen/claude_wk/ai-software-company/services/api/src/modules/inventory/daily-snapshot.util.ts">
        <metrics statements="6" coveredstatements="4" conditionals="0" coveredconditionals="0" methods="2" coveredmethods="1"/>
        <line num="5" count="2" type="stmt"/>
        <line num="10" count="9" type="stmt"/>
        <line num="31" count="9" type="stmt"/>
        <line num="48" count="2" type="stmt"/>
        <line num="56" count="0" type="stmt"/>
        <line num="63" count="0" type="stmt"/>
      </file>
      <file name="warehouse-location.resolver.ts" path="/Users/kongwen/claude_wk/ai-software-company/services/api/src/modules/inventory/warehouse-location.resolver.ts">
        <metrics statements="69" coveredstatements="27" conditionals="31" coveredconditionals="14" methods="7" coveredmethods="4"/>
        <line num="2" count="2" type="stmt"/>
        <line num="3" count="2" type="stmt"/>
        <line num="4" count="2" type="stmt"/>
        <line num="27" count="2" type="stmt"/>
        <line num="28" count="2" type="stmt"/>
        <line num="29" count="2" type="stmt"/>
        <line num="30" count="2" type="stmt"/>
        <line num="33" count="9" type="cond" truecount="2" falsecount="0"/>
        <line num="34" count="9" type="cond" truecount="2" falsecount="1"/>
        <line num="35" count="9" type="stmt"/>
        <line num="39" count="9" type="stmt"/>
        <line num="40" count="9" type="cond" truecount="1" falsecount="0"/>
        <line num="41" count="0" type="cond" truecount="0" falsecount="1"/>
        <line num="42" count="0" type="stmt"/>
        <line num="44" count="0" type="stmt"/>
        <line num="52" count="18" type="stmt"/>
        <line num="60" count="18" type="cond" truecount="1" falsecount="0"/>
        <line num="61" count="18" type="stmt"/>
        <line num="64" count="0" type="stmt"/>
        <line num="65" count="0" type="stmt"/>
        <line num="66" count="0" type="stmt"/>
        <line num="67" count="0" type="stmt"/>
        <line num="68" count="0" type="stmt"/>
        <line num="69" count="0" type="cond" truecount="0" falsecount="2"/>
        <line num="71" count="0" type="stmt"/>
        <line num="75" count="2" type="stmt"/>
        <line num="79" count="0" type="stmt"/>
        <line num="89" count="0" type="stmt"/>
        <line num="96" count="0" type="cond" truecount="0" falsecount="1"/>
        <line num="97" count="0" type="stmt"/>
        <line num="100" count="0" type="stmt"/>
        <line num="112" count="0" type="stmt"/>
        <line num="119" count="0" type="cond" truecount="0" falsecount="1"/>
        <line num="120" count="0" type="stmt"/>
        <line num="123" count="0" type="stmt"/>
        <line num="131" count="2" type="stmt"/>
        <line num="136" count="0" type="stmt"/>
        <line num="146" count="0" type="stmt"/>
        <line num="153" count="0" type="cond" truecount="0" falsecount="1"/>
        <line num="154" count="0" type="stmt"/>
        <line num="157" count="0" type="stmt"/>
        <line num="178" count="0" type="stmt"/>
        <line num="185" count="0" type="cond" truecount="0" falsecount="1"/>
        <line num="186" count="0" type="stmt"/>
        <line num="189" count="0" type="stmt"/>
        <line num="197" count="2" type="stmt"/>
        <line num="207" count="9" type="stmt"/>
        <line num="209" count="9" type="cond" truecount="1" falsecount="1"/>
        <line num="210" count="9" type="cond" truecount="1" falsecount="1"/>
        <line num="212" count="9" type="cond" truecount="1" falsecount="2"/>
        <line num="213" count="0" type="stmt"/>
        <line num="237" count="0" type="cond" truecount="0" falsecount="1"/>
        <line num="238" count="0" type="stmt"/>
        <line num="239" count="0" type="stmt"/>
        <line num="242" count="0" type="stmt"/>
        <line num="251" count="9" type="stmt"/>
        <line num="253" count="9" type="cond" truecount="0" falsecount="1"/>
        <line num="254" count="0" type="cond" truecount="0" falsecount="1"/>
        <line num="255" count="0" type="stmt"/>
        <line num="257" count="0" type="cond" truecount="0" falsecount="1"/>
        <line num="258" count="0" type="stmt"/>
        <line num="262" count="9" type="cond" truecount="1" falsecount="0"/>
        <line num="263" count="9" type="stmt"/>
        <line num="264" count="9" type="stmt"/>
        <line num="273" count="0" type="stmt"/>
        <line num="274" count="0" type="stmt"/>
        <line num="276" count="0" type="stmt"/>
        <line num="289" count="0" type="stmt"/>
        <line num="291" count="0" type="stmt"/>
      </file>
    </package>
    <package name="modules.mrp">
      <metrics statements="171" coveredstatements="8" conditionals="100" coveredconditionals="0" methods="12" coveredmethods="1"/>
      <file name="mrp.service.ts" path="/Users/kongwen/claude_wk/ai-software-company/services/api/src/modules/mrp/mrp.service.ts">
        <metrics statements="171" coveredstatements="8" conditionals="100" coveredconditionals="0" methods="12" coveredmethods="1"/>
        <line num="1" count="1" type="stmt"/>
        <line num="2" count="1" type="stmt"/>
        <line num="4" count="1" type="stmt"/>
        <line num="5" count="1" type="stmt"/>
        <line num="6" count="1" type="stmt"/>
        <line num="107" count="1" type="stmt"/>
        <line num="112" count="8" type="stmt"/>
        <line num="113" count="8" type="stmt"/>
        <line num="127" count="0" type="stmt"/>
        <line num="132" count="0" type="stmt"/>
        <line num="138" count="0" type="cond" truecount="0" falsecount="1"/>
        <line num="141" count="0" type="stmt"/>
        <line num="149" count="0" type="cond" truecount="0" falsecount="1"/>
        <line num="150" count="0" type="stmt"/>
        <line num="153" count="0" type="stmt"/>
        <line num="154" count="0" type="stmt"/>
        <line num="155" count="0" type="stmt"/>
        <line num="157" count="0" type="stmt"/>
        <line num="159" count="0" type="stmt"/>
        <line num="169" count="0" type="cond" truecount="0" falsecount="2"/>
        <line num="170" count="0" type="cond" truecount="0" falsecount="2"/>
        <line num="171" count="0" type="cond" truecount="0" falsecount="2"/>
        <line num="172" count="0" type="stmt"/>
        <line num="174" count="0" type="stmt"/>
        <line num="175" count="0" type="stmt"/>
        <line num="179" count="0" type="stmt"/>
        <line num="182" count="0" type="stmt"/>
        <line num="186" count="0" type="stmt"/>
        <line num="192" count="0" type="cond" truecount="0" falsecount="2"/>
        <line num="193" count="0" type="stmt"/>
        <line num="194" count="0" type="cond" truecount="0" falsecount="2"/>
        <line num="195" count="0" type="stmt"/>
        <line num="196" count="0" type="stmt"/>
        <line num="198" count="0" type="stmt"/>
        <line num="199" count="0" type="stmt"/>
        <line num="203" count="0" type="stmt"/>
        <line num="217" count="0" type="stmt"/>
        <line num="224" count="0" type="stmt"/>
        <line num="230" count="0" type="stmt"/>
        <line num="249" count="0" type="cond" truecount="0" falsecount="4"/>
        <line num="250" count="0" type="stmt"/>
        <line num="251" count="0" type="cond" truecount="0" falsecount="4"/>
        <line num="252" count="0" type="stmt"/>
        <line num="254" count="0" type="stmt"/>
        <line num="258" count="0" type="stmt"/>
        <line num="265" count="0" type="stmt"/>
        <line num="268" count="0" type="cond" truecount="0" falsecount="1"/>
        <line num="269" count="0" type="stmt"/>
        <line num="271" count="0" type="stmt"/>
        <line num="279" count="0" type="stmt"/>
        <line num="285" count="0" type="cond" truecount="0" falsecount="1"/>
        <line num="288" count="0" type="stmt"/>
        <line num="290" count="0" type="stmt"/>
        <line num="312" count="0" type="cond" truecount="0" falsecount="2"/>
        <line num="313" count="0" type="cond" truecount="0" falsecount="2"/>
        <line num="314" count="0" type="stmt"/>
        <line num="316" count="0" type="stmt"/>
        <line num="321" count="0" type="stmt"/>
        <line num="323" count="0" type="cond" truecount="0" falsecount="1"/>
        <line num="324" count="0" type="stmt"/>
        <line num="325" count="0" type="stmt"/>
        <line num="327" count="0" type="cond" truecount="0" falsecount="4"/>
        <line num="328" count="0" type="stmt"/>
        <line num="332" count="0" type="stmt"/>
        <line num="334" count="0" type="cond" truecount="0" falsecount="1"/>
        <line num="335" count="0" type="stmt"/>
        <line num="336" count="0" type="stmt"/>
        <line num="338" count="0" type="cond" truecount="0" falsecount="1"/>
        <line num="339" count="0" type="stmt"/>
        <line num="340" count="0" type="stmt"/>
        <line num="342" count="0" type="cond" truecount="0" falsecount="1"/>
        <line num="343" count="0" type="stmt"/>
        <line num="359" count="0" type="stmt"/>
        <line num="360" count="0" type="stmt"/>
        <line num="363" count="0" type="stmt"/>
        <line num="365" count="0" type="stmt"/>
        <line num="394" count="0" type="stmt"/>
        <line num="403" count="0" type="stmt"/>
        <line num="405" count="0" type="stmt"/>
        <line num="406" count="0" type="stmt"/>
        <line num="408" count="0" type="cond" truecount="0" falsecount="1"/>
        <line num="409" count="0" type="stmt"/>
        <line num="410" count="0" type="stmt"/>
        <line num="412" count="0" type="cond" truecount="0" falsecount="1"/>
        <line num="413" count="0" type="stmt"/>
        <line num="414" count="0" type="stmt"/>
        <line num="417" count="0" type="stmt"/>
        <line num="443" count="0" type="cond" truecount="0" falsecount="2"/>
        <line num="444" count="0" type="cond" truecount="0" falsecount="2"/>
        <line num="445" count="0" type="cond" truecount="0" falsecount="2"/>
        <line num="446" count="0" type="stmt"/>
        <line num="448" count="0" type="cond" truecount="0" falsecount="2"/>
        <line num="452" count="0" type="stmt"/>
        <line num="467" count="0" type="cond" truecount="0" falsecount="2"/>
        <line num="480" count="0" type="stmt"/>
        <line num="483" count="0" type="cond" truecount="0" falsecount="1"/>
        <line num="484" count="0" type="stmt"/>
        <line num="485" count="0" type="stmt"/>
        <line num="486" count="0" type="stmt"/>
        <line num="490" count="0" type="stmt"/>
        <line num="492" count="0" type="stmt"/>
        <line num="498" count="0" type="stmt"/>
        <line num="500" count="0" type="cond" truecount="0" falsecount="1"/>
        <line num="501" count="0" type="stmt"/>
        <line num="502" count="0" type="stmt"/>
        <line num="505" count="0" type="stmt"/>
        <line num="508" count="0" type="stmt"/>
        <line num="529" count="0" type="cond" truecount="0" falsecount="1"/>
        <line num="530" count="0" type="stmt"/>
        <line num="533" count="0" type="stmt"/>
        <line num="534" count="0" type="stmt"/>
        <line num="535" count="0" type="stmt"/>
        <line num="536" count="0" type="stmt"/>
        <line num="538" count="0" type="stmt"/>
        <line num="539" count="0" type="stmt"/>
        <line num="540" count="0" type="cond" truecount="0" falsecount="1"/>
        <line num="541" count="0" type="stmt"/>
        <line num="542" count="0" type="stmt"/>
        <line num="546" count="0" type="stmt"/>
        <line num="561" count="0" type="cond" truecount="0" falsecount="1"/>
        <line num="563" count="0" type="stmt"/>
        <line num="564" count="0" type="stmt"/>
        <line num="566" count="0" type="cond" truecount="0" falsecount="2"/>
        <line num="568" count="0" type="stmt"/>
        <line num="569" count="0" type="stmt"/>
        <line num="570" count="0" type="cond" truecount="0" falsecount="2"/>
        <line num="574" count="0" type="cond" truecount="0" falsecount="1"/>
        <line num="575" count="0" type="stmt"/>
        <line num="588" count="0" type="cond" truecount="0" falsecount="2"/>
        <line num="589" count="0" type="cond" truecount="0" falsecount="2"/>
        <line num="590" count="0" type="cond" truecount="0" falsecount="2"/>
        <line num="595" count="0" type="cond" truecount="0" falsecount="4"/>
        <line num="596" count="0" type="stmt"/>
        <line num="612" count="0" type="stmt"/>
        <line num="614" count="0" type="stmt"/>
        <line num="618" count="0" type="stmt"/>
        <line num="625" count="0" type="cond" truecount="0" falsecount="1"/>
        <line num="626" count="0" type="stmt"/>
        <line num="628" count="0" type="stmt"/>
        <line num="632" count="0" type="stmt"/>
        <line num="645" count="0" type="cond" truecount="0" falsecount="2"/>
        <line num="646" count="0" type="cond" truecount="0" falsecount="2"/>
        <line num="647" count="0" type="cond" truecount="0" falsecount="2"/>
        <line num="650" count="0" type="stmt"/>
        <line num="653" count="0" type="stmt"/>
        <line num="659" count="0" type="stmt"/>
        <line num="661" count="0" type="stmt"/>
        <line num="688" count="0" type="stmt"/>
        <line num="689" count="0" type="stmt"/>
        <line num="690" count="0" type="stmt"/>
        <line num="693" count="0" type="stmt"/>
        <line num="701" count="0" type="stmt"/>
        <line num="704" count="0" type="cond" truecount="0" falsecount="1"/>
        <line num="705" count="0" type="stmt"/>
        <line num="707" count="0" type="stmt"/>
        <line num="718" count="0" type="stmt"/>
        <line num="720" count="0" type="stmt"/>
        <line num="729" count="0" type="cond" truecount="0" falsecount="1"/>
        <line num="730" count="0" type="stmt"/>
        <line num="733" count="0" type="stmt"/>
        <line num="734" count="0" type="stmt"/>
        <line num="736" count="0" type="stmt"/>
        <line num="737" count="0" type="stmt"/>
        <line num="738" count="0" type="stmt"/>
        <line num="739" count="0" type="stmt"/>
        <line num="742" count="0" type="stmt"/>
        <line num="745" count="0" type="cond" truecount="0" falsecount="1"/>
        <line num="746" count="0" type="stmt"/>
        <line num="748" count="0" type="stmt"/>
        <line num="764" count="0" type="stmt"/>
        <line num="804" count="0" type="stmt"/>
      </file>
    </package>
    <package name="modules.production">
      <metrics statements="655" coveredstatements="233" conditionals="451" coveredconditionals="108" methods="119" coveredmethods="47"/>
      <file name="production-phase1.service.ts" path="/Users/kongwen/claude_wk/ai-software-company/services/api/src/modules/production/production-phase1.service.ts">
        <metrics statements="135" coveredstatements="110" conditionals="133" coveredconditionals="79" methods="22" coveredmethods="17"/>
        <line num="1" count="1" type="stmt"/>
        <line num="3" count="1" type="stmt"/>
        <line num="4" count="1" type="stmt"/>
        <line num="5" count="1" type="stmt"/>
        <line num="6" count="1" type="stmt"/>
        <line num="71" count="1" type="stmt"/>
        <line num="76" count="6" type="stmt"/>
        <line num="77" count="6" type="stmt"/>
        <line num="86" count="6" type="stmt"/>
        <line num="87" count="6" type="stmt"/>
        <line num="95" count="6" type="cond" truecount="0" falsecount="1"/>
        <line num="96" count="0" type="stmt"/>
        <line num="99" count="6" type="cond" truecount="3" falsecount="0"/>
        <line num="100" count="1" type="stmt"/>
        <line num="103" count="5" type="cond" truecount="0" falsecount="1"/>
        <line num="104" count="0" type="stmt"/>
        <line num="107" count="5" type="cond" truecount="1" falsecount="2"/>
        <line num="108" count="0" type="stmt"/>
        <line num="111" count="5" type="stmt"/>
        <line num="112" count="5" type="cond" truecount="4" falsecount="0"/>
        <line num="113" count="2" type="cond" truecount="1" falsecount="0"/>
        <line num="114" count="1" type="stmt"/>
        <line num="116" count="1" type="stmt"/>
        <line num="117" count="1" type="stmt"/>
        <line num="125" count="3" type="stmt"/>
        <line num="131" count="3" type="cond" truecount="0" falsecount="1"/>
        <line num="132" count="0" type="stmt"/>
        <line num="134" count="3" type="stmt"/>
        <line num="144" count="3" type="stmt"/>
        <line num="145" count="3" type="stmt"/>
        <line num="147" count="3" type="stmt"/>
        <line num="148" count="7" type="cond" truecount="3" falsecount="0"/>
        <line num="149" count="4" type="cond" truecount="0" falsecount="1"/>
        <line num="151" count="4" type="cond" truecount="2" falsecount="0"/>
        <line num="152" count="4" type="stmt"/>
        <line num="162" count="4" type="stmt"/>
        <line num="163" count="4" type="stmt"/>
        <line num="166" count="3" type="stmt"/>
        <line num="167" count="3" type="stmt"/>
        <line num="168" count="0" type="stmt"/>
        <line num="180" count="3" type="stmt"/>
        <line num="181" count="3" type="stmt"/>
        <line num="182" count="7" type="cond" truecount="4" falsecount="0"/>
        <line num="185" count="7" type="cond" truecount="2" falsecount="0"/>
        <line num="186" count="7" type="stmt"/>
        <line num="203" count="7" type="stmt"/>
        <line num="205" count="7" type="cond" truecount="1" falsecount="0"/>
        <line num="206" count="4" type="stmt"/>
        <line num="214" count="7" type="stmt"/>
        <line num="217" count="3" type="stmt"/>
        <line num="223" count="3" type="stmt"/>
        <line num="230" count="3" type="stmt"/>
        <line num="232" count="3" type="stmt"/>
        <line num="242" count="0" type="stmt"/>
        <line num="243" count="0" type="stmt"/>
        <line num="262" count="0" type="stmt"/>
        <line num="263" count="0" type="stmt"/>
        <line num="286" count="0" type="stmt"/>
        <line num="290" count="0" type="cond" truecount="0" falsecount="1"/>
        <line num="291" count="0" type="stmt"/>
        <line num="299" count="5" type="stmt"/>
        <line num="314" count="5" type="stmt"/>
        <line num="322" count="2" type="cond" truecount="3" falsecount="0"/>
        <line num="337" count="7" type="stmt"/>
        <line num="357" count="7" type="stmt"/>
        <line num="358" count="7" type="stmt"/>
        <line num="365" count="7" type="stmt"/>
        <line num="374" count="3" type="cond" truecount="1" falsecount="0"/>
        <line num="375" count="2" type="stmt"/>
        <line num="376" count="2" type="stmt"/>
        <line num="378" count="0" type="stmt"/>
        <line num="382" count="1" type="cond" truecount="3" falsecount="0"/>
        <line num="383" count="1" type="stmt"/>
        <line num="386" count="0" type="stmt"/>
        <line num="393" count="3" type="cond" truecount="0" falsecount="1"/>
        <line num="394" count="3" type="stmt"/>
        <line num="401" count="3" type="cond" truecount="1" falsecount="0"/>
        <line num="403" count="0" type="stmt"/>
        <line num="408" count="0" type="cond" truecount="0" falsecount="1"/>
        <line num="409" count="0" type="stmt"/>
        <line num="412" count="0" type="stmt"/>
        <line num="413" count="0" type="stmt"/>
        <line num="418" count="0" type="cond" truecount="0" falsecount="2"/>
        <line num="427" count="3" type="cond" truecount="0" falsecount="1"/>
        <line num="429" count="3" type="stmt"/>
        <line num="437" count="3" type="cond" truecount="0" falsecount="1"/>
        <line num="438" count="0" type="stmt"/>
        <line num="439" count="0" type="stmt"/>
        <line num="442" count="3" type="stmt"/>
        <line num="447" count="3" type="cond" truecount="2" falsecount="1"/>
        <line num="448" count="0" type="stmt"/>
        <line num="449" count="0" type="stmt"/>
        <line num="452" count="7" type="stmt"/>
        <line num="453" count="3" type="stmt"/>
        <line num="454" count="7" type="cond" truecount="1" falsecount="2"/>
        <line num="455" count="7" type="cond" truecount="3" falsecount="0"/>
        <line num="456" count="7" type="stmt"/>
        <line num="457" count="7" type="cond" truecount="1" falsecount="2"/>
        <line num="458" count="0" type="stmt"/>
        <line num="461" count="7" type="cond" truecount="1" falsecount="3"/>
        <line num="462" count="7" type="cond" truecount="4" falsecount="0"/>
        <line num="464" count="7" type="cond" truecount="1" falsecount="1"/>
        <line num="465" count="7" type="cond" truecount="2" falsecount="0"/>
        <line num="466" count="7" type="cond" truecount="4" falsecount="0"/>
        <line num="467" count="7" type="cond" truecount="3" falsecount="1"/>
        <line num="469" count="7" type="stmt"/>
        <line num="479" count="4" type="cond" truecount="3" falsecount="0"/>
        <line num="480" count="3" type="cond" truecount="1" falsecount="0"/>
        <line num="481" count="2" type="stmt"/>
        <line num="484" count="3" type="stmt"/>
        <line num="493" count="2" type="stmt"/>
        <line num="501" count="2" type="stmt"/>
        <line num="502" count="2" type="stmt"/>
        <line num="507" count="5" type="stmt"/>
        <line num="517" count="2" type="stmt"/>
        <line num="529" count="4" type="stmt"/>
        <line num="562" count="4" type="stmt"/>
        <line num="563" count="1" type="cond" truecount="1" falsecount="1"/>
        <line num="564" count="1" type="cond" truecount="2" falsecount="1"/>
        <line num="566" count="1" type="stmt"/>
        <line num="575" count="1" type="cond" truecount="0" falsecount="1"/>
        <line num="577" count="1" type="stmt"/>
        <line num="578" count="1" type="stmt"/>
        <line num="579" count="1" type="cond" truecount="1" falsecount="2"/>
        <line num="580" count="1" type="cond" truecount="1" falsecount="1"/>
        <line num="583" count="1" type="stmt"/>
        <line num="584" count="1" type="cond" truecount="1" falsecount="1"/>
        <line num="585" count="1" type="cond" truecount="2" falsecount="4"/>
        <line num="586" count="1" type="stmt"/>
        <line num="588" count="1" type="stmt"/>
        <line num="621" count="1" type="stmt"/>
        <line num="637" count="1" type="cond" truecount="1" falsecount="1"/>
        <line num="645" count="1" type="cond" truecount="0" falsecount="1"/>
        <line num="646" count="1" type="stmt"/>
        <line num="657" count="1" type="cond" truecount="1" falsecount="1"/>
      </file>
      <file name="scheduler.service.ts" path="/Users/kongwen/claude_wk/ai-software-company/services/api/src/modules/production/scheduler.service.ts">
        <metrics statements="458" coveredstatements="118" conditionals="288" coveredconditionals="29" methods="87" coveredmethods="30"/>
        <line num="1" count="1" type="stmt"/>
        <line num="2" count="1" type="stmt"/>
        <line num="4" count="1" type="stmt"/>
        <line num="5" count="1" type="stmt"/>
        <line num="6" count="1" type="stmt"/>
        <line num="7" count="1" type="stmt"/>
        <line num="8" count="1" type="stmt"/>
        <line num="9" count="1" type="stmt"/>
        <line num="10" count="1" type="stmt"/>
        <line num="11" count="1" type="stmt"/>
        <line num="193" count="1" type="stmt"/>
        <line num="198" count="3" type="stmt"/>
        <line num="199" count="3" type="stmt"/>
        <line num="203" count="1" type="stmt"/>
        <line num="207" count="0" type="stmt"/>
        <line num="215" count="1" type="cond" truecount="1" falsecount="1"/>
        <line num="216" count="1" type="stmt"/>
        <line num="217" count="1" type="stmt"/>
        <line num="218" count="1" type="stmt"/>
        <line num="219" count="1" type="stmt"/>
        <line num="221" count="1" type="stmt"/>
        <line num="222" count="1" type="stmt"/>
        <line num="224" count="1" type="stmt"/>
        <line num="225" count="1" type="cond" truecount="0" falsecount="1"/>
        <line num="227" count="0" type="stmt"/>
        <line num="228" count="0" type="stmt"/>
        <line num="229" count="0" type="cond" truecount="0" falsecount="1"/>
        <line num="230" count="0" type="stmt"/>
        <line num="233" count="0" type="stmt"/>
        <line num="236" count="0" type="stmt"/>
        <line num="237" count="0" type="stmt"/>
        <line num="240" count="1" type="stmt"/>
        <line num="241" count="1" type="stmt"/>
        <line num="243" count="1" type="cond" truecount="3" falsecount="0"/>
        <line num="244" count="1" type="stmt"/>
        <line num="256" count="1" type="stmt"/>
        <line num="261" count="1" type="cond" truecount="0" falsecount="1"/>
        <line num="262" count="0" type="stmt"/>
        <line num="263" count="0" type="stmt"/>
        <line num="264" count="0" type="stmt"/>
        <line num="268" count="1" type="cond" truecount="0" falsecount="1"/>
        <line num="269" count="0" type="stmt"/>
        <line num="270" count="0" type="cond" truecount="0" falsecount="1"/>
        <line num="274" count="1" type="stmt"/>
        <line num="275" count="1" type="cond" truecount="0" falsecount="1"/>
        <line num="276" count="0" type="stmt"/>
        <line num="289" count="1" type="stmt"/>
        <line num="291" count="1" type="stmt"/>
        <line num="292" count="1" type="cond" truecount="0" falsecount="1"/>
        <line num="293" count="0" type="stmt"/>
        <line num="307" count="1" type="stmt"/>
        <line num="328" count="1" type="stmt"/>
        <line num="330" count="1" type="stmt"/>
        <line num="332" count="1" type="stmt"/>
        <line num="334" count="1" type="stmt"/>
        <line num="335" count="1" type="stmt"/>
        <line num="336" count="1" type="cond" truecount="1" falsecount="1"/>
        <line num="338" count="1" type="stmt"/>
        <line num="345" count="1" type="stmt"/>
        <line num="352" count="1" type="cond" truecount="1" falsecount="0"/>
        <line num="353" count="1" type="cond" truecount="1" falsecount="1"/>
        <line num="355" count="1" type="cond" truecount="1" falsecount="0"/>
        <line num="356" count="1" type="cond" truecount="1" falsecount="1"/>
        <line num="359" count="1" type="stmt"/>
        <line num="378" count="1" type="stmt"/>
        <line num="379" count="1" type="stmt"/>
        <line num="380" count="1" type="cond" truecount="1" falsecount="1"/>
        <line num="385" count="1" type="stmt"/>
        <line num="388" count="1" type="stmt"/>
        <line num="389" count="1" type="stmt"/>
        <line num="391" count="1" type="stmt"/>
        <line num="398" count="2" type="stmt"/>
        <line num="406" count="2" type="stmt"/>
        <line num="424" count="2" type="cond" truecount="1" falsecount="0"/>
        <line num="426" count="1" type="stmt"/>
        <line num="427" count="1" type="stmt"/>
        <line num="428" count="1" type="stmt"/>
        <line num="429" count="1" type="stmt"/>
        <line num="432" count="1" type="stmt"/>
        <line num="433" count="1" type="stmt"/>
        <line num="434" count="1" type="stmt"/>
        <line num="435" count="1" type="stmt"/>
        <line num="436" count="1" type="stmt"/>
        <line num="437" count="1" type="stmt"/>
        <line num="438" count="1" type="stmt"/>
        <line num="445" count="1" type="stmt"/>
        <line num="456" count="2" type="stmt"/>
        <line num="457" count="2" type="cond" truecount="1" falsecount="0"/>
        <line num="458" count="1" type="stmt"/>
        <line num="459" count="1" type="stmt"/>
        <line num="466" count="1" type="stmt"/>
        <line num="467" count="1" type="cond" truecount="3" falsecount="1"/>
        <line num="469" count="0" type="stmt"/>
        <line num="476" count="0" type="stmt"/>
        <line num="477" count="0" type="cond" truecount="0" falsecount="1"/>
        <line num="479" count="0" type="stmt"/>
        <line num="496" count="0" type="stmt"/>
        <line num="501" count="0" type="stmt"/>
        <line num="514" count="0" type="stmt"/>
        <line num="523" count="2" type="stmt"/>
        <line num="534" count="0" type="stmt"/>
        <line num="549" count="1" type="stmt"/>
        <line num="597" count="1" type="stmt"/>
        <line num="599" count="1" type="cond" truecount="2" falsecount="0"/>
        <line num="601" count="1" type="stmt"/>
        <line num="603" count="1" type="stmt"/>
        <line num="623" count="1" type="stmt"/>
        <line num="636" count="0" type="stmt"/>
        <line num="637" count="0" type="stmt"/>
        <line num="639" count="0" type="cond" truecount="0" falsecount="1"/>
        <line num="640" count="0" type="stmt"/>
        <line num="643" count="0" type="cond" truecount="0" falsecount="1"/>
        <line num="644" count="0" type="stmt"/>
        <line num="647" count="0" type="stmt"/>
        <line num="654" count="0" type="cond" truecount="0" falsecount="1"/>
        <line num="655" count="0" type="stmt"/>
        <line num="658" count="0" type="stmt"/>
        <line num="689" count="0" type="stmt"/>
        <line num="692" count="0" type="stmt"/>
        <line num="694" count="0" type="stmt"/>
        <line num="695" count="0" type="stmt"/>
        <line num="696" count="0" type="stmt"/>
        <line num="697" count="0" type="cond" truecount="0" falsecount="1"/>
        <line num="698" count="0" type="stmt"/>
        <line num="700" count="0" type="cond" truecount="0" falsecount="3"/>
        <line num="701" count="0" type="stmt"/>
        <line num="704" count="0" type="stmt"/>
        <line num="705" count="0" type="stmt"/>
        <line num="706" count="0" type="stmt"/>
        <line num="708" count="0" type="stmt"/>
        <line num="709" count="0" type="stmt"/>
        <line num="710" count="0" type="cond" truecount="0" falsecount="1"/>
        <line num="711" count="0" type="stmt"/>
        <line num="714" count="0" type="stmt"/>
        <line num="723" count="0" type="stmt"/>
        <line num="743" count="0" type="stmt"/>
        <line num="753" count="0" type="stmt"/>
        <line num="757" count="0" type="stmt"/>
        <line num="776" count="0" type="stmt"/>
        <line num="779" count="0" type="stmt"/>
        <line num="781" count="0" type="stmt"/>
        <line num="782" count="0" type="stmt"/>
        <line num="783" count="0" type="stmt"/>
        <line num="784" count="0" type="cond" truecount="0" falsecount="1"/>
        <line num="785" count="0" type="stmt"/>
        <line num="787" count="0" type="cond" truecount="0" falsecount="3"/>
        <line num="788" count="0" type="stmt"/>
        <line num="791" count="0" type="stmt"/>
        <line num="792" count="0" type="stmt"/>
        <line num="793" count="0" type="stmt"/>
        <line num="794" count="0" type="stmt"/>
        <line num="796" count="0" type="stmt"/>
        <line num="797" count="0" type="stmt"/>
        <line num="798" count="0" type="stmt"/>
        <line num="799" count="0" type="cond" truecount="0" falsecount="1"/>
        <line num="800" count="0" type="stmt"/>
        <line num="803" count="0" type="cond" truecount="0" falsecount="4"/>
        <line num="804" count="0" type="stmt"/>
        <line num="805" count="0" type="cond" truecount="0" falsecount="1"/>
        <line num="806" count="0" type="stmt"/>
        <line num="809" count="0" type="stmt"/>
        <line num="818" count="0" type="stmt"/>
        <line num="838" count="0" type="stmt"/>
        <line num="848" count="0" type="stmt"/>
        <line num="852" count="0" type="stmt"/>
        <line num="867" count="0" type="stmt"/>
        <line num="870" count="0" type="stmt"/>
        <line num="871" count="0" type="stmt"/>
        <line num="872" count="0" type="stmt"/>
        <line num="873" count="0" type="stmt"/>
        <line num="875" count="0" type="cond" truecount="0" falsecount="1"/>
        <line num="876" count="0" type="stmt"/>
        <line num="879" count="0" type="cond" truecount="0" falsecount="1"/>
        <line num="880" count="0" type="stmt"/>
        <line num="883" count="0" type="cond" truecount="0" falsecount="1"/>
        <line num="884" count="0" type="stmt"/>
        <line num="888" count="0" type="stmt"/>
        <line num="896" count="0" type="cond" truecount="0" falsecount="2"/>
        <line num="897" count="0" type="stmt"/>
        <line num="898" count="0" type="stmt"/>
        <line num="905" count="0" type="cond" truecount="0" falsecount="3"/>
        <line num="906" count="0" type="stmt"/>
        <line num="907" count="0" type="stmt"/>
        <line num="910" count="0" type="stmt"/>
        <line num="912" count="0" type="stmt"/>
        <line num="918" count="0" type="stmt"/>
        <line num="932" count="0" type="cond" truecount="0" falsecount="1"/>
        <line num="933" count="0" type="stmt"/>
        <line num="943" count="0" type="stmt"/>
        <line num="944" count="0" type="stmt"/>
        <line num="945" count="0" type="stmt"/>
        <line num="953" count="0" type="stmt"/>
        <line num="955" count="0" type="stmt"/>
        <line num="958" count="0" type="stmt"/>
        <line num="968" count="0" type="stmt"/>
        <line num="969" count="0" type="stmt"/>
        <line num="973" count="0" type="stmt"/>
        <line num="981" count="0" type="cond" truecount="0" falsecount="1"/>
        <line num="983" count="0" type="stmt"/>
        <line num="991" count="0" type="stmt"/>
        <line num="1006" count="0" type="cond" truecount="0" falsecount="3"/>
        <line num="1007" count="0" type="stmt"/>
        <line num="1008" count="0" type="stmt"/>
        <line num="1009" count="0" type="cond" truecount="0" falsecount="2"/>
        <line num="1010" count="0" type="stmt"/>
        <line num="1017" count="0" type="stmt"/>
        <line num="1034" count="0" type="cond" truecount="0" falsecount="3"/>
        <line num="1035" count="0" type="stmt"/>
        <line num="1036" count="0" type="stmt"/>
        <line num="1037" count="0" type="stmt"/>
        <line num="1041" count="0" type="stmt"/>
        <line num="1044" count="0" type="stmt"/>
        <line num="1074" count="0" type="stmt"/>
        <line num="1097" count="0" type="stmt"/>
        <line num="1098" count="0" type="stmt"/>
        <line num="1100" count="0" type="stmt"/>
        <line num="1107" count="0" type="stmt"/>
        <line num="1113" count="0" type="stmt"/>
        <line num="1128" count="0" type="stmt"/>
        <line num="1129" count="0" type="stmt"/>
        <line num="1138" count="0" type="stmt"/>
        <line num="1146" count="0" type="cond" truecount="0" falsecount="3"/>
        <line num="1147" count="0" type="stmt"/>
        <line num="1156" count="0" type="stmt"/>
        <line num="1166" count="0" type="stmt"/>
        <line num="1173" count="0" type="stmt"/>
        <line num="1174" count="0" type="stmt"/>
        <line num="1175" count="0" type="stmt"/>
        <line num="1177" count="0" type="cond" truecount="0" falsecount="4"/>
        <line num="1178" count="0" type="stmt"/>
        <line num="1181" count="0" type="stmt"/>
        <line num="1185" count="0" type="cond" truecount="0" falsecount="1"/>
        <line num="1186" count="0" type="stmt"/>
        <line num="1187" count="0" type="stmt"/>
        <line num="1188" count="0" type="stmt"/>
        <line num="1190" count="0" type="stmt"/>
        <line num="1194" count="0" type="stmt"/>
        <line num="1202" count="0" type="cond" truecount="0" falsecount="3"/>
        <line num="1203" count="0" type="cond" truecount="0" falsecount="2"/>
        <line num="1204" count="0" type="stmt"/>
        <line num="1205" count="0" type="stmt"/>
        <line num="1214" count="0" type="cond" truecount="0" falsecount="2"/>
        <line num="1215" count="0" type="cond" truecount="0" falsecount="1"/>
        <line num="1216" count="0" type="stmt"/>
        <line num="1218" count="0" type="stmt"/>
        <line num="1236" count="0" type="stmt"/>
        <line num="1237" count="0" type="stmt"/>
        <line num="1249" count="0" type="stmt"/>
        <line num="1250" count="0" type="cond" truecount="0" falsecount="2"/>
        <line num="1251" count="0" type="cond" truecount="0" falsecount="2"/>
        <line num="1252" count="0" type="cond" truecount="0" falsecount="2"/>
        <line num="1253" count="0" type="stmt"/>
        <line num="1254" count="0" type="stmt"/>
        <line num="1255" count="0" type="stmt"/>
        <line num="1256" count="0" type="stmt"/>
        <line num="1258" count="0" type="stmt"/>
        <line num="1278" count="0" type="stmt"/>
        <line num="1314" count="0" type="stmt"/>
        <line num="1316" count="0" type="cond" truecount="0" falsecount="1"/>
        <line num="1317" count="0" type="stmt"/>
        <line num="1320" count="0" type="stmt"/>
        <line num="1343" count="0" type="cond" truecount="0" falsecount="1"/>
        <line num="1344" count="0" type="stmt"/>
        <line num="1355" count="0" type="cond" truecount="0" falsecount="1"/>
        <line num="1356" count="0" type="stmt"/>
        <line num="1360" count="0" type="cond" truecount="0" falsecount="2"/>
        <line num="1367" count="0" type="stmt"/>
        <line num="1374" count="0" type="stmt"/>
        <line num="1392" count="0" type="cond" truecount="0" falsecount="2"/>
        <line num="1402" count="0" type="stmt"/>
        <line num="1435" count="0" type="cond" truecount="0" falsecount="2"/>
        <line num="1436" count="0" type="cond" truecount="0" falsecount="1"/>
        <line num="1437" count="0" type="stmt"/>
        <line num="1440" count="0" type="stmt"/>
        <line num="1442" count="0" type="stmt"/>
        <line num="1443" count="0" type="cond" truecount="0" falsecount="2"/>
        <line num="1444" count="0" type="cond" truecount="0" falsecount="2"/>
        <line num="1445" count="0" type="stmt"/>
        <line num="1447" count="0" type="stmt"/>
        <line num="1471" count="0" type="stmt"/>
        <line num="1478" count="0" type="stmt"/>
        <line num="1482" count="0" type="cond" truecount="0" falsecount="2"/>
        <line num="1489" count="0" type="stmt"/>
        <line num="1509" count="0" type="stmt"/>
        <line num="1510" count="0" type="stmt"/>
        <line num="1521" count="0" type="stmt"/>
        <line num="1533" count="0" type="cond" truecount="0" falsecount="1"/>
        <line num="1534" count="0" type="stmt"/>
        <line num="1537" count="0" type="stmt"/>
        <line num="1550" count="0" type="stmt"/>
        <line num="1558" count="0" type="cond" truecount="0" falsecount="2"/>
        <line num="1580" count="0" type="stmt"/>
        <line num="1581" count="0" type="stmt"/>
        <line num="1613" count="0" type="stmt"/>
        <line num="1629" count="0" type="stmt"/>
        <line num="1662" count="0" type="stmt"/>
        <line num="1669" count="0" type="cond" truecount="0" falsecount="1"/>
        <line num="1670" count="0" type="stmt"/>
        <line num="1673" count="0" type="stmt"/>
        <line num="1674" count="0" type="cond" truecount="0" falsecount="2"/>
        <line num="1675" count="0" type="cond" truecount="0" falsecount="2"/>
        <line num="1676" count="0" type="cond" truecount="0" falsecount="2"/>
        <line num="1678" count="0" type="cond" truecount="0" falsecount="1"/>
        <line num="1679" count="0" type="stmt"/>
        <line num="1685" count="0" type="stmt"/>
        <line num="1712" count="0" type="stmt"/>
        <line num="1752" count="0" type="stmt"/>
        <line num="1753" count="0" type="cond" truecount="0" falsecount="3"/>
        <line num="1754" count="0" type="stmt"/>
        <line num="1757" count="0" type="stmt"/>
        <line num="1758" count="0" type="stmt"/>
        <line num="1767" count="0" type="stmt"/>
        <line num="1784" count="0" type="stmt"/>
        <line num="1801" count="0" type="stmt"/>
        <line num="1809" count="0" type="stmt"/>
        <line num="1819" count="0" type="stmt"/>
        <line num="1820" count="0" type="stmt"/>
        <line num="1822" count="0" type="stmt"/>
        <line num="1838" count="0" type="stmt"/>
        <line num="1839" count="0" type="stmt"/>
        <line num="1840" count="0" type="stmt"/>
        <line num="1841" count="0" type="cond" truecount="0" falsecount="2"/>
        <line num="1842" count="0" type="cond" truecount="0" falsecount="2"/>
        <line num="1843" count="0" type="stmt"/>
        <line num="1844" count="0" type="cond" truecount="0" falsecount="1"/>
        <line num="1845" count="0" type="cond" truecount="0" falsecount="2"/>
        <line num="1846" count="0" type="cond" truecount="0" falsecount="2"/>
        <line num="1849" count="0" type="cond" truecount="0" falsecount="1"/>
        <line num="1850" count="0" type="stmt"/>
        <line num="1853" count="0" type="stmt"/>
        <line num="1854" count="0" type="stmt"/>
        <line num="1855" count="0" type="stmt"/>
        <line num="1857" count="0" type="stmt"/>
        <line num="1858" count="0" type="stmt"/>
        <line num="1859" count="0" type="cond" truecount="0" falsecount="2"/>
        <line num="1860" count="0" type="stmt"/>
        <line num="1861" count="0" type="cond" truecount="0" falsecount="2"/>
        <line num="1862" count="0" type="stmt"/>
        <line num="1867" count="0" type="cond" truecount="0" falsecount="1"/>
        <line num="1868" count="0" type="cond" truecount="0" falsecount="1"/>
        <line num="1869" count="0" type="cond" truecount="0" falsecount="1"/>
        <line num="1870" count="0" type="stmt"/>
        <line num="1873" count="0" type="stmt"/>
        <line num="1874" count="0" type="cond" truecount="0" falsecount="1"/>
        <line num="1875" count="0" type="stmt"/>
        <line num="1880" count="0" type="stmt"/>
        <line num="1881" count="0" type="stmt"/>
        <line num="1882" count="0" type="cond" truecount="0" falsecount="1"/>
        <line num="1883" count="0" type="stmt"/>
        <line num="1884" count="0" type="cond" truecount="0" falsecount="1"/>
        <line num="1886" count="0" type="stmt"/>
[...]
        <line num="270" count="1" type="stmt"/>
        <line num="271" count="1" type="stmt"/>
        <line num="272" count="1" type="stmt"/>
        <line num="275" count="11" type="stmt"/>
        <line num="286" count="4" type="stmt"/>
        <line num="294" count="3" type="stmt"/>
        <line num="295" count="3" type="stmt"/>
        <line num="297" count="3" type="stmt"/>
        <line num="298" count="4" type="stmt"/>
        <line num="299" count="4" type="stmt"/>
        <line num="300" count="4" type="stmt"/>
        <line num="302" count="4" type="cond" truecount="1" falsecount="0"/>
        <line num="303" count="1" type="stmt"/>
        <line num="304" count="1" type="stmt"/>
        <line num="305" count="1" type="stmt"/>
        <line num="308" count="3" type="stmt"/>
        <line num="313" count="3" type="stmt"/>
        <line num="314" count="3" type="cond" truecount="2" falsecount="0"/>
        <line num="315" count="3" type="stmt"/>
        <line num="316" count="3" type="stmt"/>
        <line num="319" count="3" type="stmt"/>
        <line num="325" count="8" type="stmt"/>
        <line num="327" count="8" type="stmt"/>
        <line num="328" count="11" type="stmt"/>
        <line num="329" count="11" type="stmt"/>
        <line num="330" count="11" type="cond" truecount="1" falsecount="0"/>
        <line num="331" count="10" type="cond" truecount="2" falsecount="0"/>
        <line num="332" count="10" type="stmt"/>
        <line num="335" count="1" type="stmt"/>
        <line num="338" count="8" type="stmt"/>
        <line num="342" count="1" type="stmt"/>
        <line num="343" count="1" type="cond" truecount="1" falsecount="1"/>
        <line num="349" count="12" type="cond" truecount="1" falsecount="0"/>
        <line num="350" count="12" type="stmt"/>
        <line num="353" count="0" type="stmt"/>
        <line num="361" count="0" type="cond" truecount="0" falsecount="2"/>
        <line num="362" count="0" type="stmt"/>
        <line num="366" count="0" type="cond" truecount="0" falsecount="1"/>
        <line num="367" count="0" type="stmt"/>
        <line num="370" count="0" type="stmt"/>
        <line num="378" count="0" type="cond" truecount="0" falsecount="2"/>
        <line num="379" count="0" type="stmt"/>
        <line num="383" count="0" type="cond" truecount="0" falsecount="1"/>
        <line num="384" count="0" type="stmt"/>
        <line num="387" count="0" type="stmt"/>
        <line num="395" count="0" type="cond" truecount="0" falsecount="2"/>
        <line num="396" count="0" type="stmt"/>
        <line num="400" count="4" type="stmt"/>
        <line num="401" count="4" type="stmt"/>
        <line num="402" count="4" type="stmt"/>
        <line num="403" count="4" type="stmt"/>
        <line num="407" count="4" type="stmt"/>
        <line num="419" count="4" type="stmt"/>
        <line num="420" count="4" type="stmt"/>
        <line num="422" count="4" type="cond" truecount="1" falsecount="0"/>
        <line num="423" count="1" type="stmt"/>
        <line num="432" count="1" type="stmt"/>
        <line num="433" count="1" type="cond" truecount="1" falsecount="1"/>
        <line num="434" count="1" type="cond" truecount="4" falsecount="0"/>
        <line num="435" count="1" type="stmt"/>
        <line num="439" count="4" type="stmt"/>
        <line num="440" count="4" type="cond" truecount="2" falsecount="0"/>
        <line num="441" count="4" type="stmt"/>
        <line num="457" count="3" type="cond" truecount="1" falsecount="0"/>
        <line num="458" count="1" type="stmt"/>
        <line num="465" count="3" type="stmt"/>
        <line num="467" count="3" type="stmt"/>
        <line num="470" count="2" type="stmt"/>
        <line num="471" count="2" type="stmt"/>
        <line num="475" count="0" type="stmt"/>
        <line num="476" count="0" type="stmt"/>
        <line num="477" count="0" type="cond" truecount="0" falsecount="1"/>
        <line num="478" count="0" type="cond" truecount="0" falsecount="1"/>
        <line num="479" count="0" type="cond" truecount="0" falsecount="1"/>
        <line num="480" count="0" type="stmt"/>
        <line num="481" count="0" type="stmt"/>
        <line num="484" count="0" type="stmt"/>
        <line num="485" count="0" type="stmt"/>
        <line num="487" count="0" type="stmt"/>
        <line num="500" count="0" type="cond" truecount="0" falsecount="2"/>
        <line num="508" count="9" type="cond" truecount="1" falsecount="0"/>
        <line num="509" count="9" type="stmt"/>
        <line num="513" count="9" type="cond" truecount="0" falsecount="1"/>
        <line num="514" count="0" type="stmt"/>
        <line num="516" count="9" type="stmt"/>
        <line num="519" count="0" type="cond" truecount="0" falsecount="2"/>
        <line num="520" count="0" type="stmt"/>
        <line num="524" count="0" type="cond" truecount="0" falsecount="1"/>
        <line num="525" count="0" type="stmt"/>
        <line num="527" count="0" type="stmt"/>
        <line num="531" count="3" type="stmt"/>
        <line num="532" count="3" type="stmt"/>
        <line num="533" count="3" type="stmt"/>
        <line num="534" count="3" type="stmt"/>
        <line num="535" count="3" type="cond" truecount="1" falsecount="1"/>
        <line num="560" count="3" type="cond" truecount="0" falsecount="1"/>
        <line num="561" count="0" type="stmt"/>
        <line num="564" count="3" type="stmt"/>
        <line num="692" count="3" type="stmt"/>
        <line num="693" count="3" type="stmt"/>
        <line num="695" count="3" type="stmt"/>
        <line num="698" count="3" type="cond" truecount="1" falsecount="1"/>
        <line num="699" count="3" type="cond" truecount="1" falsecount="1"/>
        <line num="700" count="3" type="stmt"/>
        <line num="713" count="3" type="stmt"/>
        <line num="714" count="3" type="cond" truecount="0" falsecount="1"/>
        <line num="715" count="0" type="stmt"/>
        <line num="718" count="3" type="stmt"/>
        <line num="719" count="3" type="stmt"/>
        <line num="720" count="3" type="stmt"/>
        <line num="726" count="3" type="cond" truecount="0" falsecount="1"/>
        <line num="727" count="0" type="stmt"/>
        <line num="729" count="3" type="cond" truecount="0" falsecount="1"/>
        <line num="730" count="0" type="stmt"/>
        <line num="733" count="3" type="stmt"/>
        <line num="740" count="3" type="cond" truecount="1" falsecount="1"/>
        <line num="741" count="3" type="stmt"/>
        <line num="752" count="0" type="stmt"/>
        <line num="761" count="3" type="stmt"/>
        <line num="762" count="2" type="stmt"/>
        <line num="765" count="1" type="stmt"/>
        <line num="769" count="1" type="stmt"/>
        <line num="771" count="1" type="stmt"/>
        <line num="781" count="1" type="stmt"/>
        <line num="811" count="1" type="cond" truecount="1" falsecount="1"/>
        <line num="815" count="0" type="stmt"/>
        <line num="816" count="0" type="stmt"/>
        <line num="817" count="0" type="stmt"/>
        <line num="818" count="0" type="stmt"/>
        <line num="819" count="0" type="stmt"/>
        <line num="820" count="0" type="stmt"/>
        <line num="821" count="0" type="stmt"/>
        <line num="822" count="0" type="cond" truecount="0" falsecount="1"/>
        <line num="823" count="0" type="cond" truecount="0" falsecount="1"/>
        <line num="825" count="0" type="stmt"/>
        <line num="826" count="0" type="stmt"/>
        <line num="828" count="0" type="stmt"/>
        <line num="904" count="0" type="cond" truecount="0" falsecount="2"/>
        <line num="908" count="0" type="stmt"/>
        <line num="909" count="0" type="stmt"/>
        <line num="910" count="0" type="cond" truecount="0" falsecount="2"/>
        <line num="913" count="0" type="cond" truecount="0" falsecount="2"/>
        <line num="916" count="0" type="stmt"/>
        <line num="917" count="0" type="stmt"/>
        <line num="945" count="0" type="cond" truecount="0" falsecount="1"/>
        <line num="946" count="0" type="stmt"/>
        <line num="949" count="0" type="stmt"/>
        <line num="990" count="0" type="stmt"/>
        <line num="991" count="0" type="cond" truecount="0" falsecount="2"/>
        <line num="995" count="0" type="stmt"/>
        <line num="1003" count="0" type="stmt"/>
        <line num="1004" count="0" type="stmt"/>
        <line num="1005" count="0" type="stmt"/>
        <line num="1006" count="0" type="stmt"/>
        <line num="1007" count="0" type="stmt"/>
        <line num="1008" count="0" type="cond" truecount="0" falsecount="1"/>
        <line num="1009" count="0" type="cond" truecount="0" falsecount="1"/>
        <line num="1011" count="0" type="stmt"/>
        <line num="1012" count="0" type="stmt"/>
        <line num="1014" count="0" type="stmt"/>
        <line num="1070" count="0" type="cond" truecount="0" falsecount="2"/>
        <line num="1074" count="0" type="stmt"/>
        <line num="1075" count="0" type="stmt"/>
        <line num="1079" count="0" type="stmt"/>
        <line num="1080" count="0" type="stmt"/>
        <line num="1081" count="0" type="stmt"/>
        <line num="1125" count="0" type="cond" truecount="0" falsecount="1"/>
        <line num="1126" count="0" type="stmt"/>
        <line num="1129" count="0" type="stmt"/>
        <line num="1148" count="0" type="stmt"/>
        <line num="1155" count="0" type="stmt"/>
        <line num="1156" count="0" type="cond" truecount="0" falsecount="1"/>
        <line num="1157" count="0" type="stmt"/>
        <line num="1160" count="0" type="stmt"/>
        <line num="1162" count="0" type="stmt"/>
        <line num="1170" count="0" type="cond" truecount="0" falsecount="1"/>
        <line num="1171" count="0" type="stmt"/>
        <line num="1174" count="0" type="stmt"/>
        <line num="1175" count="0" type="cond" truecount="0" falsecount="1"/>
        <line num="1176" count="0" type="stmt"/>
        <line num="1179" count="0" type="stmt"/>
        <line num="1180" count="0" type="cond" truecount="0" falsecount="1"/>
        <line num="1181" count="0" type="stmt"/>
        <line num="1184" count="0" type="stmt"/>
        <line num="1193" count="9" type="stmt"/>
        <line num="1194" count="9" type="stmt"/>
        <line num="1195" count="9" type="cond" truecount="1" falsecount="0"/>
        <line num="1196" count="1" type="stmt"/>
        <line num="1201" count="8" type="stmt"/>
        <line num="1229" count="8" type="stmt"/>
        <line num="1230" count="8" type="stmt"/>
        <line num="1237" count="8" type="stmt"/>
        <line num="1238" count="1" type="cond" truecount="1" falsecount="1"/>
        <line num="1240" count="8" type="stmt"/>
        <line num="1241" count="8" type="stmt"/>
        <line num="1242" count="8" type="stmt"/>
        <line num="1243" count="8" type="stmt"/>
        <line num="1245" count="8" type="stmt"/>
        <line num="1246" count="8" type="stmt"/>
        <line num="1247" count="8" type="cond" truecount="1" falsecount="1"/>
        <line num="1248" count="8" type="cond" truecount="2" falsecount="0"/>
        <line num="1249" count="8" type="cond" truecount="1" falsecount="0"/>
        <line num="1250" count="7" type="stmt"/>
        <line num="1251" count="7" type="stmt"/>
        <line num="1255" count="8" type="cond" truecount="1" falsecount="0"/>
        <line num="1256" count="1" type="stmt"/>
        <line num="1259" count="7" type="stmt"/>
        <line num="1260" count="9" type="stmt"/>
        <line num="1261" count="9" type="stmt"/>
        <line num="1262" count="9" type="cond" truecount="0" falsecount="1"/>
        <line num="1263" count="0" type="stmt"/>
        <line num="1266" count="9" type="cond" truecount="2" falsecount="0"/>
        <line num="1267" count="9" type="stmt"/>
        <line num="1268" count="9" type="cond" truecount="3" falsecount="0"/>
        <line num="1269" count="1" type="stmt"/>
        <line num="1274" count="8" type="cond" truecount="1" falsecount="1"/>
        <line num="1275" count="8" type="cond" truecount="2" falsecount="0"/>
        <line num="1276" count="8" type="stmt"/>
        <line num="1277" count="8" type="cond" truecount="2" falsecount="0"/>
        <line num="1279" count="8" type="stmt"/>
        <line num="1281" count="8" type="cond" truecount="0" falsecount="1"/>
        <line num="1282" count="0" type="stmt"/>
        <line num="1287" count="8" type="cond" truecount="1" falsecount="0"/>
        <line num="1288" count="1" type="stmt"/>
        <line num="1294" count="5" type="stmt"/>
        <line num="1295" count="5" type="stmt"/>
        <line num="1296" count="5" type="stmt"/>
        <line num="1301" count="5" type="stmt"/>
        <line num="1310" count="5" type="stmt"/>
        <line num="1312" count="5" type="stmt"/>
        <line num="1313" count="6" type="stmt"/>
        <line num="1325" count="6" type="stmt"/>
        <line num="1337" count="6" type="stmt"/>
        <line num="1340" count="57" type="stmt"/>
        <line num="1345" count="5" type="stmt"/>
        <line num="1350" count="0" type="stmt"/>
        <line num="1351" count="0" type="stmt"/>
        <line num="1352" count="0" type="stmt"/>
        <line num="1356" count="6" type="cond" truecount="1" falsecount="0"/>
        <line num="1357" count="5" type="stmt"/>
        <line num="1360" count="1" type="stmt"/>
        <line num="1368" count="1" type="cond" truecount="1" falsecount="1"/>
        <line num="1369" count="1" type="stmt"/>
        <line num="1373" count="3" type="cond" truecount="1" falsecount="0"/>
        <line num="1374" count="3" type="stmt"/>
        <line num="1377" count="0" type="stmt"/>
        <line num="1385" count="0" type="stmt"/>
        <line num="1386" count="0" type="cond" truecount="0" falsecount="2"/>
        <line num="1389" count="0" type="stmt"/>
        <line num="1393" count="3" type="cond" truecount="1" falsecount="0"/>
        <line num="1394" count="3" type="stmt"/>
        <line num="1397" count="0" type="stmt"/>
        <line num="1404" count="0" type="cond" truecount="0" falsecount="2"/>
        <line num="1405" count="0" type="stmt"/>
      </file>
    </package>
    <package name="shared">
      <metrics statements="84" coveredstatements="48" conditionals="34" coveredconditionals="13" methods="18" coveredmethods="8"/>
      <file name="ApiResponse.ts" path="/Users/kongwen/claude_wk/ai-software-company/services/api/src/shared/ApiResponse.ts">
        <metrics statements="9" coveredstatements="5" conditionals="5" coveredconditionals="0" methods="4" coveredmethods="0"/>
        <line num="15" count="5" type="stmt"/>
        <line num="82" count="5" type="cond" truecount="0" falsecount="2"/>
        <line num="83" count="0" type="stmt"/>
        <line num="93" count="5" type="cond" truecount="0" falsecount="1"/>
        <line num="94" count="0" type="stmt"/>
        <line num="100" count="5" type="stmt"/>
        <line num="107" count="0" type="stmt"/>
        <line num="128" count="5" type="stmt"/>
        <line num="134" count="0" type="stmt"/>
      </file>
      <file name="AppError.ts" path="/Users/kongwen/claude_wk/ai-software-company/services/api/src/shared/AppError.ts">
        <metrics statements="13" coveredstatements="11" conditionals="9" coveredconditionals="3" methods="6" coveredmethods="4"/>
        <line num="1" count="5" type="stmt"/>
        <line num="7" count="5" type="stmt"/>
        <line num="18" count="13" type="stmt"/>
        <line num="19" count="13" type="stmt"/>
        <line num="20" count="13" type="stmt"/>
        <line num="21" count="13" type="stmt"/>
        <line num="22" count="13" type="stmt"/>
        <line num="24" count="13" type="stmt"/>
        <line num="28" count="1" type="stmt"/>
        <line num="32" count="0" type="stmt"/>
        <line num="36" count="0" type="stmt"/>
        <line num="40" count="5" type="stmt"/>
        <line num="44" count="7" type="stmt"/>
      </file>
      <file name="generateNo.ts" path="/Users/kongwen/claude_wk/ai-software-company/services/api/src/shared/generateNo.ts">
        <metrics statements="16" coveredstatements="3" conditionals="3" coveredconditionals="0" methods="1" coveredmethods="0"/>
        <line num="6" count="3" type="stmt"/>
        <line num="8" count="3" type="stmt"/>
        <line num="33" count="3" type="stmt"/>
        <line num="34" count="0" type="cond" truecount="0" falsecount="2"/>
        <line num="35" count="0" type="stmt"/>
        <line num="36" count="0" type="stmt"/>
        <line num="42" count="0" type="stmt"/>
        <line num="43" count="0" type="stmt"/>
        <line num="44" count="0" type="stmt"/>
        <line num="45" count="0" type="stmt"/>
        <line num="48" count="0" type="cond" truecount="0" falsecount="1"/>
        <line num="49" count="0" type="stmt"/>
        <line num="52" count="0" type="stmt"/>
        <line num="55" count="0" type="stmt"/>
        <line num="56" count="0" type="stmt"/>
        <line num="59" count="0" type="stmt"/>
      </file>
      <file name="unitConverter.ts" path="/Users/kongwen/claude_wk/ai-software-company/services/api/src/shared/unitConverter.ts">
        <metrics statements="46" coveredstatements="29" conditionals="17" coveredconditionals="10" methods="7" coveredmethods="4"/>
        <line num="1" count="1" type="stmt"/>
        <line num="2" count="1" type="stmt"/>
        <line num="3" count="1" type="stmt"/>
        <line num="23" count="1" type="stmt"/>
        <line num="24" count="32" type="cond" truecount="1" falsecount="1"/>
        <line num="25" count="32" type="cond" truecount="0" falsecount="1"/>
        <line num="27" count="32" type="stmt"/>
        <line num="28" count="32" type="cond" truecount="3" falsecount="0"/>
        <line num="29" count="2" type="stmt"/>
        <line num="31" count="30" type="cond" truecount="3" falsecount="0"/>
        <line num="32" count="2" type="stmt"/>
        <line num="34" count="28" type="cond" truecount="0" falsecount="1"/>
        <line num="35" count="0" type="stmt"/>
        <line num="37" count="28" type="stmt"/>
        <line num="45" count="1" type="stmt"/>
        <line num="46" count="1" type="stmt"/>
        <line num="47" count="1" type="stmt"/>
        <line num="49" count="1" type="cond" truecount="2" falsecount="0"/>
        <line num="61" count="1" type="stmt"/>
        <line num="71" count="8" type="stmt"/>
        <line num="72" count="8" type="stmt"/>
        <line num="75" count="8" type="cond" truecount="1" falsecount="0"/>
        <line num="76" count="7" type="stmt"/>
        <line num="77" count="7" type="stmt"/>
        <line num="85" count="1" type="stmt"/>
        <line num="87" count="1" type="cond" truecount="0" falsecount="1"/>
        <line num="89" count="0" type="stmt"/>
        <line num="90" count="0" type="cond" truecount="0" falsecount="1"/>
        <line num="91" count="0" type="stmt"/>
        <line num="92" count="0" type="stmt"/>
        <line num="93" count="0" type="stmt"/>
        <line num="94" count="0" type="stmt"/>
        <line num="100" count="0" type="stmt"/>
        <line num="107" count="1" type="stmt"/>
        <line num="108" count="1" type="stmt"/>
        <line num="109" count="1" type="stmt"/>
        <line num="111" count="1" type="stmt"/>
        <line num="127" count="0" type="cond" truecount="0" falsecount="1"/>
        <line num="128" count="0" type="stmt"/>
        <line num="132" count="0" type="stmt"/>
        <line num="133" count="0" type="cond" truecount="0" falsecount="1"/>
        <line num="134" count="0" type="stmt"/>
        <line num="140" count="0" type="stmt"/>
        <line num="141" count="0" type="stmt"/>
        <line num="153" count="0" type="stmt"/>
        <line num="160" count="0" type="stmt"/>
      </file>
    </package>
  </project>
</coverage>
