{"total": {"lines":{"total":2056,"covered":1011,"skipped":0,"pct":49.17},"statements":{"total":2214,"covered":1064,"skipped":0,"pct":48.05},"functions":{"total":345,"covered":195,"skipped":0,"pct":56.52},"branches":{"total":1441,"covered":503,"skipped":0,"pct":34.9},"branchesTrue":{"total":0,"covered":0,"skipped":0,"pct":100}}
,"/Users/kongwen/claude_wk/ai-software-company/services/api/src/modules/access-control/warehouse-data-scope.ts": {"lines":{"total":53,"covered":8,"skipped":0,"pct":15.09},"functions":{"total":12,"covered":2,"skipped":0,"pct":16.66},"statements":{"total":59,"covered":8,"skipped":0,"pct":13.55},"branches":{"total":35,"covered":4,"skipped":0,"pct":11.42}}
,"/Users/kongwen/claude_wk/ai-software-company/services/api/src/modules/incoming-inspection/incomingInspection.service.ts": {"lines":{"total":564,"covered":394,"skipped":0,"pct":69.85},"functions":{"total":91,"covered":73,"skipped":0,"pct":80.21},"statements":{"total":621,"covered":420,"skipped":0,"pct":67.63},"branches":{"total":568,"covered":262,"skipped":0,"pct":46.12}}
,"/Users/kongwen/claude_wk/ai-software-company/services/api/src/modules/inventory/daily-snapshot.util.ts": {"lines":{"total":6,"covered":4,"skipped":0,"pct":66.66},"functions":{"total":2,"covered":1,"skipped":0,"pct":50},"statements":{"total":6,"covered":4,"skipped":0,"pct":66.66},"branches":{"total":0,"covered":0,"skipped":0,"pct":100}}
,"/Users/kongwen/claude_wk/ai-software-company/services/api/src/modules/inventory/warehouse-location.resolver.ts": {"lines":{"total":69,"covered":27,"skipped":0,"pct":39.13},"functions":{"total":7,"covered":4,"skipped":0,"pct":57.14},"statements":{"total":71,"covered":28,"skipped":0,"pct":39.43},"branches":{"total":31,"covered":14,"skipped":0,"pct":45.16}}
,"/Users/kongwen/claude_wk/ai-software-company/services/api/src/modules/mrp/mrp.service.ts": {"lines":{"total":171,"covered":8,"skipped":0,"pct":4.67},"functions":{"total":12,"covered":1,"skipped":0,"pct":8.33},"statements":{"total":173,"covered":8,"skipped":0,"pct":4.62},"branches":{"total":100,"covered":0,"skipped":0,"pct":0}}
,"/Users/kongwen/claude_wk/ai-software-company/services/api/src/modules/production/production-phase1.service.ts": {"lines":{"total":135,"covered":110,"skipped":0,"pct":81.48},"functions":{"total":22,"covered":17,"skipped":0,"pct":77.27},"statements":{"total":145,"covered":114,"skipped":0,"pct":78.62},"branches":{"total":133,"covered":79,"skipped":0,"pct":59.39}}
,"/Users/kongwen/claude_wk/ai-software-company/services/api/src/modules/production/scheduler.service.ts": {"lines":{"total":458,"covered":118,"skipped":0,"pct":25.76},"functions":{"total":87,"covered":30,"skipped":0,"pct":34.48},"statements":{"total":495,"covered":131,"skipped":0,"pct":26.46},"branches":{"total":288,"covered":29,"skipped":0,"pct":10.06}}
,"/Users/kongwen/claude_wk/ai-software-company/services/api/src/modules/production/workflow-engine.service.ts": {"lines":{"total":62,"covered":5,"skipped":0,"pct":8.06},"functions":{"total":10,"covered":0,"skipped":0,"pct":0},"statements":{"total":71,"covered":5,"skipped":0,"pct":7.04},"branches":{"total":30,"covered":0,"skipped":0,"pct":0}}
,"/Users/kongwen/claude_wk/ai-software-company/services/api/src/modules/purchase/purchase-order-status.util.ts": {"lines":{"total":20,"covered":19,"skipped":0,"pct":95},"functions":{"total":1,"covered":1,"skipped":0,"pct":100},"statements":{"total":20,"covered":19,"skipped":0,"pct":95},"branches":{"total":19,"covered":13,"skipped":0,"pct":68.42}}
,"/Users/kongwen/claude_wk/ai-software-company/services/api/src/modules/purchase/purchase-suggestion.service.ts": {"lines":{"total":115,"covered":79,"skipped":0,"pct":68.69},"functions":{"total":27,"covered":20,"skipped":0,"pct":74.07},"statements":{"total":131,"covered":85,"skipped":0,"pct":64.88},"branches":{"total":29,"covered":8,"skipped":0,"pct":27.58}}
,"/Users/kongwen/claude_wk/ai-software-company/services/api/src/modules/purchase/purchase.service.ts": {"lines":{"total":319,"covered":191,"skipped":0,"pct":59.87},"functions":{"total":56,"covered":38,"skipped":0,"pct":67.85},"statements":{"total":337,"covered":194,"skipped":0,"pct":57.56},"branches":{"total":174,"covered":81,"skipped":0,"pct":46.55}}
,"/Users/kongwen/claude_wk/ai-software-company/services/api/src/shared/ApiResponse.ts": {"lines":{"total":9,"covered":5,"skipped":0,"pct":55.55},"functions":{"total":4,"covered":0,"skipped":0,"pct":0},"statements":{"total":9,"covered":5,"skipped":0,"pct":55.55},"branches":{"total":5,"covered":0,"skipped":0,"pct":0}}
,"/Users/kongwen/claude_wk/ai-software-company/services/api/src/shared/AppError.ts": {"lines":{"total":13,"covered":11,"skipped":0,"pct":84.61},"functions":{"total":6,"covered":4,"skipped":0,"pct":66.66},"statements":{"total":13,"covered":11,"skipped":0,"pct":84.61},"branches":{"total":9,"covered":3,"skipped":0,"pct":33.33}}
,"/Users/kongwen/claude_wk/ai-software-company/services/api/src/shared/generateNo.ts": {"lines":{"total":16,"covered":3,"skipped":0,"pct":18.75},"functions":{"total":1,"covered":0,"skipped":0,"pct":0},"statements":{"total":16,"covered":3,"skipped":0,"pct":18.75},"branches":{"total":3,"covered":0,"skipped":0,"pct":0}}
,"/Users/kongwen/claude_wk/ai-software-company/services/api/src/shared/unitConverter.ts": {"lines":{"total":46,"covered":29,"skipped":0,"pct":63.04},"functions":{"total":7,"covered":4,"skipped":0,"pct":57.14},"statements":{"total":47,"covered":29,"skipped":0,"pct":61.7},"branches":{"total":17,"covered":10,"skipped":0,"pct":58.82}}
}
