{"/Users/kongwen/claude_wk/ai-software-company/services/api/src/modules/access-control/warehouse-data-scope.ts": {"path":"/Users/kongwen/claude_wk/ai-software-company/services/api/src/modules/access-control/warehouse-data-scope.ts","statementMap":{"0":{"start":{"line":21,"column":0},"end":{"line":21,"column":7}},"1":{"start":{"line":98,"column":0},"end":{"line":98,"column":16}},"2":{"start":{"line":1,"column":0},"end":{"line":1,"column":54}},"3":{"start":{"line":2,"column":0},"end":{"line":2,"column":49}},"4":{"start":{"line":11,"column":2},"end":{"line":13,"column":3}},"5":{"start":{"line":12,"column":4},"end":{"line":12,"column":18}},"6":{"start":{"line":14,"column":2},"end":{"line":14,"column":41}},"7":{"start":{"line":14,"column":26},"end":{"line":14,"column":29}},"8":{"start":{"line":18,"column":2},"end":{"line":18,"column":115}},"9":{"start":{"line":18,"column":53},"end":{"line":18,"column":89}},"10":{"start":{"line":18,"column":108},"end":{"line":18,"column":113}},"11":{"start":{"line":25,"column":2},"end":{"line":27,"column":3}},"12":{"start":{"line":26,"column":4},"end":{"line":26,"column":45}},"13":{"start":{"line":29,"column":2},"end":{"line":31,"column":3}},"14":{"start":{"line":29,"column":42},"end":{"line":29,"column":67}},"15":{"start":{"line":30,"column":4},"end":{"line":30,"column":45}},"16":{"start":{"line":33,"column":26},"end":{"line":33,"column":105}},"17":{"start":{"line":33,"column":64},"end":{"line":33,"column":104}},"18":{"start":{"line":34,"column":2},"end":{"line":36,"column":3}},"19":{"start":{"line":35,"column":4},"end":{"line":35,"column":45}},"20":{"start":{"line":38,"column":23},"end":{"line":38,"column":40}},"21":{"start":{"line":39,"column":25},"end":{"line":39,"column":42}},"22":{"start":{"line":41,"column":2},"end":{"line":59,"column":5}},"23":{"start":{"line":42,"column":4},"end":{"line":58,"column":7}},"24":{"start":{"line":43,"column":6},"end":{"line":46,"column":7}},"25":{"start":{"line":44,"column":8},"end":{"line":44,"column":32}},"26":{"start":{"line":45,"column":8},"end":{"line":45,"column":15}},"27":{"start":{"line":48,"column":27},"end":{"line":48,"column":61}},"28":{"start":{"line":49,"column":6},"end":{"line":52,"column":7}},"29":{"start":{"line":50,"column":8},"end":{"line":50,"column":39}},"30":{"start":{"line":51,"column":8},"end":{"line":51,"column":15}},"31":{"start":{"line":54,"column":29},"end":{"line":54,"column":69}},"32":{"start":{"line":55,"column":6},"end":{"line":57,"column":7}},"33":{"start":{"line":56,"column":8},"end":{"line":56,"column":43}},"34":{"start":{"line":61,"column":2},"end":{"line":63,"column":3}},"35":{"start":{"line":62,"column":4},"end":{"line":62,"column":46}},"36":{"start":{"line":65,"column":31},"end":{"line":65,"column":48}},"37":{"start":{"line":66,"column":41},"end":{"line":66,"column":51}},"38":{"start":{"line":68,"column":2},"end":{"line":81,"column":3}},"39":{"start":{"line":69,"column":38},"end":{"line":69,"column":40}},"40":{"start":{"line":70,"column":4},"end":{"line":74,"column":5}},"41":{"start":{"line":71,"column":18},"end":{"line":71,"column":42}},"42":{"start":{"line":72,"column":6},"end":{"line":72,"column":60}},"43":{"start":{"line":73,"column":6},"end":{"line":73,"column":26}},"44":{"start":{"line":75,"column":4},"end":{"line":79,"column":5}},"45":{"start":{"line":76,"column":20},"end":{"line":76,"column":46}},"46":{"start":{"line":77,"column":6},"end":{"line":77,"column":71}},"47":{"start":{"line":78,"column":6},"end":{"line":78,"column":28}},"48":{"start":{"line":80,"column":4},"end":{"line":80,"column":57}},"49":{"start":{"line":83,"column":15},"end":{"line":87,"column":null}},"50":{"start":{"line":90,"column":23},"end":{"line":90,"column":71}},"51":{"start":{"line":90,"column":55},"end":{"line":90,"column":69}},"52":{"start":{"line":91,"column":2},"end":{"line":93,"column":3}},"53":{"start":{"line":92,"column":4},"end":{"line":92,"column":46}},"54":{"start":{"line":95,"column":2},"end":{"line":95,"column":44}},"55":{"start":{"line":103,"column":2},"end":{"line":105,"column":3}},"56":{"start":{"line":104,"column":4},"end":{"line":104,"column":11}},"57":{"start":{"line":107,"column":2},"end":{"line":109,"column":3}},"58":{"start":{"line":108,"column":4},"end":{"line":108,"column":38}}},"fnMap":{"0":{"name":"buildInClause","decl":{"start":{"line":10,"column":9},"end":{"line":10,"column":22}},"loc":{"start":{"line":10,"column":53},"end":{"line":15,"column":1}}},"1":{"name":"(anonymous_1)","decl":{"start":{"line":14,"column":20},"end":{"line":14,"column":23}},"loc":{"start":{"line":14,"column":26},"end":{"line":14,"column":29}}},"2":{"name":"uniqueNumbers","decl":{"start":{"line":17,"column":9},"end":{"line":17,"column":22}},"loc":{"start":{"line":17,"column":39},"end":{"line":19,"column":1}}},"3":{"name":"(anonymous_3)","decl":{"start":{"line":18,"column":42},"end":{"line":18,"column":43}},"loc":{"start":{"line":18,"column":53},"end":{"line":18,"column":89}}},"4":{"name":"(anonymous_4)","decl":{"start":{"line":18,"column":98},"end":{"line":18,"column":99}},"loc":{"start":{"line":18,"column":108},"end":{"line":18,"column":113}}},"5":{"name":"resolveWarehouseDataScope","decl":{"start":{"line":21,"column":22},"end":{"line":21,"column":47}},"loc":{"start":{"line":23,"column":31},"end":{"line":96,"column":1}}},"6":{"name":"(anonymous_6)","decl":{"start":{"line":29,"column":31},"end":{"line":29,"column":32}},"loc":{"start":{"line":29,"column":42},"end":{"line":29,"column":67}}},"7":{"name":"(anonymous_7)","decl":{"start":{"line":33,"column":53},"end":{"line":33,"column":54}},"loc":{"start":{"line":33,"column":64},"end":{"line":33,"column":104}}},"8":{"name":"(anonymous_8)","decl":{"start":{"line":41,"column":26},"end":{"line":41,"column":27}},"loc":{"start":{"line":41,"column":36},"end":{"line":59,"column":3}}},"9":{"name":"(anonymous_9)","decl":{"start":{"line":42,"column":30},"end":{"line":42,"column":31}},"loc":{"start":{"line":42,"column":40},"end":{"line":58,"column":5}}},"10":{"name":"(anonymous_10)","decl":{"start":{"line":90,"column":46},"end":{"line":90,"column":47}},"loc":{"start":{"line":90,"column":55},"end":{"line":90,"column":69}}},"11":{"name":"assertWarehouseInScope","decl":{"start":{"line":98,"column":16},"end":{"line":98,"column":38}},"loc":{"start":{"line":101,"column":25},"end":{"line":110,"column":1}}}},"branchMap":{"0":{"loc":{"start":{"line":11,"column":2},"end":{"line":13,"column":3}},"type":"if","locations":[{"start":{"line":11,"column":2},"end":{"line":13,"column":3}}]},"1":{"loc":{"start":{"line":18,"column":53},"end":{"line":18,"column":89}},"type":"binary-expr","locations":[{"start":{"line":18,"column":53},"end":{"line":18,"column":76}},{"start":{"line":18,"column":80},"end":{"line":18,"column":89}}]},"2":{"loc":{"start":{"line":25,"column":2},"end":{"line":27,"column":3}},"type":"if","locations":[{"start":{"line":25,"column":2},"end":{"line":27,"column":3}}]},"3":{"loc":{"start":{"line":25,"column":6},"end":{"line":25,"column":51}},"type":"binary-expr","locations":[{"start":{"line":25,"column":6},"end":{"line":25,"column":15}},{"start":{"line":25,"column":19},"end":{"line":25,"column":51}}]},"4":{"loc":{"start":{"line":29,"column":2},"end":{"line":31,"column":3}},"type":"if","locations":[{"start":{"line":29,"column":2},"end":{"line":31,"column":3}}]},"5":{"loc":{"start":{"line":34,"column":2},"end":{"line":36,"column":3}},"type":"if","locations":[{"start":{"line":34,"column":2},"end":{"line":36,"column":3}}]},"6":{"loc":{"start":{"line":43,"column":6},"end":{"line":46,"column":7}},"type":"if","locations":[{"start":{"line":43,"column":6},"end":{"line":46,"column":7}}]},"7":{"loc":{"start":{"line":43,"column":10},"end":{"line":43,"column":75}},"type":"binary-expr","locations":[{"start":{"line":43,"column":10},"end":{"line":43,"column":35}},{"start":{"line":43,"column":39},"end":{"line":43,"column":62}},{"start":{"line":43,"column":66},"end":{"line":43,"column":75}}]},"8":{"loc":{"start":{"line":48,"column":41},"end":{"line":48,"column":52}},"type":"binary-expr","locations":[{"start":{"line":48,"column":41},"end":{"line":48,"column":46}},{"start":{"line":48,"column":50},"end":{"line":48,"column":52}}]},"9":{"loc":{"start":{"line":49,"column":6},"end":{"line":52,"column":7}},"type":"if","locations":[{"start":{"line":49,"column":6},"end":{"line":52,"column":7}}]},"10":{"loc":{"start":{"line":49,"column":10},"end":{"line":49,"column":60}},"type":"binary-expr","locations":[{"start":{"line":49,"column":10},"end":{"line":49,"column":40}},{"start":{"line":49,"column":44},"end":{"line":49,"column":60}}]},"11":{"loc":{"start":{"line":54,"column":36},"end":{"line":54,"column":47}},"type":"binary-expr","locations":[{"start":{"line":54,"column":36},"end":{"line":54,"column":41}},{"start":{"line":54,"column":45},"end":{"line":54,"column":47}}]},"12":{"loc":{"start":{"line":55,"column":6},"end":{"line":57,"column":7}},"type":"if","locations":[{"start":{"line":55,"column":6},"end":{"line":57,"column":7}}]},"13":{"loc":{"start":{"line":61,"column":2},"end":{"line":63,"column":3}},"type":"if","locations":[{"start":{"line":61,"column":2},"end":{"line":63,"column":3}}]},"14":{"loc":{"start":{"line":61,"column":6},"end":{"line":61,"column":58}},"type":"binary-expr","locations":[{"start":{"line":61,"column":6},"end":{"line":61,"column":29}},{"start":{"line":61,"column":33},"end":{"line":61,"column":58}}]},"15":{"loc":{"start":{"line":68,"column":2},"end":{"line":81,"column":3}},"type":"if","locations":[{"start":{"line":68,"column":2},"end":{"line":81,"column":3}}]},"16":{"loc":{"start":{"line":68,"column":6},"end":{"line":68,"column":54}},"type":"binary-expr","locations":[{"start":{"line":68,"column":6},"end":{"line":68,"column":27}},{"start":{"line":68,"column":31},"end":{"line":68,"column":54}}]},"17":{"loc":{"start":{"line":70,"column":4},"end":{"line":74,"column":5}},"type":"if","locations":[{"start":{"line":70,"column":4},"end":{"line":74,"column":5}}]},"18":{"loc":{"start":{"line":75,"column":4},"end":{"line":79,"column":5}},"type":"if","locations":[{"start":{"line":75,"column":4},"end":{"line":79,"column":5}}]},"19":{"loc":{"start":{"line":91,"column":2},"end":{"line":93,"column":3}},"type":"if","locations":[{"start":{"line":91,"column":2},"end":{"line":93,"column":3}}]},"20":{"loc":{"start":{"line":101,"column":2},"end":{"line":101,"column":25}},"type":"default-arg","locations":[{"start":{"line":101,"column":12},"end":{"line":101,"column":25}}]},"21":{"loc":{"start":{"line":103,"column":2},"end":{"line":105,"column":3}},"type":"if","locations":[{"start":{"line":103,"column":2},"end":{"line":105,"column":3}}]},"22":{"loc":{"start":{"line":107,"column":2},"end":{"line":109,"column":3}},"type":"if","locations":[{"start":{"line":107,"column":2},"end":{"line":109,"column":3}}]},"23":{"loc":{"start":{"line":107,"column":6},"end":{"line":107,"column":100}},"type":"binary-expr","locations":[{"start":{"line":107,"column":6},"end":{"line":107,"column":31}},{"start":{"line":107,"column":35},"end":{"line":107,"column":47}},{"start":{"line":107,"column":51},"end":{"line":107,"column":100}}]}},"s":{"0":2,"1":2,"2":2,"3":2,"4":0,"5":0,"6":0,"7":0,"8":0,"9":0,"10":0,"11":9,"12":9,"13":0,"14":0,"15":0,"16":0,"17":0,"18":0,"19":0,"20":0,"21":0,"22":0,"23":0,"24":0,"25":0,"26":0,"27":0,"28":0,"29":0,"30":0,"31":0,"32":0,"33":0,"34":0,"35":0,"36":0,"37":0,"38":0,"39":0,"40":0,"41":0,"42":0,"43":0,"44":0,"45":0,"46":0,"47":0,"48":0,"49":0,"50":0,"51":0,"52":0,"53":0,"54":0,"55":9,"56":9,"57":0,"58":0},"f":{"0":0,"1":0,"2":0,"3":0,"4":0,"5":9,"6":0,"7":0,"8":0,"9":0,"10":0,"11":9},"b":{"0":[0],"1":[0,0],"2":[9],"3":[9,0],"4":[0],"5":[0],"6":[0],"7":[0,0,0],"8":[0,0],"9":[0],"10":[0,0],"11":[0,0],"12":[0],"13":[0],"14":[0,0],"15":[0],"16":[0,0],"17":[0],"18":[0],"19":[0],"20":[9],"21":[9],"22":[0],"23":[0,0,0]}}
,"/Users/kongwen/claude_wk/ai-software-company/services/api/src/modules/incoming-inspection/incomingInspection.service.ts": {"path":"/Users/kongwen/claude_wk/ai-software-company/services/api/src/modules/incoming-inspection/incomingInspection.service.ts","statementMap":{"0":{"start":{"line":2,"column":0},"end":{"line":2,"column":54}},"1":{"start":{"line":3,"column":0},"end":{"line":3,"column":63}},"2":{"start":{"line":5,"column":0},"end":{"line":5,"column":49}},"3":{"start":{"line":6,"column":0},"end":{"line":6,"column":56}},"4":{"start":{"line":7,"column":0},"end":{"line":7,"column":33}},"5":{"start":{"line":8,"column":0},"end":{"line":8,"column":53}},"6":{"start":{"line":9,"column":0},"end":{"line":9,"column":74}},"7":{"start":{"line":11,"column":0},"end":{"line":11,"column":null}},"8":{"start":{"line":16,"column":0},"end":{"line":16,"column":48}},"9":{"start":{"line":17,"column":0},"end":{"line":17,"column":88}},"10":{"start":{"line":18,"column":0},"end":{"line":18,"column":84}},"11":{"start":{"line":19,"column":0},"end":{"line":19,"column":91}},"12":{"start":{"line":85,"column":2},"end":{"line":85,"column":44}},"13":{"start":{"line":92,"column":22},"end":{"line":92,"column":58}},"14":{"start":{"line":92,"column":43},"end":{"line":92,"column":57}},"15":{"start":{"line":93,"column":18},"end":{"line":93,"column":36}},"16":{"start":{"line":95,"column":2},"end":{"line":100,"column":3}},"17":{"start":{"line":95,"column":19},"end":{"line":95,"column":20}},"18":{"start":{"line":96,"column":4},"end":{"line":96,"column":32}},"19":{"start":{"line":96,"column":26},"end":{"line":96,"column":32}},"20":{"start":{"line":97,"column":23},"end":{"line":97,"column":64}},"21":{"start":{"line":98,"column":4},"end":{"line":98,"column":36}},"22":{"start":{"line":99,"column":4},"end":{"line":99,"column":44}},"23":{"start":{"line":102,"column":2},"end":{"line":104,"column":3}},"24":{"start":{"line":103,"column":4},"end":{"line":103,"column":48}},"25":{"start":{"line":106,"column":2},"end":{"line":106,"column":21}},"26":{"start":{"line":114,"column":30},"end":{"line":114,"column":81}},"27":{"start":{"line":114,"column":59},"end":{"line":114,"column":80}},"28":{"start":{"line":115,"column":28},"end":{"line":115,"column":64}},"29":{"start":{"line":115,"column":49},"end":{"line":115,"column":63}},"30":{"start":{"line":116,"column":28},"end":{"line":116,"column":64}},"31":{"start":{"line":116,"column":49},"end":{"line":116,"column":63}},"32":{"start":{"line":117,"column":24},"end":{"line":117,"column":46}},"33":{"start":{"line":118,"column":24},"end":{"line":118,"column":46}},"34":{"start":{"line":120,"column":2},"end":{"line":126,"column":3}},"35":{"start":{"line":120,"column":19},"end":{"line":120,"column":20}},"36":{"start":{"line":121,"column":4},"end":{"line":121,"column":38}},"37":{"start":{"line":121,"column":32},"end":{"line":121,"column":38}},"38":{"start":{"line":122,"column":23},"end":{"line":122,"column":79}},"39":{"start":{"line":123,"column":4},"end":{"line":123,"column":42}},"40":{"start":{"line":124,"column":4},"end":{"line":124,"column":78}},"41":{"start":{"line":125,"column":4},"end":{"line":125,"column":56}},"42":{"start":{"line":128,"column":2},"end":{"line":134,"column":3}},"43":{"start":{"line":128,"column":19},"end":{"line":128,"column":20}},"44":{"start":{"line":129,"column":4},"end":{"line":129,"column":38}},"45":{"start":{"line":129,"column":32},"end":{"line":129,"column":38}},"46":{"start":{"line":130,"column":23},"end":{"line":130,"column":79}},"47":{"start":{"line":131,"column":4},"end":{"line":131,"column":42}},"48":{"start":{"line":132,"column":4},"end":{"line":132,"column":78}},"49":{"start":{"line":133,"column":4},"end":{"line":133,"column":56}},"50":{"start":{"line":136,"column":2},"end":{"line":138,"column":3}},"51":{"start":{"line":137,"column":4},"end":{"line":137,"column":56}},"52":{"start":{"line":140,"column":2},"end":{"line":143,"column":6}},"53":{"start":{"line":140,"column":39},"end":{"line":143,"column":4}},"54":{"start":{"line":152,"column":10},"end":{"line":152,"column":79}},"55":{"start":{"line":167,"column":4},"end":{"line":167,"column":33}},"56":{"start":{"line":168,"column":4},"end":{"line":168,"column":29}},"57":{"start":{"line":169,"column":4},"end":{"line":169,"column":53}},"58":{"start":{"line":173,"column":4},"end":{"line":173,"column":105}},"59":{"start":{"line":174,"column":4},"end":{"line":174,"column":42}},"60":{"start":{"line":178,"column":4},"end":{"line":178,"column":76}},"61":{"start":{"line":182,"column":27},"end":{"line":182,"column":69}},"62":{"start":{"line":183,"column":21},"end":{"line":183,"column":84}},"63":{"start":{"line":184,"column":4},"end":{"line":184,"column":31}},"64":{"start":{"line":190,"column":19},"end":{"line":190,"column":71}},"65":{"start":{"line":191,"column":4},"end":{"line":193,"column":5}},"66":{"start":{"line":192,"column":6},"end":{"line":192,"column":47}},"67":{"start":{"line":194,"column":4},"end":{"line":194,"column":18}},"68":{"start":{"line":198,"column":4},"end":{"line":198,"column":36}},"69":{"start":{"line":198,"column":29},"end":{"line":198,"column":36}},"70":{"start":{"line":199,"column":4},"end":{"line":208,"column":5}},"71":{"start":{"line":200,"column":20},"end":{"line":200,"column":36}},"72":{"start":{"line":201,"column":6},"end":{"line":205,"column":8}},"73":{"start":{"line":203,"column":10},"end":{"line":203,"column":70}},"74":{"start":{"line":207,"column":6},"end":{"line":207,"column":88}},"75":{"start":{"line":215,"column":4},"end":{"line":215,"column":74}},"76":{"start":{"line":223,"column":44},"end":{"line":223,"column":93}},"77":{"start":{"line":224,"column":44},"end":{"line":224,"column":93}},"78":{"start":{"line":225,"column":42},"end":{"line":225,"column":97}},"79":{"start":{"line":226,"column":25},"end":{"line":261,"column":null}},"80":{"start":{"line":264,"column":19},"end":{"line":284,"column":null}},"81":{"start":{"line":287,"column":25},"end":{"line":310,"column":null}},"82":{"start":{"line":313,"column":18},"end":{"line":313,"column":null}},"83":{"start":{"line":319,"column":31},"end":{"line":319,"column":57}},"84":{"start":{"line":321,"column":4},"end":{"line":330,"column":5}},"85":{"start":{"line":322,"column":19},"end":{"line":322,"column":54}},"86":{"start":{"line":323,"column":6},"end":{"line":328,"column":9}},"87":{"start":{"line":329,"column":6},"end":{"line":329,"column":42}},"88":{"start":{"line":332,"column":4},"end":{"line":360,"column":5}},"89":{"start":{"line":333,"column":26},"end":{"line":333,"column":79}},"90":{"start":{"line":334,"column":6},"end":{"line":334,"column":39}},"91":{"start":{"line":334,"column":30},"end":{"line":334,"column":39}},"92":{"start":{"line":336,"column":31},"end":{"line":336,"column":101}},"93":{"start":{"line":337,"column":6},"end":{"line":348,"column":7}},"94":{"start":{"line":338,"column":27},"end":{"line":338,"column":70}},"95":{"start":{"line":339,"column":32},"end":{"line":339,"column":97}},"96":{"start":{"line":339,"column":63},"end":{"line":339,"column":96}},"97":{"start":{"line":340,"column":8},"end":{"line":343,"column":10}},"98":{"start":{"line":344,"column":8},"end":{"line":346,"column":9}},"99":{"start":{"line":345,"column":10},"end":{"line":345,"column":95}},"100":{"start":{"line":347,"column":8},"end":{"line":347,"column":17}},"101":{"start":{"line":350,"column":33},"end":{"line":350,"column":44}},"102":{"start":{"line":351,"column":25},"end":{"line":351,"column":68}},"103":{"start":{"line":352,"column":6},"end":{"line":359,"column":7}},"104":{"start":{"line":353,"column":8},"end":{"line":353,"column":47}},"105":{"start":{"line":353,"column":41},"end":{"line":353,"column":47}},"106":{"start":{"line":354,"column":8},"end":{"line":354,"column":47}},"107":{"start":{"line":354,"column":38},"end":{"line":354,"column":47}},"108":{"start":{"line":356,"column":28},"end":{"line":356,"column":80}},"109":{"start":{"line":357,"column":8},"end":{"line":357,"column":65}},"110":{"start":{"line":358,"column":8},"end":{"line":358,"column":71}},"111":{"start":{"line":362,"column":23},"end":{"line":362,"column":null}},"112":{"start":{"line":368,"column":4},"end":{"line":372,"column":5}},"113":{"start":{"line":369,"column":6},"end":{"line":371,"column":7}},"114":{"start":{"line":370,"column":8},"end":{"line":370,"column":48}},"115":{"start":{"line":374,"column":44},"end":{"line":374,"column":46}},"116":{"start":{"line":376,"column":4},"end":{"line":451,"column":5}},"117":{"start":{"line":377,"column":20},"end":{"line":377,"column":46}},"118":{"start":{"line":378,"column":23},"end":{"line":378,"column":93}},"119":{"start":{"line":379,"column":6},"end":{"line":414,"column":7}},"120":{"start":{"line":380,"column":29},"end":{"line":380,"column":53}},"121":{"start":{"line":381,"column":28},"end":{"line":381,"column":81}},"122":{"start":{"line":382,"column":34},"end":{"line":382,"column":84}},"123":{"start":{"line":383,"column":31},"end":{"line":387,"column":23}},"124":{"start":{"line":389,"column":8},"end":{"line":399,"column":9}},"125":{"start":{"line":390,"column":10},"end":{"line":398,"column":13}},"126":{"start":{"line":401,"column":8},"end":{"line":409,"column":11}},"127":{"start":{"line":410,"column":8},"end":{"line":412,"column":9}},"128":{"start":{"line":411,"column":10},"end":{"line":411,"column":92}},"129":{"start":{"line":413,"column":8},"end":{"line":413,"column":17}},"130":{"start":{"line":416,"column":25},"end":{"line":416,"column":78}},"131":{"start":{"line":417,"column":25},"end":{"line":417,"column":47}},"132":{"start":{"line":419,"column":6},"end":{"line":438,"column":7}},"133":{"start":{"line":420,"column":8},"end":{"line":420,"column":39}},"134":{"start":{"line":420,"column":33},"end":{"line":420,"column":39}},"135":{"start":{"line":421,"column":8},"end":{"line":421,"column":47}},"136":{"start":{"line":421,"column":38},"end":{"line":421,"column":47}},"137":{"start":{"line":423,"column":29},"end":{"line":423,"column":73}},"138":{"start":{"line":424,"column":8},"end":{"line":424,"column":42}},"139":{"start":{"line":424,"column":33},"end":{"line":424,"column":42}},"140":{"start":{"line":426,"column":8},"end":{"line":434,"column":11}},"141":{"start":{"line":436,"column":8},"end":{"line":436,"column":66}},"142":{"start":{"line":437,"column":8},"end":{"line":437,"column":56}},"143":{"start":{"line":440,"column":6},"end":{"line":450,"column":7}},"144":{"start":{"line":441,"column":8},"end":{"line":449,"column":11}},"145":{"start":{"line":453,"column":4},"end":{"line":458,"column":10}},"146":{"start":{"line":454,"column":24},"end":{"line":454,"column":76}},"147":{"start":{"line":455,"column":22},"end":{"line":458,"column":8}},"148":{"start":{"line":462,"column":4},"end":{"line":464,"column":5}},"149":{"start":{"line":463,"column":6},"end":{"line":463,"column":71}},"150":{"start":{"line":466,"column":17},"end":{"line":471,"column":null}},"151":{"start":{"line":473,"column":22},"end":{"line":473,"column":53}},"152":{"start":{"line":474,"column":4},"end":{"line":474,"column":74}},"153":{"start":{"line":475,"column":4},"end":{"line":475,"column":21}},"154":{"start":{"line":479,"column":4},"end":{"line":481,"column":5}},"155":{"start":{"line":480,"column":6},"end":{"line":480,"column":71}},"156":{"start":{"line":483,"column":17},"end":{"line":488,"column":null}},"157":{"start":{"line":490,"column":22},"end":{"line":490,"column":53}},"158":{"start":{"line":491,"column":4},"end":{"line":491,"column":74}},"159":{"start":{"line":492,"column":4},"end":{"line":492,"column":21}},"160":{"start":{"line":496,"column":4},"end":{"line":498,"column":5}},"161":{"start":{"line":497,"column":6},"end":{"line":497,"column":77}},"162":{"start":{"line":500,"column":17},"end":{"line":505,"column":null}},"163":{"start":{"line":507,"column":22},"end":{"line":507,"column":53}},"164":{"start":{"line":508,"column":4},"end":{"line":508,"column":80}},"165":{"start":{"line":509,"column":4},"end":{"line":509,"column":21}},"166":{"start":{"line":513,"column":4},"end":{"line":515,"column":5}},"167":{"start":{"line":514,"column":6},"end":{"line":514,"column":74}},"168":{"start":{"line":517,"column":19},"end":{"line":517,"column":43}},"169":{"start":{"line":518,"column":17},"end":{"line":523,"column":null}},"170":{"start":{"line":525,"column":22},"end":{"line":525,"column":53}},"171":{"start":{"line":526,"column":4},"end":{"line":526,"column":77}},"172":{"start":{"line":527,"column":4},"end":{"line":527,"column":21}},"173":{"start":{"line":531,"column":4},"end":{"line":533,"column":5}},"174":{"start":{"line":532,"column":6},"end":{"line":532,"column":87}},"175":{"start":{"line":535,"column":19},"end":{"line":535,"column":43}},"176":{"start":{"line":536,"column":17},"end":{"line":541,"column":null}},"177":{"start":{"line":543,"column":22},"end":{"line":543,"column":53}},"178":{"start":{"line":544,"column":4},"end":{"line":544,"column":90}},"179":{"start":{"line":545,"column":4},"end":{"line":545,"column":21}},"180":{"start":{"line":549,"column":4},"end":{"line":549,"column":111}},"181":{"start":{"line":553,"column":4},"end":{"line":553,"column":35}},"182":{"start":{"line":553,"column":25},"end":{"line":553,"column":35}},"183":{"start":{"line":555,"column":24},"end":{"line":555,"column":89}},"184":{"start":{"line":555,"column":56},"end":{"line":555,"column":72}},"185":{"start":{"line":556,"column":4},"end":{"line":558,"column":5}},"186":{"start":{"line":557,"column":6},"end":{"line":557,"column":46}},"187":{"start":{"line":560,"column":20},"end":{"line":560,"column":38}},"188":{"start":{"line":561,"column":4},"end":{"line":574,"column":7}},"189":{"start":{"line":562,"column":6},"end":{"line":566,"column":7}},"190":{"start":{"line":563,"column":27},"end":{"line":563,"column":36}},"191":{"start":{"line":564,"column":8},"end":{"line":564,"column":35}},"192":{"start":{"line":565,"column":8},"end":{"line":565,"column":26}},"193":{"start":{"line":568,"column":25},"end":{"line":571,"column":50}},"194":{"start":{"line":572,"column":6},"end":{"line":572,"column":46}},"195":{"start":{"line":573,"column":6},"end":{"line":573,"column":24}},"196":{"start":{"line":583,"column":4},"end":{"line":583,"column":41}},"197":{"start":{"line":583,"column":34},"end":{"line":583,"column":41}},"198":{"start":{"line":585,"column":22},"end":{"line":590,"column":null}},"199":{"start":{"line":586,"column":6},"end":{"line":590,"column":58}},"200":{"start":{"line":592,"column":4},"end":{"line":592,"column":27}},"201":{"start":{"line":592,"column":20},"end":{"line":592,"column":27}},"202":{"start":{"line":594,"column":22},"end":{"line":594,"column":121}},"203":{"start":{"line":596,"column":29},"end":{"line":602,"column":34}},"204":{"start":{"line":596,"column":52},"end":{"line":602,"column":16}},"205":{"start":{"line":604,"column":26},"end":{"line":610,"column":34}},"206":{"start":{"line":604,"column":50},"end":{"line":610,"column":16}},"207":{"start":{"line":612,"column":4},"end":{"line":612,"column":51}},"208":{"start":{"line":612,"column":44},"end":{"line":612,"column":51}},"209":{"start":{"line":614,"column":4},"end":{"line":618,"column":6}},"210":{"start":{"line":620,"column":41},"end":{"line":620,"column":96}},"211":{"start":{"line":621,"column":37},"end":{"line":621,"column":105}},"212":{"start":{"line":622,"column":4},"end":{"line":669,"column":5}},"213":{"start":{"line":623,"column":28},"end":{"line":641,"column":8}},"214":{"start":{"line":642,"column":27},"end":{"line":652,"column":8}},"215":{"start":{"line":653,"column":6},"end":{"line":668,"column":8}},"216":{"start":{"line":657,"column":11},"end":{"line":657,"column":52}},"217":{"start":{"line":657,"column":41},"end":{"line":657,"column":52}},"218":{"start":{"line":658,"column":11},"end":{"line":658,"column":51}},"219":{"start":{"line":658,"column":40},"end":{"line":658,"column":51}},"220":{"start":{"line":659,"column":11},"end":{"line":659,"column":51}},"221":{"start":{"line":659,"column":40},"end":{"line":659,"column":51}},"222":{"start":{"line":660,"column":11},"end":{"line":660,"column":50}},"223":{"start":{"line":660,"column":36},"end":{"line":660,"column":50}},"224":{"start":{"line":661,"column":11},"end":{"line":661,"column":58}},"225":{"start":{"line":661,"column":42},"end":{"line":661,"column":58}},"226":{"start":{"line":662,"column":11},"end":{"line":662,"column":59}},"227":{"start":{"line":662,"column":43},"end":{"line":662,"column":59}},"228":{"start":{"line":663,"column":11},"end":{"line":663,"column":61}},"229":{"start":{"line":663,"column":41},"end":{"line":663,"column":61}},"230":{"start":{"line":664,"column":11},"end":{"line":664,"column":49}},"231":{"start":{"line":664,"column":35},"end":{"line":664,"column":49}},"232":{"start":{"line":665,"column":11},"end":{"line":665,"column":22}},"233":{"start":{"line":673,"column":4},"end":{"line":675,"column":5}},"234":{"start":{"line":674,"column":6},"end":{"line":674,"column":73}},"235":{"start":{"line":677,"column":19},"end":{"line":677,"column":43}},"236":{"start":{"line":678,"column":17},"end":{"line":683,"column":null}},"237":{"start":{"line":686,"column":4},"end":{"line":686,"column":96}},"238":{"start":{"line":687,"column":4},"end":{"line":687,"column":71}},"239":{"start":{"line":693,"column":4},"end":{"line":695,"column":5}},"240":{"start":{"line":694,"column":6},"end":{"line":694,"column":69}},"241":{"start":{"line":697,"column":19},"end":{"line":697,"column":43}},"242":{"start":{"line":698,"column":17},"end":{"line":703,"column":null}},"243":{"start":{"line":706,"column":20},"end":{"line":706,"column":71}},"244":{"start":{"line":706,"column":46},"end":{"line":706,"column":69}},"245":{"start":{"line":707,"column":4},"end":{"line":709,"column":16}},"246":{"start":{"line":710,"column":4},"end":{"line":710,"column":67}},"247":{"start":{"line":714,"column":4},"end":{"line":716,"column":5}},"248":{"start":{"line":715,"column":6},"end":{"line":715,"column":74}},"249":{"start":{"line":718,"column":19},"end":{"line":718,"column":43}},"250":{"start":{"line":719,"column":17},"end":{"line":723,"column":null}},"251":{"start":{"line":726,"column":4},"end":{"line":726,"column":97}},"252":{"start":{"line":727,"column":4},"end":{"line":727,"column":72}},"253":{"start":{"line":731,"column":4},"end":{"line":733,"column":5}},"254":{"start":{"line":732,"column":6},"end":{"line":732,"column":81}},"255":{"start":{"line":735,"column":19},"end":{"line":735,"column":43}},"256":{"start":{"line":736,"column":17},"end":{"line":741,"column":null}},"257":{"start":{"line":744,"column":4},"end":{"line":744,"column":104}},"258":{"start":{"line":745,"column":4},"end":{"line":745,"column":79}},"259":{"start":{"line":749,"column":4},"end":{"line":751,"column":5}},"260":{"start":{"line":750,"column":6},"end":{"line":750,"column":84}},"261":{"start":{"line":753,"column":19},"end":{"line":753,"column":43}},"262":{"start":{"line":754,"column":17},"end":{"line":759,"column":null}},"263":{"start":{"line":762,"column":4},"end":{"line":762,"column":107}},"264":{"start":{"line":763,"column":4},"end":{"line":763,"column":82}},"265":{"start":{"line":767,"column":4},"end":{"line":769,"column":5}},"266":{"start":{"line":768,"column":6},"end":{"line":768,"column":73}},"267":{"start":{"line":771,"column":19},"end":{"line":771,"column":43}},"268":{"start":{"line":772,"column":17},"end":{"line":777,"column":null}},"269":{"start":{"line":780,"column":4},"end":{"line":780,"column":96}},"270":{"start":{"line":781,"column":4},"end":{"line":781,"column":71}},"271":{"start":{"line":785,"column":4},"end":{"line":787,"column":5}},"272":{"start":{"line":786,"column":6},"end":{"line":786,"column":71}},"273":{"start":{"line":789,"column":19},"end":{"line":789,"column":43}},"274":{"start":{"line":790,"column":17},"end":{"line":796,"column":null}},"275":{"start":{"line":799,"column":23},"end":{"line":799,"column":71}},"276":{"start":{"line":800,"column":4},"end":{"line":800,"column":98}},"277":{"start":{"line":801,"column":4},"end":{"line":801,"column":69}},"278":{"start":{"line":806,"column":18},"end":{"line":806,"column":37}},"279":{"start":{"line":807,"column":30},"end":{"line":807,"column":45}},"280":{"start":{"line":809,"column":4},"end":{"line":812,"column":5}},"281":{"start":{"line":810,"column":6},"end":{"line":810,"column":33}},"282":{"start":{"line":811,"column":6},"end":{"line":811,"column":33}},"283":{"start":{"line":813,"column":4},"end":{"line":816,"column":5}},"284":{"start":{"line":814,"column":6},"end":{"line":814,"column":32}},"285":{"start":{"line":815,"column":6},"end":{"line":815,"column":31}},"286":{"start":{"line":817,"column":4},"end":{"line":820,"column":5}},"287":{"start":{"line":818,"column":6},"end":{"line":818,"column":43}},"288":{"start":{"line":819,"column":6},"end":{"line":819,"column":35}},"289":{"start":{"line":821,"column":4},"end":{"line":824,"column":5}},"290":{"start":{"line":822,"column":6},"end":{"line":822,"column":43}},"291":{"start":{"line":823,"column":6},"end":{"line":823,"column":33}},"292":{"start":{"line":825,"column":4},"end":{"line":828,"column":5}},"293":{"start":{"line":826,"column":6},"end":{"line":826,"column":41}},"294":{"start":{"line":827,"column":6},"end":{"line":827,"column":33}},"295":{"start":{"line":830,"column":18},"end":{"line":830,"column":37}},"296":{"start":{"line":831,"column":19},"end":{"line":831,"column":54}},"297":{"start":{"line":833,"column":30},"end":{"line":854,"column":6}},"298":{"start":{"line":856,"column":4},"end":{"line":856,"column":61}},"299":{"start":{"line":861,"column":41},"end":{"line":861,"column":96}},"300":{"start":{"line":862,"column":37},"end":{"line":862,"column":98}},"301":{"start":{"line":863,"column":21},"end":{"line":874,"column":null}},"302":{"start":{"line":877,"column":4},"end":{"line":879,"column":5}},"303":{"start":{"line":878,"column":6},"end":{"line":878,"column":64}},"304":{"start":{"line":881,"column":19},"end":{"line":895,"column":null}},"305":{"start":{"line":898,"column":4},"end":{"line":918,"column":5}},"306":{"start":{"line":899,"column":6},"end":{"line":901,"column":9}},"307":{"start":{"line":900,"column":8},"end":{"line":900,"column":80}},"308":{"start":{"line":902,"column":6},"end":{"line":917,"column":8}},"309":{"start":{"line":920,"column":18},"end":{"line":937,"column":7}},"310":{"start":{"line":920,"column":42},"end":{"line":937,"column":6}},"311":{"start":{"line":939,"column":4},"end":{"line":939,"column":32}},"312":{"start":{"line":945,"column":17},"end":{"line":950,"column":null}},"313":{"start":{"line":952,"column":4},"end":{"line":952,"column":71}},"314":{"start":{"line":952,"column":13},"end":{"line":952,"column":71}},"315":{"start":{"line":953,"column":4},"end":{"line":955,"column":5}},"316":{"start":{"line":954,"column":6},"end":{"line":954,"column":47}},"317":{"start":{"line":958,"column":33},"end":{"line":962,"column":null}},"318":{"start":{"line":964,"column":4},"end":{"line":966,"column":5}},"319":{"start":{"line":965,"column":6},"end":{"line":965,"column":44}},"320":{"start":{"line":969,"column":20},"end":{"line":969,"column":106}},"321":{"start":{"line":971,"column":4},"end":{"line":973,"column":5}},"322":{"start":{"line":972,"column":6},"end":{"line":972,"column":56}},"323":{"start":{"line":975,"column":27},"end":{"line":977,"column":null}},"324":{"start":{"line":976,"column":21},"end":{"line":976,"column":73}},"325":{"start":{"line":979,"column":21},"end":{"line":981,"column":null}},"326":{"start":{"line":980,"column":21},"end":{"line":980,"column":49}},"327":{"start":{"line":984,"column":4},"end":{"line":986,"column":5}},"328":{"start":{"line":985,"column":6},"end":{"line":985,"column":63}},"329":{"start":{"line":988,"column":4},"end":{"line":1067,"column":7}},"330":{"start":{"line":989,"column":27},"end":{"line":989,"column":81}},"331":{"start":{"line":990,"column":43},"end":{"line":990,"column":98}},"332":{"start":{"line":992,"column":21},"end":{"line":1008,"column":null}},"333":{"start":{"line":1010,"column":27},"end":{"line":1010,"column":50}},"334":{"start":{"line":1013,"column":6},"end":{"line":1058,"column":7}},"335":{"start":{"line":1014,"column":30},"end":{"line":1031,"column":10}},"336":{"start":{"line":1032,"column":29},"end":{"line":1041,"column":10}},"337":{"start":{"line":1042,"column":8},"end":{"line":1057,"column":10}},"338":{"start":{"line":1046,"column":13},"end":{"line":1046,"column":54}},"339":{"start":{"line":1046,"column":43},"end":{"line":1046,"column":54}},"340":{"start":{"line":1047,"column":13},"end":{"line":1047,"column":53}},"341":{"start":{"line":1047,"column":42},"end":{"line":1047,"column":53}},"342":{"start":{"line":1048,"column":13},"end":{"line":1048,"column":53}},"343":{"start":{"line":1048,"column":42},"end":{"line":1048,"column":53}},"344":{"start":{"line":1049,"column":13},"end":{"line":1049,"column":52}},"345":{"start":{"line":1049,"column":38},"end":{"line":1049,"column":52}},"346":{"start":{"line":1050,"column":13},"end":{"line":1050,"column":60}},"347":{"start":{"line":1050,"column":44},"end":{"line":1050,"column":60}},"348":{"start":{"line":1051,"column":13},"end":{"line":1051,"column":61}},"349":{"start":{"line":1051,"column":45},"end":{"line":1051,"column":61}},"350":{"start":{"line":1052,"column":13},"end":{"line":1052,"column":63}},"351":{"start":{"line":1052,"column":43},"end":{"line":1052,"column":63}},"352":{"start":{"line":1053,"column":13},"end":{"line":1053,"column":51}},"353":{"start":{"line":1053,"column":37},"end":{"line":1053,"column":51}},"354":{"start":{"line":1054,"column":13},"end":{"line":1054,"column":24}},"355":{"start":{"line":1061,"column":6},"end":{"line":1064,"column":8}},"356":{"start":{"line":1066,"column":6},"end":{"line":1066,"column":48}},"357":{"start":{"line":1071,"column":25},"end":{"line":1071,"column":63}},"358":{"start":{"line":1072,"column":23},"end":{"line":1072,"column":59}},"359":{"start":{"line":1073,"column":22},"end":{"line":1073,"column":57}},"360":{"start":{"line":1076,"column":4},"end":{"line":1083,"column":5}},"361":{"start":{"line":1082,"column":6},"end":{"line":1082,"column":26}},"362":{"start":{"line":1085,"column":4},"end":{"line":1085,"column":21}},"363":{"start":{"line":1092,"column":21},"end":{"line":1094,"column":null}},"364":{"start":{"line":1096,"column":4},"end":{"line":1096,"column":39}},"365":{"start":{"line":1103,"column":4},"end":{"line":1111,"column":6}},"366":{"start":{"line":1115,"column":4},"end":{"line":1119,"column":17}},"367":{"start":{"line":1116,"column":19},"end":{"line":1116,"column":29}},"368":{"start":{"line":1117,"column":22},"end":{"line":1117,"column":52}},"369":{"start":{"line":1118,"column":22},"end":{"line":1118,"column":27}},"370":{"start":{"line":1129,"column":37},"end":{"line":1129,"column":105}},"371":{"start":{"line":1130,"column":32},"end":{"line":1132,"column":62}},"372":{"start":{"line":1131,"column":22},"end":{"line":1131,"column":35}},"373":{"start":{"line":1132,"column":25},"end":{"line":1132,"column":61}},"374":{"start":{"line":1134,"column":4},"end":{"line":1136,"column":5}},"375":{"start":{"line":1135,"column":6},"end":{"line":1135,"column":48}},"376":{"start":{"line":1138,"column":25},"end":{"line":1138,"column":70}},"377":{"start":{"line":1138,"column":55},"end":{"line":1138,"column":58}},"378":{"start":{"line":1139,"column":26},"end":{"line":1143,"column":null}},"379":{"start":{"line":1146,"column":4},"end":{"line":1148,"column":5}},"380":{"start":{"line":1147,"column":6},"end":{"line":1147,"column":53}},"381":{"start":{"line":1150,"column":25},"end":{"line":1159,"column":null}},"382":{"start":{"line":1151,"column":33},"end":{"line":1159,"column":8}},"383":{"start":{"line":1162,"column":23},"end":{"line":1162,"column":115}},"384":{"start":{"line":1162,"column":55},"end":{"line":1162,"column":75}},"385":{"start":{"line":1163,"column":27},"end":{"line":1165,"column":null}},"386":{"start":{"line":1164,"column":20},"end":{"line":1164,"column":54}},"387":{"start":{"line":1167,"column":31},"end":{"line":1169,"column":null}},"388":{"start":{"line":1168,"column":21},"end":{"line":1168,"column":55}},"389":{"start":{"line":1172,"column":4},"end":{"line":1176,"column":5}},"390":{"start":{"line":1173,"column":6},"end":{"line":1175,"column":8}},"391":{"start":{"line":1178,"column":4},"end":{"line":1182,"column":6}},"392":{"start":{"line":1184,"column":38},"end":{"line":1184,"column":100}},"393":{"start":{"line":1184,"column":62},"end":{"line":1184,"column":99}},"394":{"start":{"line":1185,"column":4},"end":{"line":1274,"column":5}},"395":{"start":{"line":1186,"column":27},"end":{"line":1186,"column":64}},"396":{"start":{"line":1187,"column":25},"end":{"line":1187,"column":60}},"397":{"start":{"line":1188,"column":24},"end":{"line":1188,"column":58}},"398":{"start":{"line":1189,"column":24},"end":{"line":1189,"column":58}},"399":{"start":{"line":1190,"column":31},"end":{"line":1192,"column":14}},"400":{"start":{"line":1194,"column":6},"end":{"line":1196,"column":7}},"401":{"start":{"line":1195,"column":8},"end":{"line":1195,"column":53}},"402":{"start":{"line":1197,"column":6},"end":{"line":1199,"column":7}},"403":{"start":{"line":1198,"column":8},"end":{"line":1198,"column":52}},"404":{"start":{"line":1200,"column":6},"end":{"line":1202,"column":7}},"405":{"start":{"line":1201,"column":8},"end":{"line":1201,"column":65}},"406":{"start":{"line":1203,"column":6},"end":{"line":1205,"column":7}},"407":{"start":{"line":1204,"column":8},"end":{"line":1204,"column":55}},"408":{"start":{"line":1207,"column":33},"end":{"line":1207,"column":101}},"409":{"start":{"line":1208,"column":6},"end":{"line":1210,"column":9}},"410":{"start":{"line":1209,"column":8},"end":{"line":1209,"column":94}},"411":{"start":{"line":1212,"column":33},"end":{"line":1212,"column":92}},"412":{"start":{"line":1213,"column":34},"end":{"line":1216,"column":null}},"413":{"start":{"line":1218,"column":39},"end":{"line":1220,"column":44}},"414":{"start":{"line":1220,"column":39},"end":{"line":1220,"column":43}},"415":{"start":{"line":1222,"column":6},"end":{"line":1273,"column":7}},"416":{"start":{"line":1222,"column":23},"end":{"line":1222,"column":24}},"417":{"start":{"line":1223,"column":35},"end":{"line":1223,"column":60}},"418":{"start":{"line":1224,"column":8},"end":{"line":1224,"column":48}},"419":{"start":{"line":1224,"column":39},"end":{"line":1224,"column":48}},"420":{"start":{"line":1226,"column":26},"end":{"line":1226,"column":43}},"421":{"start":{"line":1227,"column":30},"end":{"line":1245,"column":10}},"422":{"start":{"line":1246,"column":29},"end":{"line":1266,"column":10}},"423":{"start":{"line":1267,"column":8},"end":{"line":1272,"column":10}},"424":{"start":{"line":1270,"column":45},"end":{"line":1270,"column":48}},"425":{"start":{"line":1279,"column":21},"end":{"line":1282,"column":null}},"426":{"start":{"line":1284,"column":4},"end":{"line":1284,"column":75}},"427":{"start":{"line":1284,"column":17},"end":{"line":1284,"column":75}},"428":{"start":{"line":1285,"column":4},"end":{"line":1287,"column":5}},"429":{"start":{"line":1286,"column":6},"end":{"line":1286,"column":47}},"430":{"start":{"line":1289,"column":4},"end":{"line":1400,"column":7}},"431":{"start":{"line":1290,"column":43},"end":{"line":1290,"column":98}},"432":{"start":{"line":1291,"column":39},"end":{"line":1291,"column":107}},"433":{"start":{"line":1292,"column":34},"end":{"line":1292,"column":80}},"434":{"start":{"line":1293,"column":55},"end":{"line":1293,"column":57}},"435":{"start":{"line":1296,"column":6},"end":{"line":1301,"column":8}},"436":{"start":{"line":1303,"column":6},"end":{"line":1318,"column":7}},"437":{"start":{"line":1304,"column":40},"end":{"line":1306,"column":14}},"438":{"start":{"line":1305,"column":46},"end":{"line":1305,"column":59}},"439":{"start":{"line":1305,"column":79},"end":{"line":1305,"column":115}},"440":{"start":{"line":1307,"column":8},"end":{"line":1316,"column":9}},"441":{"start":{"line":1308,"column":27},"end":{"line":1308,"column":86}},"442":{"start":{"line":1309,"column":27},"end":{"line":1309,"column":60}},"443":{"start":{"line":1310,"column":10},"end":{"line":1314,"column":11}},"444":{"start":{"line":1311,"column":12},"end":{"line":1311,"column":79}},"445":{"start":{"line":1313,"column":12},"end":{"line":1313,"column":101}},"446":{"start":{"line":1315,"column":10},"end":{"line":1315,"column":19}},"447":{"start":{"line":1317,"column":8},"end":{"line":1317,"column":31}},"448":{"start":{"line":1320,"column":6},"end":{"line":1389,"column":7}},"449":{"start":{"line":1321,"column":8},"end":{"line":1323,"column":9}},"450":{"start":{"line":1322,"column":10},"end":{"line":1322,"column":19}},"451":{"start":{"line":1324,"column":8},"end":{"line":1326,"column":9}},"452":{"start":{"line":1325,"column":10},"end":{"line":1325,"column":49}},"453":{"start":{"line":1329,"column":25},"end":{"line":1332,"column":null}},"454":{"start":{"line":1334,"column":8},"end":{"line":1336,"column":9}},"455":{"start":{"line":1335,"column":10},"end":{"line":1335,"column":84}},"456":{"start":{"line":1337,"column":29},"end":{"line":1337,"column":69}},"457":{"start":{"line":1338,"column":27},"end":{"line":1338,"column":62}},"458":{"start":{"line":1339,"column":26},"end":{"line":1339,"column":60}},"459":{"start":{"line":1340,"column":26},"end":{"line":1340,"column":60}},"460":{"start":{"line":1341,"column":33},"end":{"line":1343,"column":16}},"461":{"start":{"line":1344,"column":8},"end":{"line":1348,"column":9}},"462":{"start":{"line":1345,"column":10},"end":{"line":1347,"column":12}},"463":{"start":{"line":1349,"column":8},"end":{"line":1353,"column":9}},"464":{"start":{"line":1350,"column":10},"end":{"line":1352,"column":12}},"465":{"start":{"line":1354,"column":8},"end":{"line":1356,"column":9}},"466":{"start":{"line":1355,"column":10},"end":{"line":1355,"column":72}},"467":{"start":{"line":1358,"column":8},"end":{"line":1388,"column":10}},"468":{"start":{"line":1391,"column":6},"end":{"line":1399,"column":7}},"469":{"start":{"line":1392,"column":8},"end":{"line":1398,"column":10}},"470":{"start":{"line":1408,"column":23},"end":{"line":1411,"column":null}},"471":{"start":{"line":1413,"column":4},"end":{"line":1413,"column":77}},"472":{"start":{"line":1413,"column":19},"end":{"line":1413,"column":77}},"473":{"start":{"line":1416,"column":18},"end":{"line":1424,"column":null}},"474":{"start":{"line":1427,"column":4},"end":{"line":1429,"column":5}},"475":{"start":{"line":1428,"column":6},"end":{"line":1428,"column":51}},"476":{"start":{"line":1432,"column":36},"end":{"line":1433,"column":null}},"477":{"start":{"line":1433,"column":18},"end":{"line":1433,"column":67}},"478":{"start":{"line":1435,"column":4},"end":{"line":1437,"column":5}},"479":{"start":{"line":1436,"column":6},"end":{"line":1436,"column":55}},"480":{"start":{"line":1439,"column":74},"end":{"line":1439,"column":78}},"481":{"start":{"line":1440,"column":4},"end":{"line":1506,"column":7}},"482":{"start":{"line":1441,"column":6},"end":{"line":1441,"column":75}},"483":{"start":{"line":1444,"column":23},"end":{"line":1448,"column":null}},"484":{"start":{"line":1451,"column":6},"end":{"line":1453,"column":7}},"485":{"start":{"line":1452,"column":8},"end":{"line":1452,"column":51}},"486":{"start":{"line":1456,"column":24},"end":{"line":1456,"column":68}},"487":{"start":{"line":1456,"column":48},"end":{"line":1456,"column":67}},"488":{"start":{"line":1457,"column":24},"end":{"line":1457,"column":68}},"489":{"start":{"line":1457,"column":48},"end":{"line":1457,"column":67}},"490":{"start":{"line":1459,"column":6},"end":{"line":1465,"column":7}},"491":{"start":{"line":1460,"column":8},"end":{"line":1460,"column":31}},"492":{"start":{"line":1461,"column":13},"end":{"line":1465,"column":7}},"493":{"start":{"line":1462,"column":8},"end":{"line":1462,"column":31}},"494":{"start":{"line":1464,"column":8},"end":{"line":1464,"column":41}},"495":{"start":{"line":1468,"column":6},"end":{"line":1477,"column":8}},"496":{"start":{"line":1479,"column":6},"end":{"line":1486,"column":7}},"497":{"start":{"line":1480,"column":8},"end":{"line":1485,"column":10}},"498":{"start":{"line":1489,"column":26},"end":{"line":1490,"column":null}},"499":{"start":{"line":1490,"column":20},"end":{"line":1490,"column":58}},"500":{"start":{"line":1493,"column":6},"end":{"line":1495,"column":7}},"501":{"start":{"line":1494,"column":8},"end":{"line":1494,"column":79}},"502":{"start":{"line":1498,"column":30},"end":{"line":1500,"column":null}},"503":{"start":{"line":1500,"column":10},"end":{"line":1500,"column":78}},"504":{"start":{"line":1503,"column":6},"end":{"line":1505,"column":7}},"505":{"start":{"line":1504,"column":8},"end":{"line":1504,"column":75}},"506":{"start":{"line":1508,"column":4},"end":{"line":1510,"column":6}},"507":{"start":{"line":1521,"column":28},"end":{"line":1524,"column":null}},"508":{"start":{"line":1526,"column":4},"end":{"line":1528,"column":5}},"509":{"start":{"line":1527,"column":6},"end":{"line":1527,"column":68}},"510":{"start":{"line":1529,"column":4},"end":{"line":1533,"column":5}},"511":{"start":{"line":1530,"column":6},"end":{"line":1532,"column":8}},"512":{"start":{"line":1535,"column":22},"end":{"line":1535,"column":64}},"513":{"start":{"line":1536,"column":34},"end":{"line":1536,"column":86}},"514":{"start":{"line":1537,"column":38},"end":{"line":1537,"column":86}},"515":{"start":{"line":1538,"column":39},"end":{"line":1538,"column":94}},"516":{"start":{"line":1539,"column":38},"end":{"line":1541,"column":13}},"517":{"start":{"line":1542,"column":39},"end":{"line":1544,"column":19}},"518":{"start":{"line":1547,"column":24},"end":{"line":1551,"column":22}},"519":{"start":{"line":1548,"column":18},"end":{"line":1548,"column":54}},"520":{"start":{"line":1549,"column":20},"end":{"line":1549,"column":55}},"521":{"start":{"line":1550,"column":6},"end":{"line":1550,"column":38}},"522":{"start":{"line":1554,"column":33},"end":{"line":1565,"column":6}},"523":{"start":{"line":1566,"column":43},"end":{"line":1576,"column":6}},"524":{"start":{"line":1578,"column":26},"end":{"line":1582,"column":null}},"525":{"start":{"line":1581,"column":55},"end":{"line":1581,"column":96}},"526":{"start":{"line":1584,"column":22},"end":{"line":1584,"column":52}},"527":{"start":{"line":1587,"column":4},"end":{"line":1592,"column":6}},"528":{"start":{"line":1594,"column":27},"end":{"line":1594,"column":44}},"529":{"start":{"line":1595,"column":33},"end":{"line":1595,"column":50}},"530":{"start":{"line":1596,"column":39},"end":{"line":1596,"column":86}},"531":{"start":{"line":1597,"column":39},"end":{"line":1597,"column":97}},"532":{"start":{"line":1598,"column":30},"end":{"line":1605,"column":6}},"533":{"start":{"line":1606,"column":4},"end":{"line":1606,"column":94}},"534":{"start":{"line":1608,"column":4},"end":{"line":1833,"column":5}},"535":{"start":{"line":1609,"column":24},"end":{"line":1609,"column":60}},"536":{"start":{"line":1610,"column":24},"end":{"line":1610,"column":59}},"537":{"start":{"line":1611,"column":23},"end":{"line":1611,"column":67}},"538":{"start":{"line":1612,"column":24},"end":{"line":1612,"column":62}},"539":{"start":{"line":1613,"column":24},"end":{"line":1613,"column":80}},"540":{"start":{"line":1614,"column":27},"end":{"line":1614,"column":58}},"541":{"start":{"line":1615,"column":34},"end":{"line":1615,"column":103}},"542":{"start":{"line":1616,"column":6},"end":{"line":1618,"column":7}},"543":{"start":{"line":1617,"column":8},"end":{"line":1617,"column":77}},"544":{"start":{"line":1619,"column":27},"end":{"line":1628,"column":15}},"545":{"start":{"line":1629,"column":6},"end":{"line":1629,"column":46}},"546":{"start":{"line":1631,"column":6},"end":{"line":1633,"column":7}},"547":{"start":{"line":1632,"column":8},"end":{"line":1632,"column":77}},"548":{"start":{"line":1636,"column":6},"end":{"line":1667,"column":7}},"549":{"start":{"line":1637,"column":35},"end":{"line":1648,"column":10}},"550":{"start":{"line":1649,"column":34},"end":{"line":1660,"column":10}},"551":{"start":{"line":1661,"column":8},"end":{"line":1666,"column":10}},"552":{"start":{"line":1664,"column":50},"end":{"line":1664,"column":53}},"553":{"start":{"line":1671,"column":6},"end":{"line":1743,"column":7}},"554":{"start":{"line":1672,"column":8},"end":{"line":1692,"column":10}},"555":{"start":{"line":1694,"column":21},"end":{"line":1694,"column":67}},"556":{"start":{"line":1695,"column":26},"end":{"line":1715,"column":10}},"557":{"start":{"line":1716,"column":25},"end":{"line":1736,"column":10}},"558":{"start":{"line":1737,"column":8},"end":{"line":1742,"column":10}},"559":{"start":{"line":1740,"column":41},"end":{"line":1740,"column":44}},"560":{"start":{"line":1744,"column":6},"end":{"line":1744,"column":20}},"561":{"start":{"line":1747,"column":6},"end":{"line":1790,"column":7}},"562":{"start":{"line":1748,"column":8},"end":{"line":1768,"column":10}},"563":{"start":{"line":1770,"column":8},"end":{"line":1789,"column":10}},"564":{"start":{"line":1791,"column":6},"end":{"line":1791,"column":57}},"565":{"start":{"line":1793,"column":6},"end":{"line":1803,"column":7}},"566":{"start":{"line":1794,"column":8},"end":{"line":1802,"column":10}},"567":{"start":{"line":1806,"column":6},"end":{"line":1832,"column":7}},"568":{"start":{"line":1807,"column":25},"end":{"line":1812,"column":null}},"569":{"start":{"line":1814,"column":8},"end":{"line":1827,"column":10}},"570":{"start":{"line":1828,"column":28},"end":{"line":1828,"column":72}},"571":{"start":{"line":1829,"column":8},"end":{"line":1831,"column":9}},"572":{"start":{"line":1830,"column":10},"end":{"line":1830,"column":48}},"573":{"start":{"line":1835,"column":4},"end":{"line":1837,"column":5}},"574":{"start":{"line":1836,"column":6},"end":{"line":1836,"column":73}},"575":{"start":{"line":1839,"column":4},"end":{"line":1844,"column":7}},"576":{"start":{"line":1846,"column":4},"end":{"line":1849,"column":5}},"577":{"start":{"line":1847,"column":6},"end":{"line":1847,"column":67}},"578":{"start":{"line":1848,"column":6},"end":{"line":1848,"column":70}},"579":{"start":{"line":1852,"column":4},"end":{"line":1857,"column":6}},"580":{"start":{"line":1864,"column":24},"end":{"line":1886,"column":null}},"581":{"start":{"line":1889,"column":4},"end":{"line":1889,"column":27}},"582":{"start":{"line":1889,"column":20},"end":{"line":1889,"column":27}},"583":{"start":{"line":1891,"column":23},"end":{"line":1891,"column":63}},"584":{"start":{"line":1892,"column":24},"end":{"line":1892,"column":65}},"585":{"start":{"line":1893,"column":25},"end":{"line":1893,"column":77}},"586":{"start":{"line":1894,"column":23},"end":{"line":1898,"column":19}},"587":{"start":{"line":1900,"column":4},"end":{"line":1911,"column":6}},"588":{"start":{"line":1922,"column":17},"end":{"line":1924,"column":null}},"589":{"start":{"line":1926,"column":45},"end":{"line":1926,"column":98}},"590":{"start":{"line":1928,"column":21},"end":{"line":1928,"column":68}},"591":{"start":{"line":1930,"column":21},"end":{"line":1932,"column":22}},"592":{"start":{"line":1931,"column":6},"end":{"line":1931,"column":59}},"593":{"start":{"line":1934,"column":25},"end":{"line":1951,"column":null}},"594":{"start":{"line":1953,"column":21},"end":{"line":1953,"column":50}},"595":{"start":{"line":1955,"column":4},"end":{"line":2002,"column":5}},"596":{"start":{"line":1956,"column":24},"end":{"line":1956,"column":59}},"597":{"start":{"line":1958,"column":6},"end":{"line":1990,"column":8}},"598":{"start":{"line":1993,"column":6},"end":{"line":2001,"column":7}},"599":{"start":{"line":1994,"column":8},"end":{"line":2000,"column":10}},"600":{"start":{"line":2005,"column":4},"end":{"line":2010,"column":6}},"601":{"start":{"line":2015,"column":21},"end":{"line":2029,"column":null}},"602":{"start":{"line":2031,"column":4},"end":{"line":2031,"column":75}},"603":{"start":{"line":2031,"column":17},"end":{"line":2031,"column":75}},"604":{"start":{"line":2033,"column":24},"end":{"line":2047,"column":null}},"605":{"start":{"line":2050,"column":24},"end":{"line":2052,"column":22}},"606":{"start":{"line":2051,"column":6},"end":{"line":2051,"column":55}},"607":{"start":{"line":2054,"column":4},"end":{"line":2059,"column":6}},"608":{"start":{"line":148,"column":0},"end":{"line":148,"column":13}},"609":{"start":{"line":153,"column":17},"end":{"line":153,"column":69}},"610":{"start":{"line":154,"column":17},"end":{"line":154,"column":86}},"611":{"start":{"line":155,"column":17},"end":{"line":155,"column":70}},"612":{"start":{"line":156,"column":17},"end":{"line":156,"column":77}},"613":{"start":{"line":157,"column":17},"end":{"line":157,"column":80}},"614":{"start":{"line":158,"column":17},"end":{"line":158,"column":69}},"615":{"start":{"line":159,"column":17},"end":{"line":159,"column":67}},"616":{"start":{"line":160,"column":17},"end":{"line":160,"column":67}},"617":{"start":{"line":161,"column":17},"end":{"line":161,"column":67}},"618":{"start":{"line":162,"column":17},"end":{"line":162,"column":73}},"619":{"start":{"line":163,"column":17},"end":{"line":163,"column":70}},"620":{"start":{"line":164,"column":17},"end":{"line":164,"column":83}}},"fnMap":{"0":{"name":"formatInspectionQty","decl":{"start":{"line":84,"column":9},"end":{"line":84,"column":28}},"loc":{"start":{"line":84,"column":49},"end":{"line":86,"column":1}}},"1":{"name":"allocateQtyAcrossCapacities","decl":{"start":{"line":88,"column":9},"end":{"line":88,"column":36}},"loc":{"start":{"line":90,"column":23},"end":{"line":107,"column":1}}},"2":{"name":"(anonymous_3)","decl":{"start":{"line":92,"column":37},"end":{"line":92,"column":40}},"loc":{"start":{"line":92,"column":43},"end":{"line":92,"column":57}}},"3":{"name":"allocatePassedFailedAcrossCapacities","decl":{"start":{"line":109,"column":9},"end":{"line":109,"column":45}},"loc":{"start":{"line":112,"column":23},"end":{"line":144,"column":1}}},"4":{"name":"(anonymous_5)","decl":{"start":{"line":114,"column":45},"end":{"line":114,"column":46}},"loc":{"start":{"line":114,"column":59},"end":{"line":114,"column":80}}},"5":{"name":"(anonymous_6)","decl":{"start":{"line":115,"column":43},"end":{"line":115,"column":46}},"loc":{"start":{"line":115,"column":49},"end":{"line":115,"column":63}}},"6":{"name":"(anonymous_7)","decl":{"start":{"line":116,"column":43},"end":{"line":116,"column":46}},"loc":{"start":{"line":116,"column":49},"end":{"line":116,"column":63}}},"7":{"name":"(anonymous_8)","decl":{"start":{"line":140,"column":24},"end":{"line":140,"column":25}},"loc":{"start":{"line":140,"column":39},"end":{"line":143,"column":4}}},"8":{"name":"(anonymous_9)","decl":{"start":{"line":166,"column":2},"end":{"line":166,"column":14}},"loc":{"start":{"line":166,"column":78},"end":{"line":170,"column":3}}},"9":{"name":"(anonymous_10)","decl":{"start":{"line":172,"column":10},"end":{"line":172,"column":15}},"loc":{"start":{"line":172,"column":37},"end":{"line":175,"column":3}}},"10":{"name":"(anonymous_11)","decl":{"start":{"line":177,"column":10},"end":{"line":177,"column":21}},"loc":{"start":{"line":177,"column":21},"end":{"line":179,"column":3}}},"11":{"name":"(anonymous_12)","decl":{"start":{"line":181,"column":10},"end":{"line":181,"column":49}},"loc":{"start":{"line":181,"column":87},"end":{"line":185,"column":3}}},"12":{"name":"(anonymous_13)","decl":{"start":{"line":187,"column":10},"end":{"line":187,"column":47}},"loc":{"start":{"line":188,"column":51},"end":{"line":195,"column":3}}},"13":{"name":"(anonymous_14)","decl":{"start":{"line":197,"column":10},"end":{"line":197,"column":15}},"loc":{"start":{"line":197,"column":66},"end":{"line":209,"column":3}}},"14":{"name":"(anonymous_15)","decl":{"start":{"line":202,"column":40},"end":{"line":202,"column":41}},"loc":{"start":{"line":203,"column":10},"end":{"line":203,"column":70}}},"15":{"name":"(anonymous_16)","decl":{"start":{"line":211,"column":10},"end":{"line":211,"column":15}},"loc":{"start":{"line":213,"column":17},"end":{"line":216,"column":3}}},"16":{"name":"(anonymous_17)","decl":{"start":{"line":218,"column":10},"end":{"line":218,"column":15}},"loc":{"start":{"line":221,"column":26},"end":{"line":459,"column":3}}},"17":{"name":"(anonymous_18)","decl":{"start":{"line":339,"column":48},"end":{"line":339,"column":49}},"loc":{"start":{"line":339,"column":63},"end":{"line":339,"column":96}}},"18":{"name":"(anonymous_19)","decl":{"start":{"line":454,"column":14},"end":{"line":454,"column":15}},"loc":{"start":{"line":454,"column":24},"end":{"line":454,"column":76}}},"19":{"name":"(anonymous_20)","decl":{"start":{"line":455,"column":11},"end":{"line":455,"column":12}},"loc":{"start":{"line":455,"column":22},"end":{"line":458,"column":8}}},"20":{"name":"(anonymous_21)","decl":{"start":{"line":461,"column":10},"end":{"line":461,"column":15}},"loc":{"start":{"line":461,"column":52},"end":{"line":476,"column":3}}},"21":{"name":"(anonymous_22)","decl":{"start":{"line":478,"column":10},"end":{"line":478,"column":15}},"loc":{"start":{"line":478,"column":52},"end":{"line":493,"column":3}}},"22":{"name":"(anonymous_23)","decl":{"start":{"line":495,"column":10},"end":{"line":495,"column":15}},"loc":{"start":{"line":495,"column":58},"end":{"line":510,"column":3}}},"23":{"name":"(anonymous_24)","decl":{"start":{"line":512,"column":10},"end":{"line":512,"column":15}},"loc":{"start":{"line":512,"column":79},"end":{"line":528,"column":3}}},"24":{"name":"(anonymous_25)","decl":{"start":{"line":530,"column":10},"end":{"line":530,"column":15}},"loc":{"start":{"line":530,"column":88},"end":{"line":546,"column":3}}},"25":{"name":"(anonymous_26)","decl":{"start":{"line":548,"column":10},"end":{"line":548,"column":34}},"loc":{"start":{"line":548,"column":112},"end":{"line":550,"column":3}}},"26":{"name":"(anonymous_27)","decl":{"start":{"line":552,"column":10},"end":{"line":552,"column":40}},"loc":{"start":{"line":552,"column":75},"end":{"line":575,"column":3}}},"27":{"name":"(anonymous_28)","decl":{"start":{"line":555,"column":39},"end":{"line":555,"column":40}},"loc":{"start":{"line":555,"column":56},"end":{"line":555,"column":72}}},"28":{"name":"(anonymous_29)","decl":{"start":{"line":561,"column":23},"end":{"line":561,"column":24}},"loc":{"start":{"line":561,"column":41},"end":{"line":574,"column":5}}},"29":{"name":"(anonymous_30)","decl":{"start":{"line":577,"column":10},"end":{"line":577,"column":15}},"loc":{"start":{"line":581,"column":44},"end":{"line":670,"column":3}}},"30":{"name":"(anonymous_31)","decl":{"start":{"line":585,"column":37},"end":{"line":585,"column":38}},"loc":{"start":{"line":586,"column":6},"end":{"line":590,"column":58}}},"31":{"name":"(anonymous_32)","decl":{"start":{"line":596,"column":42},"end":{"line":596,"column":43}},"loc":{"start":{"line":596,"column":52},"end":{"line":602,"column":16}}},"32":{"name":"(anonymous_33)","decl":{"start":{"line":604,"column":40},"end":{"line":604,"column":41}},"loc":{"start":{"line":604,"column":50},"end":{"line":610,"column":16}}},"33":{"name":"(anonymous_34)","decl":{"start":{"line":656,"column":37},"end":{"line":656,"column":38}},"loc":{"start":{"line":656,"column":55},"end":{"line":666,"column":10}}},"34":{"name":"(anonymous_35)","decl":{"start":{"line":672,"column":10},"end":{"line":672,"column":15}},"loc":{"start":{"line":672,"column":67},"end":{"line":688,"column":3}}},"35":{"name":"(anonymous_36)","decl":{"start":{"line":690,"column":10},"end":{"line":690,"column":15}},"loc":{"start":{"line":691,"column":27},"end":{"line":711,"column":3}}},"36":{"name":"(anonymous_37)","decl":{"start":{"line":706,"column":37},"end":{"line":706,"column":38}},"loc":{"start":{"line":706,"column":46},"end":{"line":706,"column":69}}},"37":{"name":"(anonymous_38)","decl":{"start":{"line":713,"column":10},"end":{"line":713,"column":15}},"loc":{"start":{"line":713,"column":68},"end":{"line":728,"column":3}}},"38":{"name":"(anonymous_39)","decl":{"start":{"line":730,"column":10},"end":{"line":730,"column":15}},"loc":{"start":{"line":730,"column":75},"end":{"line":746,"column":3}}},"39":{"name":"(anonymous_40)","decl":{"start":{"line":748,"column":10},"end":{"line":748,"column":15}},"loc":{"start":{"line":748,"column":78},"end":{"line":764,"column":3}}},"40":{"name":"(anonymous_41)","decl":{"start":{"line":766,"column":10},"end":{"line":766,"column":15}},"loc":{"start":{"line":766,"column":73},"end":{"line":782,"column":3}}},"41":{"name":"(anonymous_42)","decl":{"start":{"line":784,"column":10},"end":{"line":784,"column":15}},"loc":{"start":{"line":784,"column":70},"end":{"line":802,"column":3}}},"42":{"name":"(anonymous_43)","decl":{"start":{"line":805,"column":2},"end":{"line":805,"column":7}},"loc":{"start":{"line":805,"column":41},"end":{"line":857,"column":3}}},"43":{"name":"(anonymous_44)","decl":{"start":{"line":860,"column":2},"end":{"line":860,"column":7}},"loc":{"start":{"line":860,"column":26},"end":{"line":940,"column":3}}},"44":{"name":"(anonymous_45)","decl":{"start":{"line":899,"column":38},"end":{"line":899,"column":43}},"loc":{"start":{"line":899,"column":56},"end":{"line":901,"column":7}}},"45":{"name":"(anonymous_46)","decl":{"start":{"line":920,"column":31},"end":{"line":920,"column":32}},"loc":{"start":{"line":920,"column":42},"end":{"line":937,"column":6}}},"46":{"name":"(anonymous_47)","decl":{"start":{"line":943,"column":2},"end":{"line":943,"column":7}},"loc":{"start":{"line":943,"column":45},"end":{"line":1068,"column":3}}},"47":{"name":"(anonymous_48)","decl":{"start":{"line":976,"column":6},"end":{"line":976,"column":7}},"loc":{"start":{"line":976,"column":21},"end":{"line":976,"column":73}}},"48":{"name":"(anonymous_49)","decl":{"start":{"line":980,"column":6},"end":{"line":980,"column":7}},"loc":{"start":{"line":980,"column":21},"end":{"line":980,"column":49}}},"49":{"name":"(anonymous_50)","decl":{"start":{"line":988,"column":37},"end":{"line":988,"column":42}},"loc":{"start":{"line":988,"column":55},"end":{"line":1067,"column":5}}},"50":{"name":"(anonymous_51)","decl":{"start":{"line":1045,"column":39},"end":{"line":1045,"column":40}},"loc":{"start":{"line":1045,"column":50},"end":{"line":1055,"column":12}}},"51":{"name":"(anonymous_52)","decl":{"start":{"line":1070,"column":10},"end":{"line":1070,"column":35}},"loc":{"start":{"line":1070,"column":45},"end":{"line":1086,"column":3}}},"52":{"name":"(anonymous_53)","decl":{"start":{"line":1088,"column":10},"end":{"line":1088,"column":15}},"loc":{"start":{"line":1090,"column":17},"end":{"line":1097,"column":3}}},"53":{"name":"(anonymous_54)","decl":{"start":{"line":1099,"column":10},"end":{"line":1099,"column":15}},"loc":{"start":{"line":1101,"column":17},"end":{"line":1112,"column":3}}},"54":{"name":"(anonymous_55)","decl":{"start":{"line":1114,"column":10},"end":{"line":1114,"column":39}},"loc":{"start":{"line":1114,"column":63},"end":{"line":1120,"column":3}}},"55":{"name":"(anonymous_56)","decl":{"start":{"line":1116,"column":11},"end":{"line":1116,"column":12}},"loc":{"start":{"line":1116,"column":19},"end":{"line":1116,"column":29}}},"56":{"name":"(anonymous_57)","decl":{"start":{"line":1117,"column":14},"end":{"line":1117,"column":15}},"loc":{"start":{"line":1117,"column":22},"end":{"line":1117,"column":52}}},"57":{"name":"(anonymous_58)","decl":{"start":{"line":1118,"column":12},"end":{"line":1118,"column":13}},"loc":{"start":{"line":1118,"column":22},"end":{"line":1118,"column":27}}},"58":{"name":"(anonymous_59)","decl":{"start":{"line":1122,"column":10},"end":{"line":1122,"column":15}},"loc":{"start":{"line":1127,"column":38},"end":{"line":1275,"column":3}}},"59":{"name":"(anonymous_60)","decl":{"start":{"line":1131,"column":11},"end":{"line":1131,"column":12}},"loc":{"start":{"line":1131,"column":22},"end":{"line":1131,"column":35}}},"60":{"name":"(anonymous_61)","decl":{"start":{"line":1132,"column":14},"end":{"line":1132,"column":15}},"loc":{"start":{"line":1132,"column":25},"end":{"line":1132,"column":61}}},"61":{"name":"(anonymous_62)","decl":{"start":{"line":1138,"column":49},"end":{"line":1138,"column":52}},"loc":{"start":{"line":1138,"column":55},"end":{"line":1138,"column":58}}},"62":{"name":"(anonymous_63)","decl":{"start":{"line":1151,"column":24},"end":{"line":1151,"column":25}},"loc":{"start":{"line":1151,"column":33},"end":{"line":1159,"column":8}}},"63":{"name":"(anonymous_64)","decl":{"start":{"line":1162,"column":47},"end":{"line":1162,"column":48}},"loc":{"start":{"line":1162,"column":55},"end":{"line":1162,"column":75}}},"64":{"name":"(anonymous_65)","decl":{"start":{"line":1164,"column":6},"end":{"line":1164,"column":7}},"loc":{"start":{"line":1164,"column":20},"end":{"line":1164,"column":54}}},"65":{"name":"(anonymous_66)","decl":{"start":{"line":1168,"column":6},"end":{"line":1168,"column":7}},"loc":{"start":{"line":1168,"column":21},"end":{"line":1168,"column":55}}},"66":{"name":"(anonymous_67)","decl":{"start":{"line":1184,"column":53},"end":{"line":1184,"column":54}},"loc":{"start":{"line":1184,"column":62},"end":{"line":1184,"column":99}}},"67":{"name":"(anonymous_68)","decl":{"start":{"line":1208,"column":33},"end":{"line":1208,"column":34}},"loc":{"start":{"line":1208,"column":55},"end":{"line":1210,"column":7}}},"68":{"name":"(anonymous_69)","decl":{"start":{"line":1220,"column":33},"end":{"line":1220,"column":36}},"loc":{"start":{"line":1220,"column":39},"end":{"line":1220,"column":43}}},"69":{"name":"(anonymous_70)","decl":{"start":{"line":1270,"column":39},"end":{"line":1270,"column":42}},"loc":{"start":{"line":1270,"column":45},"end":{"line":1270,"column":48}}},"70":{"name":"(anonymous_71)","decl":{"start":{"line":1278,"column":2},"end":{"line":1278,"column":7}},"loc":{"start":{"line":1278,"column":66},"end":{"line":1401,"column":3}}},"71":{"name":"(anonymous_72)","decl":{"start":{"line":1289,"column":36},"end":{"line":1289,"column":41}},"loc":{"start":{"line":1289,"column":54},"end":{"line":1400,"column":5}}},"72":{"name":"(anonymous_73)","decl":{"start":{"line":1305,"column":35},"end":{"line":1305,"column":36}},"loc":{"start":{"line":1305,"column":46},"end":{"line":1305,"column":59}}},"73":{"name":"(anonymous_74)","decl":{"start":{"line":1305,"column":68},"end":{"line":1305,"column":69}},"loc":{"start":{"line":1305,"column":79},"end":{"line":1305,"column":115}}},"74":{"name":"(anonymous_75)","decl":{"start":{"line":1404,"column":2},"end":{"line":1404,"column":7}},"loc":{"start":{"line":1404,"column":57},"end":{"line":1511,"column":3}}},"75":{"name":"(anonymous_76)","decl":{"start":{"line":1433,"column":6},"end":{"line":1433,"column":7}},"loc":{"start":{"line":1433,"column":18},"end":{"line":1433,"column":67}}},"76":{"name":"(anonymous_77)","decl":{"start":{"line":1440,"column":36},"end":{"line":1440,"column":41}},"loc":{"start":{"line":1440,"column":54},"end":{"line":1506,"column":5}}},"77":{"name":"(anonymous_78)","decl":{"start":{"line":1456,"column":36},"end":{"line":1456,"column":37}},"loc":{"start":{"line":1456,"column":48},"end":{"line":1456,"column":67}}},"78":{"name":"(anonymous_79)","decl":{"start":{"line":1457,"column":36},"end":{"line":1457,"column":37}},"loc":{"start":{"line":1457,"column":48},"end":{"line":1457,"column":67}}},"79":{"name":"(anonymous_80)","decl":{"start":{"line":1490,"column":8},"end":{"line":1490,"column":9}},"loc":{"start":{"line":1490,"column":20},"end":{"line":1490,"column":58}}},"80":{"name":"(anonymous_81)","decl":{"start":{"line":1499,"column":8},"end":{"line":1499,"column":9}},"loc":{"start":{"line":1500,"column":10},"end":{"line":1500,"column":78}}},"81":{"name":"(anonymous_82)","decl":{"start":{"line":1514,"column":10},"end":{"line":1514,"column":15}},"loc":{"start":{"line":1519,"column":77},"end":{"line":1858,"column":3}}},"82":{"name":"(anonymous_83)","decl":{"start":{"line":1547,"column":43},"end":{"line":1547,"column":44}},"loc":{"start":{"line":1547,"column":71},"end":{"line":1551,"column":5}}},"83":{"name":"(anonymous_84)","decl":{"start":{"line":1581,"column":42},"end":{"line":1581,"column":43}},"loc":{"start":{"line":1581,"column":55},"end":{"line":1581,"column":96}}},"84":{"name":"(anonymous_85)","decl":{"start":{"line":1664,"column":44},"end":{"line":1664,"column":47}},"loc":{"start":{"line":1664,"column":50},"end":{"line":1664,"column":53}}},"85":{"name":"(anonymous_86)","decl":{"start":{"line":1740,"column":35},"end":{"line":1740,"column":38}},"loc":{"start":{"line":1740,"column":41},"end":{"line":1740,"column":44}}},"86":{"name":"(anonymous_87)","decl":{"start":{"line":1860,"column":10},"end":{"line":1860,"column":15}},"loc":{"start":{"line":1862,"column":23},"end":{"line":1912,"column":3}}},"87":{"name":"(anonymous_88)","decl":{"start":{"line":1915,"column":10},"end":{"line":1915,"column":15}},"loc":{"start":{"line":1919,"column":22},"end":{"line":2011,"column":3}}},"88":{"name":"(anonymous_89)","decl":{"start":{"line":1930,"column":40},"end":{"line":1930,"column":41}},"loc":{"start":{"line":1930,"column":68},"end":{"line":1932,"column":5}}},"89":{"name":"(anonymous_90)","decl":{"start":{"line":2014,"column":2},"end":{"line":2014,"column":7}},"loc":{"start":{"line":2014,"column":33},"end":{"line":2060,"column":3}}},"90":{"name":"(anonymous_91)","decl":{"start":{"line":2050,"column":43},"end":{"line":2050,"column":44}},"loc":{"start":{"line":2050,"column":71},"end":{"line":2052,"column":5}}}},"branchMap":{"0":{"loc":{"start":{"line":85,"column":21},"end":{"line":85,"column":31}},"type":"binary-expr","locations":[{"start":{"line":85,"column":21},"end":{"line":85,"column":26}},{"start":{"line":85,"column":30},"end":{"line":85,"column":31}}]},"1":{"loc":{"start":{"line":96,"column":4},"end":{"line":96,"column":32}},"type":"if","locations":[{"start":{"line":96,"column":4},"end":{"line":96,"column":32}}]},"2":{"loc":{"start":{"line":102,"column":2},"end":{"line":104,"column":3}},"type":"if","locations":[{"start":{"line":102,"column":2},"end":{"line":104,"column":3}}]},"3":{"loc":{"start":{"line":121,"column":4},"end":{"line":121,"column":38}},"type":"if","locations":[{"start":{"line":121,"column":4},"end":{"line":121,"column":38}}]},"4":{"loc":{"start":{"line":129,"column":4},"end":{"line":129,"column":38}},"type":"if","locations":[{"start":{"line":129,"column":4},"end":{"line":129,"column":38}}]},"5":{"loc":{"start":{"line":136,"column":2},"end":{"line":138,"column":3}},"type":"if","locations":[{"start":{"line":136,"column":2},"end":{"line":138,"column":3}}]},"6":{"loc":{"start":{"line":136,"column":6},"end":{"line":136,"column":54}},"type":"binary-expr","locations":[{"start":{"line":136,"column":6},"end":{"line":136,"column":28}},{"start":{"line":136,"column":32},"end":{"line":136,"column":54}}]},"7":{"loc":{"start":{"line":173,"column":4},"end":{"line":173,"column":105}},"type":"binary-expr","locations":[{"start":{"line":173,"column":4},"end":{"line":173,"column":34}},{"start":{"line":173,"column":4},"end":{"line":173,"column":104}}]},"8":{"loc":{"start":{"line":183,"column":21},"end":{"line":183,"column":84}},"type":"binary-expr","locations":[{"start":{"line":183,"column":21},"end":{"line":183,"column":61}},{"start":{"line":183,"column":21},"end":{"line":183,"column":83}}]},"9":{"loc":{"start":{"line":190,"column":30},"end":{"line":190,"column":70}},"type":"binary-expr","locations":[{"start":{"line":190,"column":30},"end":{"line":190,"column":64}},{"start":{"line":190,"column":68},"end":{"line":190,"column":70}}]},"10":{"loc":{"start":{"line":191,"column":4},"end":{"line":193,"column":5}},"type":"if","locations":[{"start":{"line":191,"column":4},"end":{"line":193,"column":5}}]},"11":{"loc":{"start":{"line":198,"column":4},"end":{"line":198,"column":36}},"type":"if","locations":[{"start":{"line":198,"column":4},"end":{"line":198,"column":36}}]},"12":{"loc":{"start":{"line":235,"column":6},"end":{"line":260,"column":null}},"type":"cond-expr","locations":[{"start":{"line":236,"column":10},"end":{"line":248,"column":null}},{"start":{"line":249,"column":10},"end":{"line":260,"column":null}}]},"13":{"loc":{"start":{"line":240,"column":15},"end":{"line":240,"column":124}},"type":"cond-expr","locations":[{"start":{"line":240,"column":49},"end":{"line":240,"column":100}},{"start":{"line":240,"column":103},"end":{"line":240,"column":124}}]},"14":{"loc":{"start":{"line":247,"column":50},"end":{"line":247,"column":129}},"type":"cond-expr","locations":[{"start":{"line":247,"column":84},"end":{"line":247,"column":120}},{"start":{"line":247,"column":123},"end":{"line":247,"column":129}}]},"15":{"loc":{"start":{"line":252,"column":15},"end":{"line":252,"column":124}},"type":"cond-expr","locations":[{"start":{"line":252,"column":49},"end":{"line":252,"column":100}},{"start":{"line":252,"column":103},"end":{"line":252,"column":124}}]},"16":{"loc":{"start":{"line":259,"column":34},"end":{"line":259,"column":113}},"type":"cond-expr","locations":[{"start":{"line":259,"column":68},"end":{"line":259,"column":104}},{"start":{"line":259,"column":107},"end":{"line":259,"column":113}}]},"17":{"loc":{"start":{"line":292,"column":6},"end":{"line":309,"column":null}},"type":"cond-expr","locations":[{"start":{"line":293,"column":10},"end":{"line":301,"column":null}},{"start":{"line":302,"column":10},"end":{"line":309,"column":null}}]},"18":{"loc":{"start":{"line":322,"column":19},"end":{"line":322,"column":54}},"type":"binary-expr","locations":[{"start":{"line":322,"column":19},"end":{"line":322,"column":48}},{"start":{"line":322,"column":52},"end":{"line":322,"column":54}}]},"19":{"loc":{"start":{"line":327,"column":36},"end":{"line":327,"column":55}},"type":"binary-expr","locations":[{"start":{"line":327,"column":36},"end":{"line":327,"column":48}},{"start":{"line":327,"column":52},"end":{"line":327,"column":55}}]},"20":{"loc":{"start":{"line":333,"column":45},"end":{"line":333,"column":77}},"type":"binary-expr","locations":[{"start":{"line":333,"column":45},"end":{"line":333,"column":70}},{"start":{"line":333,"column":74},"end":{"line":333,"column":77}}]},"21":{"loc":{"start":{"line":334,"column":6},"end":{"line":334,"column":39}},"type":"if","locations":[{"start":{"line":334,"column":6},"end":{"line":334,"column":39}}]},"22":{"loc":{"start":{"line":336,"column":31},"end":{"line":336,"column":101}},"type":"cond-expr","locations":[{"start":{"line":336,"column":64},"end":{"line":336,"column":68}},{"start":{"line":336,"column":71},"end":{"line":336,"column":101}}]},"23":{"loc":{"start":{"line":337,"column":6},"end":{"line":348,"column":7}},"type":"if","locations":[{"start":{"line":337,"column":6},"end":{"line":348,"column":7}}]},"24":{"loc":{"start":{"line":338,"column":27},"end":{"line":338,"column":70}},"type":"binary-expr","locations":[{"start":{"line":338,"column":27},"end":{"line":338,"column":64}},{"start":{"line":338,"column":68},"end":{"line":338,"column":70}}]},"25":{"loc":{"start":{"line":342,"column":11},"end":{"line":342,"column":69}},"type":"binary-expr","locations":[{"start":{"line":342,"column":11},"end":{"line":342,"column":51}},{"start":{"line":342,"column":55},"end":{"line":342,"column":69}}]},"26":{"loc":{"start":{"line":344,"column":8},"end":{"line":346,"column":9}},"type":"if","locations":[{"start":{"line":344,"column":8},"end":{"line":346,"column":9}}]},"27":{"loc":{"start":{"line":351,"column":25},"end":{"line":351,"column":68}},"type":"binary-expr","locations":[{"start":{"line":351,"column":25},"end":{"line":351,"column":62}},{"start":{"line":351,"column":66},"end":{"line":351,"column":68}}]},"28":{"loc":{"start":{"line":353,"column":8},"end":{"line":353,"column":47}},"type":"if","locations":[{"start":{"line":353,"column":8},"end":{"line":353,"column":47}}]},"29":{"loc":{"start":{"line":354,"column":8},"end":{"line":354,"column":47}},"type":"if","locations":[{"start":{"line":354,"column":8},"end":{"line":354,"column":47}}]},"30":{"loc":{"start":{"line":378,"column":23},"end":{"line":378,"column":93}},"type":"cond-expr","locations":[{"start":{"line":378,"column":56},"end":{"line":378,"column":60}},{"start":{"line":378,"column":63},"end":{"line":378,"column":93}}]},"31":{"loc":{"start":{"line":379,"column":6},"end":{"line":414,"column":7}},"type":"if","locations":[{"start":{"line":379,"column":6},"end":{"line":414,"column":7}}]},"32":{"loc":{"start":{"line":381,"column":47},"end":{"line":381,"column":79}},"type":"binary-expr","locations":[{"start":{"line":381,"column":
[...]
,"18":0,"19":0,"20":0,"21":0,"22":0,"23":0,"24":0,"25":0,"26":0,"27":0,"28":0,"29":0,"30":3,"31":0,"32":3,"33":3,"34":3,"35":3,"36":0,"37":3,"38":3,"39":60,"40":60,"41":60,"42":0,"43":60,"44":60,"45":0,"46":60,"47":37,"48":37,"49":15,"50":12,"51":19,"52":11,"53":11,"54":12,"55":12,"56":12,"57":11,"58":11,"59":1,"60":1,"61":1,"62":1,"63":11,"64":4,"65":3,"66":3,"67":3,"68":4,"69":4,"70":4,"71":4,"72":1,"73":1,"74":1,"75":3,"76":3,"77":3,"78":3,"79":3,"80":3,"81":8,"82":8,"83":11,"84":11,"85":11,"86":10,"87":10,"88":1,"89":8,"90":1,"91":1,"92":12,"93":12,"94":0,"95":0,"96":0,"97":0,"98":0,"99":0,"100":0,"101":0,"102":0,"103":0,"104":0,"105":0,"106":0,"107":4,"108":4,"109":4,"110":4,"111":4,"112":4,"113":4,"114":4,"115":1,"116":1,"117":1,"118":1,"119":1,"120":4,"121":4,"122":4,"123":3,"124":1,"125":3,"126":3,"127":2,"128":2,"129":2,"130":0,"131":0,"132":0,"133":0,"134":0,"135":0,"136":0,"137":0,"138":0,"139":0,"140":0,"141":0,"142":0,"143":0,"144":0,"145":9,"146":9,"147":9,"148":0,"149":9,"150":0,"151":0,"152":0,"153":0,"154":0,"155":3,"156":3,"157":3,"158":3,"159":3,"160":3,"161":0,"162":3,"163":3,"164":3,"165":3,"166":3,"167":3,"168":3,"169":3,"170":3,"171":0,"172":3,"173":3,"174":3,"175":3,"176":0,"177":3,"178":0,"179":3,"180":3,"181":3,"182":0,"183":3,"184":2,"185":2,"186":1,"187":1,"188":1,"189":1,"190":1,"191":0,"192":0,"193":0,"194":0,"195":0,"196":0,"197":0,"198":0,"199":0,"200":0,"201":0,"202":0,"203":0,"204":0,"205":0,"206":0,"207":0,"208":0,"209":0,"210":0,"211":0,"212":0,"213":0,"214":0,"215":0,"216":0,"217":0,"218":0,"219":0,"220":0,"221":0,"222":0,"223":0,"224":0,"225":0,"226":0,"227":0,"228":0,"229":0,"230":0,"231":0,"232":0,"233":0,"234":0,"235":0,"236":0,"237":0,"238":0,"239":0,"240":0,"241":0,"242":0,"243":0,"244":0,"245":0,"246":0,"247":0,"248":0,"249":0,"250":0,"251":0,"252":0,"253":0,"254":0,"255":0,"256":0,"257":0,"258":9,"259":9,"260":9,"261":1,"262":8,"263":8,"264":8,"265":8,"266":1,"267":8,"268":8,"269":8,"270":8,"271":8,"272":8,"273":8,"274":8,"275":8,"276":8,"277":7,"278":7,"279":8,"280":1,"281":7,"282":9,"283":9,"284":9,"285":0,"286":9,"287":9,"288":9,"289":1,"290":8,"291":8,"292":8,"293":8,"294":8,"295":8,"296":0,"297":8,"298":1,"299":5,"300":5,"301":5,"302":5,"303":5,"304":5,"305":6,"306":6,"307":6,"308":57,"309":5,"310":0,"311":0,"312":0,"313":6,"314":5,"315":1,"316":1,"317":1,"318":3,"319":3,"320":0,"321":0,"322":0,"323":0,"324":0,"325":3,"326":3,"327":0,"328":0,"329":0,"330":1,"331":1,"332":1,"333":1,"334":1,"335":1,"336":1},"f":{"0":20,"1":0,"2":0,"3":0,"4":0,"5":0,"6":0,"7":3,"8":3,"9":3,"10":3,"11":60,"12":60,"13":37,"14":15,"15":12,"16":19,"17":11,"18":4,"19":3,"20":8,"21":1,"22":1,"23":12,"24":0,"25":0,"26":4,"27":4,"28":4,"29":2,"30":0,"31":9,"32":3,"33":3,"34":3,"35":3,"36":2,"37":1,"38":0,"39":0,"40":0,"41":0,"42":0,"43":0,"44":0,"45":9,"46":8,"47":1,"48":8,"49":5,"50":57,"51":0,"52":6,"53":3,"54":0,"55":3},"b":{"0":[0,0],"1":[0],"2":[0],"3":[0],"4":[0],"5":[0],"6":[0],"7":[0],"8":[60,60,60],"9":[60,0],"10":[60,0],"11":[37,19],"12":[37,19],"13":[19,2],"14":[11],"15":[4,0],"16":[4,2],"17":[1],"18":[1,2],"19":[3,3],"20":[10],"21":[10,5],"22":[1,0],"23":[12],"24":[0,0],"25":[0],"26":[0,0],"27":[0],"28":[0,0],"29":[4,3],"30":[4,0],"31":[4,4],"32":[1],"33":[1,0],"34":[1],"35":[1,1,1],"36":[4,3],"37":[1],"38":[0],"39":[0],"40":[0],"41":[0,0],"42":[9],"43":[0],"44":[0,0],"45":[0],"46":[3,0],"47":[0],"48":[3,0],"49":[0,3],"50":[0,0],"51":[3,0],"52":[3,0],"53":[3,0],"54":[3,0],"55":[0],"56":[0],"57":[0],"58":[3,0],"59":[1,0],"60":[0],"61":[0],"62":[0,0],"63":[0,0],"64":[0,0],"65":[0,0],"66":[0],"67":[0,0],"68":[0,0],"69":[0,0],"70":[0,0],"71":[0],"72":[0],"73":[0,0],"74":[0],"75":[0,0],"76":[0],"77":[0],"78":[0],"79":[0],"80":[1],"81":[1,0],"82":[8,0],"83":[8,7],"84":[7],"85":[1],"86":[0],"87":[9,3],"88":[1],"89":[9,6],"90":[1,0],"91":[8,0],"92":[8,8],"93":[8,6],"94":[8,0],"95":[0],"96":[0,0],"97":[1],"98":[1,0],"99":[5,4],"100":[3,3],"101":[3,3],"102":[3,0],"103":[5],"104":[1,0],"105":[3],"106":[0,0],"107":[3],"108":[0,0]}}
,"/Users/kongwen/claude_wk/ai-software-company/services/api/src/shared/ApiResponse.ts": {"path":"/Users/kongwen/claude_wk/ai-software-company/services/api/src/shared/ApiResponse.ts","statementMap":{"0":{"start":{"line":82,"column":0},"end":{"line":82,"column":16}},"1":{"start":{"line":93,"column":0},"end":{"line":93,"column":16}},"2":{"start":{"line":100,"column":0},"end":{"line":100,"column":16}},"3":{"start":{"line":128,"column":0},"end":{"line":128,"column":16}},"4":{"start":{"line":15,"column":13},"end":{"line":75,"column":11}},"5":{"start":{"line":83,"column":2},"end":{"line":87,"column":34}},"6":{"start":{"line":94,"column":2},"end":{"line":94,"column":35}},"7":{"start":{"line":107,"column":2},"end":{"line":111,"column":31}},"8":{"start":{"line":134,"column":2},"end":{"line":140,"column":4}}},"fnMap":{"0":{"name":"success","decl":{"start":{"line":82,"column":16},"end":{"line":82,"column":23}},"loc":{"start":{"line":82,"column":85},"end":{"line":88,"column":1}}},"1":{"name":"created","decl":{"start":{"line":93,"column":16},"end":{"line":93,"column":23}},"loc":{"start":{"line":93,"column":67},"end":{"line":95,"column":1}}},"2":{"name":"error","decl":{"start":{"line":100,"column":16},"end":{"line":100,"column":21}},"loc":{"start":{"line":105,"column":22},"end":{"line":112,"column":1}}},"3":{"name":"buildPaginated","decl":{"start":{"line":128,"column":16},"end":{"line":128,"column":30}},"loc":{"start":{"line":132,"column":18},"end":{"line":141,"column":1}}}},"branchMap":{"0":{"loc":{"start":{"line":82,"column":51},"end":{"line":82,"column":67}},"type":"default-arg","locations":[{"start":{"line":82,"column":61},"end":{"line":82,"column":67}}]},"1":{"loc":{"start":{"line":82,"column":69},"end":{"line":82,"column":85}},"type":"default-arg","locations":[{"start":{"line":82,"column":82},"end":{"line":82,"column":85}}]},"2":{"loc":{"start":{"line":93,"column":51},"end":{"line":93,"column":67}},"type":"default-arg","locations":[{"start":{"line":93,"column":61},"end":{"line":93,"column":67}}]},"3":{"loc":{"start":{"line":104,"column":2},"end":{"line":104,"column":18}},"type":"default-arg","locations":[{"start":{"line":104,"column":15},"end":{"line":104,"column":18}}]},"4":{"loc":{"start":{"line":105,"column":2},"end":{"line":105,"column":22}},"type":"default-arg","locations":[{"start":{"line":105,"column":18},"end":{"line":105,"column":22}}]}},"s":{"0":5,"1":5,"2":5,"3":5,"4":5,"5":0,"6":0,"7":0,"8":0},"f":{"0":0,"1":0,"2":0,"3":0},"b":{"0":[0],"1":[0],"2":[0],"3":[0],"4":[0]}}
,"/Users/kongwen/claude_wk/ai-software-company/services/api/src/shared/AppError.ts": {"path":"/Users/kongwen/claude_wk/ai-software-company/services/api/src/shared/AppError.ts","statementMap":{"0":{"start":{"line":1,"column":0},"end":{"line":1,"column":64}},"1":{"start":{"line":18,"column":4},"end":{"line":18,"column":19}},"2":{"start":{"line":19,"column":4},"end":{"line":19,"column":27}},"3":{"start":{"line":20,"column":4},"end":{"line":20,"column":21}},"4":{"start":{"line":21,"column":4},"end":{"line":21,"column":33}},"5":{"start":{"line":22,"column":4},"end":{"line":22,"column":21}},"6":{"start":{"line":24,"column":4},"end":{"line":24,"column":52}},"7":{"start":{"line":28,"column":4},"end":{"line":28,"column":44}},"8":{"start":{"line":32,"column":4},"end":{"line":32,"column":65}},"9":{"start":{"line":36,"column":4},"end":{"line":36,"column":62}},"10":{"start":{"line":40,"column":4},"end":{"line":40,"column":44}},"11":{"start":{"line":44,"column":4},"end":{"line":44,"column":44}},"12":{"start":{"line":7,"column":0},"end":{"line":7,"column":13}}},"fnMap":{"0":{"name":"(anonymous_0)","decl":{"start":{"line":12,"column":2},"end":{"line":12,"column":null}},"loc":{"start":{"line":16,"column":24},"end":{"line":25,"column":3}}},"1":{"name":"(anonymous_1)","decl":{"start":{"line":27,"column":2},"end":{"line":27,"column":8}},"loc":{"start":{"line":27,"column":85},"end":{"line":29,"column":3}}},"2":{"name":"(anonymous_2)","decl":{"start":{"line":31,"column":2},"end":{"line":31,"column":8}},"loc":{"start":{"line":31,"column":38},"end":{"line":33,"column":3}}},"3":{"name":"(anonymous_3)","decl":{"start":{"line":35,"column":2},"end":{"line":35,"column":8}},"loc":{"start":{"line":35,"column":35},"end":{"line":37,"column":3}}},"4":{"name":"(anonymous_4)","decl":{"start":{"line":39,"column":2},"end":{"line":39,"column":8}},"loc":{"start":{"line":39,"column":82},"end":{"line":41,"column":3}}},"5":{"name":"(anonymous_5)","decl":{"start":{"line":43,"column":2},"end":{"line":43,"column":8}},"loc":{"start":{"line":43,"column":90},"end":{"line":45,"column":3}}}},"branchMap":{"0":{"loc":{"start":{"line":14,"column":4},"end":{"line":14,"column":57}},"type":"default-arg","locations":[{"start":{"line":14,"column":30},"end":{"line":14,"column":57}}]},"1":{"loc":{"start":{"line":15,"column":4},"end":{"line":15,"column":20}},"type":"default-arg","locations":[{"start":{"line":15,"column":17},"end":{"line":15,"column":20}}]},"2":{"loc":{"start":{"line":16,"column":4},"end":{"line":16,"column":24}},"type":"default-arg","locations":[{"start":{"line":16,"column":20},"end":{"line":16,"column":24}}]},"3":{"loc":{"start":{"line":27,"column":18},"end":{"line":27,"column":35}},"type":"default-arg","locations":[{"start":{"line":27,"column":28},"end":{"line":27,"column":35}}]},"4":{"loc":{"start":{"line":27,"column":37},"end":{"line":27,"column":85}},"type":"default-arg","locations":[{"start":{"line":27,"column":63},"end":{"line":27,"column":85}}]},"5":{"loc":{"start":{"line":31,"column":22},"end":{"line":31,"column":38}},"type":"default-arg","locations":[{"start":{"line":31,"column":32},"end":{"line":31,"column":38}}]},"6":{"loc":{"start":{"line":35,"column":19},"end":{"line":35,"column":35}},"type":"default-arg","locations":[{"start":{"line":35,"column":29},"end":{"line":35,"column":35}}]},"7":{"loc":{"start":{"line":39,"column":35},"end":{"line":39,"column":82}},"type":"default-arg","locations":[{"start":{"line":39,"column":61},"end":{"line":39,"column":82}}]},"8":{"loc":{"start":{"line":43,"column":37},"end":{"line":43,"column":90}},"type":"default-arg","locations":[{"start":{"line":43,"column":63},"end":{"line":43,"column":90}}]}},"s":{"0":5,"1":13,"2":13,"3":13,"4":13,"5":13,"6":13,"7":1,"8":0,"9":0,"10":5,"11":7,"12":5},"f":{"0":13,"1":1,"2":0,"3":0,"4":5,"5":7},"b":{"0":[0],"1":[0],"2":[13],"3":[0],"4":[0],"5":[0],"6":[0],"7":[4],"8":[3]}}
,"/Users/kongwen/claude_wk/ai-software-company/services/api/src/shared/generateNo.ts": {"path":"/Users/kongwen/claude_wk/ai-software-company/services/api/src/shared/generateNo.ts","statementMap":{"0":{"start":{"line":33,"column":0},"end":{"line":33,"column":7}},"1":{"start":{"line":6,"column":0},"end":{"line":6,"column":49}},"2":{"start":{"line":8,"column":43},"end":{"line":25,"column":2}},"3":{"start":{"line":34,"column":17},"end":{"line":34,"column":67}},"4":{"start":{"line":35,"column":16},"end":{"line":35,"column":26}},"5":{"start":{"line":36,"column":18},"end":{"line":40,"column":12}},"6":{"start":{"line":42,"column":19},"end":{"line":42,"column":54}},"7":{"start":{"line":43,"column":2},"end":{"line":60,"column":3}},"8":{"start":{"line":44,"column":18},"end":{"line":44,"column":34}},"9":{"start":{"line":45,"column":16},"end":{"line":45,"column":42}},"10":{"start":{"line":48,"column":4},"end":{"line":50,"column":5}},"11":{"start":{"line":49,"column":6},"end":{"line":49,"column":46}},"12":{"start":{"line":52,"column":4},"end":{"line":52,"column":65}},"13":{"start":{"line":55,"column":24},"end":{"line":55,"column":120}},"14":{"start":{"line":56,"column":4},"end":{"line":58,"column":6}},"15":{"start":{"line":59,"column":4},"end":{"line":59,"column":48}}},"fnMap":{"0":{"name":"generateNo","decl":{"start":{"line":33,"column":22},"end":{"line":33,"column":32}},"loc":{"start":{"line":33,"column":80},"end":{"line":61,"column":1}}}},"branchMap":{"0":{"loc":{"start":{"line":34,"column":17},"end":{"line":34,"column":67}},"type":"binary-expr","locations":[{"start":{"line":34,"column":17},"end":{"line":34,"column":33}},{"start":{"line":34,"column":37},"end":{"line":34,"column":67}}]},"1":{"loc":{"start":{"line":48,"column":4},"end":{"line":50,"column":5}},"type":"if","locations":[{"start":{"line":48,"column":4},"end":{"line":50,"column":5}}]}},"s":{"0":3,"1":3,"2":3,"3":0,"4":0,"5":0,"6":0,"7":0,"8":0,"9":0,"10":0,"11":0,"12":0,"13":0,"14":0,"15":0},"f":{"0":0},"b":{"0":[0,0],"1":[0]}}
,"/Users/kongwen/claude_wk/ai-software-company/services/api/src/shared/unitConverter.ts": {"path":"/Users/kongwen/claude_wk/ai-software-company/services/api/src/shared/unitConverter.ts","statementMap":{"0":{"start":{"line":23,"column":0},"end":{"line":23,"column":16}},"1":{"start":{"line":1,"column":0},"end":{"line":1,"column":33}},"2":{"start":{"line":2,"column":0},"end":{"line":2,"column":38}},"3":{"start":{"line":3,"column":0},"end":{"line":3,"column":45}},"4":{"start":{"line":24,"column":18},"end":{"line":24,"column":43}},"5":{"start":{"line":25,"column":2},"end":{"line":25,"column":26}},"6":{"start":{"line":25,"column":16},"end":{"line":25,"column":26}},"7":{"start":{"line":27,"column":16},"end":{"line":27,"column":37}},"8":{"start":{"line":28,"column":2},"end":{"line":30,"column":3}},"9":{"start":{"line":29,"column":4},"end":{"line":29,"column":15}},"10":{"start":{"line":31,"column":2},"end":{"line":33,"column":3}},"11":{"start":{"line":32,"column":4},"end":{"line":32,"column":15}},"12":{"start":{"line":34,"column":2},"end":{"line":36,"column":3}},"13":{"start":{"line":35,"column":4},"end":{"line":35,"column":17}},"14":{"start":{"line":37,"column":2},"end":{"line":37,"column":17}},"15":{"start":{"line":45,"column":25},"end":{"line":45,"column":48}},"16":{"start":{"line":46,"column":23},"end":{"line":46,"column":44}},"17":{"start":{"line":47,"column":2},"end":{"line":51,"column":4}},"18":{"start":{"line":49,"column":6},"end":{"line":50,"column":52}},"19":{"start":{"line":71,"column":27},"end":{"line":71,"column":50}},"20":{"start":{"line":72,"column":29},"end":{"line":72,"column":54}},"21":{"start":{"line":75,"column":4},"end":{"line":82,"column":5}},"22":{"start":{"line":76,"column":16},"end":{"line":76,"column":32}},"23":{"start":{"line":77,"column":6},"end":{"line":81,"column":8}},"24":{"start":{"line":85,"column":17},"end":{"line":85,"column":64}},"25":{"start":{"line":87,"column":4},"end":{"line":105,"column":5}},"26":{"start":{"line":89,"column":26},"end":{"line":89,"column":73}},"27":{"start":{"line":90,"column":6},"end":{"line":99,"column":7}},"28":{"start":{"line":91,"column":21},"end":{"line":91,"column":60}},"29":{"start":{"line":92,"column":25},"end":{"line":92,"column":41}},"30":{"start":{"line":93,"column":26},"end":{"line":93,"column":44}},"31":{"start":{"line":94,"column":8},"end":{"line":98,"column":10}},"32":{"start":{"line":100,"column":6},"end":{"line":104,"column":8}},"33":{"start":{"line":107,"column":17},"end":{"line":107,"column":49}},"34":{"start":{"line":108,"column":21},"end":{"line":108,"column":37}},"35":{"start":{"line":109,"column":22},"end":{"line":109,"column":40}},"36":{"start":{"line":111,"column":4},"end":{"line":115,"column":6}},"37":{"start":{"line":127,"column":4},"end":{"line":129,"column":5}},"38":{"start":{"line":128,"column":6},"end":{"line":128,"column":35}},"39":{"start":{"line":132,"column":17},"end":{"line":132,"column":66}},"40":{"start":{"line":133,"column":4},"end":{"line":138,"column":5}},"41":{"start":{"line":134,"column":6},"end":{"line":137,"column":8}},"42":{"start":{"line":140,"column":17},"end":{"line":140,"column":49}},"43":{"start":{"line":141,"column":4},"end":{"line":141,"column":43}},"44":{"start":{"line":153,"column":4},"end":{"line":153,"column":95}},"45":{"start":{"line":160,"column":4},"end":{"line":160,"column":75}},"46":{"start":{"line":61,"column":0},"end":{"line":61,"column":13}}},"fnMap":{"0":{"name":"normalizeUnit","decl":{"start":{"line":23,"column":16},"end":{"line":23,"column":29}},"loc":{"start":{"line":23,"column":42},"end":{"line":38,"column":1}}},"1":{"name":"findConversionRule","decl":{"start":{"line":40,"column":9},"end":{"line":40,"column":27}},"loc":{"start":{"line":43,"column":29},"end":{"line":52,"column":1}}},"2":{"name":"(anonymous_3)","decl":{"start":{"line":48,"column":4},"end":{"line":48,"column":5}},"loc":{"start":{"line":49,"column":6},"end":{"line":50,"column":52}}},"3":{"name":"(anonymous_4)","decl":{"start":{"line":65,"column":2},"end":{"line":65,"column":8}},"loc":{"start":{"line":69,"column":22},"end":{"line":116,"column":3}}},"4":{"name":"(anonymous_5)","decl":{"start":{"line":121,"column":2},"end":{"line":121,"column":8}},"loc":{"start":{"line":125,"column":31},"end":{"line":142,"column":3}}},"5":{"name":"(anonymous_6)","decl":{"start":{"line":147,"column":2},"end":{"line":147,"column":8}},"loc":{"start":{"line":151,"column":31},"end":{"line":154,"column":3}}},"6":{"name":"(anonymous_7)","decl":{"start":{"line":159,"column":2},"end":{"line":159,"column":8}},"loc":{"start":{"line":159,"column":68},"end":{"line":161,"column":3}}}},"branchMap":{"0":{"loc":{"start":{"line":24,"column":25},"end":{"line":24,"column":35}},"type":"binary-expr","locations":[{"start":{"line":24,"column":25},"end":{"line":24,"column":29}},{"start":{"line":24,"column":33},"end":{"line":24,"column":35}}]},"1":{"loc":{"start":{"line":25,"column":2},"end":{"line":25,"column":26}},"type":"if","locations":[{"start":{"line":25,"column":2},"end":{"line":25,"column":26}}]},"2":{"loc":{"start":{"line":28,"column":2},"end":{"line":30,"column":3}},"type":"if","locations":[{"start":{"line":28,"column":2},"end":{"line":30,"column":3}}]},"3":{"loc":{"start":{"line":28,"column":6},"end":{"line":28,"column":89}},"type":"binary-expr","locations":[{"start":{"line":28,"column":6},"end":{"line":28,"column":70}},{"start":{"line":28,"column":74},"end":{"line":28,"column":89}}]},"4":{"loc":{"start":{"line":31,"column":2},"end":{"line":33,"column":3}},"type":"if","locations":[{"start":{"line":31,"column":2},"end":{"line":33,"column":3}}]},"5":{"loc":{"start":{"line":31,"column":6},"end":{"line":31,"column":63}},"type":"binary-expr","locations":[{"start":{"line":31,"column":6},"end":{"line":31,"column":44}},{"start":{"line":31,"column":48},"end":{"line":31,"column":63}}]},"6":{"loc":{"start":{"line":34,"column":2},"end":{"line":36,"column":3}},"type":"if","locations":[{"start":{"line":34,"column":2},"end":{"line":36,"column":3}}]},"7":{"loc":{"start":{"line":49,"column":6},"end":{"line":50,"column":52}},"type":"binary-expr","locations":[{"start":{"line":49,"column":6},"end":{"line":49,"column":53}},{"start":{"line":50,"column":9},"end":{"line":50,"column":52}}]},"8":{"loc":{"start":{"line":75,"column":4},"end":{"line":82,"column":5}},"type":"if","locations":[{"start":{"line":75,"column":4},"end":{"line":82,"column":5}}]},"9":{"loc":{"start":{"line":87,"column":4},"end":{"line":105,"column":5}},"type":"if","locations":[{"start":{"line":87,"column":4},"end":{"line":105,"column":5}}]},"10":{"loc":{"start":{"line":90,"column":6},"end":{"line":99,"column":7}},"type":"if","locations":[{"start":{"line":90,"column":6},"end":{"line":99,"column":7}}]},"11":{"loc":{"start":{"line":127,"column":4},"end":{"line":129,"column":5}},"type":"if","locations":[{"start":{"line":127,"column":4},"end":{"line":129,"column":5}}]},"12":{"loc":{"start":{"line":133,"column":4},"end":{"line":138,"column":5}},"type":"if","locations":[{"start":{"line":133,"column":4},"end":{"line":138,"column":5}}]}},"s":{"0":1,"1":1,"2":1,"3":1,"4":32,"5":32,"6":0,"7":32,"8":32,"9":2,"10":30,"11":2,"12":28,"13":0,"14":28,"15":1,"16":1,"17":1,"18":1,"19":8,"20":8,"21":8,"22":7,"23":7,"24":1,"25":1,"26":0,"27":0,"28":0,"29":0,"30":0,"31":0,"32":0,"33":1,"34":1,"35":1,"36":1,"37":0,"38":0,"39":0,"40":0,"41":0,"42":0,"43":0,"44":0,"45":0,"46":1},"f":{"0":32,"1":1,"2":1,"3":8,"4":0,"5":0,"6":0},"b":{"0":[32,0],"1":[0],"2":[2],"3":[32,30],"4":[2],"5":[30,28],"6":[0],"7":[1,1],"8":[7],"9":[0],"10":[0],"11":[0],"12":[0]}}
}
