TN:
SF:src/modules/access-control/warehouse-data-scope.ts
FN:10,buildInClause
FN:14,(anonymous_1)
FN:17,uniqueNumbers
FN:18,(anonymous_3)
FN:18,(anonymous_4)
FN:21,resolveWarehouseDataScope
FN:29,(anonymous_6)
FN:33,(anonymous_7)
FN:41,(anonymous_8)
FN:42,(anonymous_9)
FN:90,(anonymous_10)
FN:98,assertWarehouseInScope
FNF:12
FNH:2
FNDA:0,buildInClause
FNDA:0,(anonymous_1)
FNDA:0,uniqueNumbers
FNDA:0,(anonymous_3)
FNDA:0,(anonymous_4)
FNDA:9,resolveWarehouseDataScope
FNDA:0,(anonymous_6)
FNDA:0,(anonymous_7)
FNDA:0,(anonymous_8)
FNDA:0,(anonymous_9)
FNDA:0,(anonymous_10)
FNDA:9,assertWarehouseInScope
DA:1,2
DA:2,2
DA:11,0
DA:12,0
DA:14,0
DA:18,0
DA:21,2
DA:25,9
DA:26,9
DA:29,0
DA:30,0
DA:33,0
DA:34,0
DA:35,0
DA:38,0
DA:39,0
DA:41,0
DA:42,0
DA:43,0
DA:44,0
DA:45,0
DA:48,0
DA:49,0
DA:50,0
DA:51,0
DA:54,0
DA:55,0
DA:56,0
DA:61,0
DA:62,0
DA:65,0
DA:66,0
DA:68,0
DA:69,0
DA:70,0
DA:71,0
DA:72,0
DA:73,0
DA:75,0
DA:76,0
DA:77,0
DA:78,0
DA:80,0
DA:83,0
DA:90,0
DA:91,0
DA:92,0
DA:95,0
DA:98,2
DA:103,9
DA:104,9
DA:107,0
DA:108,0
LF:53
LH:8
BRDA:11,0,0,0
BRDA:18,1,0,0
BRDA:18,1,1,0
BRDA:25,2,0,9
BRDA:25,3,0,9
BRDA:25,3,1,0
BRDA:29,4,0,0
BRDA:34,5,0,0
BRDA:43,6,0,0
BRDA:43,7,0,0
BRDA:43,7,1,0
BRDA:43,7,2,0
BRDA:48,8,0,0
BRDA:48,8,1,0
BRDA:49,9,0,0
BRDA:49,10,0,0
BRDA:49,10,1,0
BRDA:54,11,0,0
BRDA:54,11,1,0
BRDA:55,12,0,0
BRDA:61,13,0,0
BRDA:61,14,0,0
BRDA:61,14,1,0
BRDA:68,15,0,0
BRDA:68,16,0,0
BRDA:68,16,1,0
BRDA:70,17,0,0
BRDA:75,18,0,0
BRDA:91,19,0,0
BRDA:101,20,0,9
BRDA:103,21,0,9
BRDA:107,22,0,0
BRDA:107,23,0,0
BRDA:107,23,1,0
BRDA:107,23,2,0
BRF:35
BRH:4
end_of_record
TN:
SF:src/modules/incoming-inspection/incomingInspection.service.ts
FN:84,formatInspectionQty
FN:88,allocateQtyAcrossCapacities
FN:92,(anonymous_3)
FN:109,allocatePassedFailedAcrossCapacities
FN:114,(anonymous_5)
FN:115,(anonymous_6)
FN:116,(anonymous_7)
FN:140,(anonymous_8)
FN:166,(anonymous_9)
FN:172,(anonymous_10)
FN:177,(anonymous_11)
FN:181,(anonymous_12)
FN:187,(anonymous_13)
FN:197,(anonymous_14)
FN:202,(anonymous_15)
FN:211,(anonymous_16)
FN:218,(anonymous_17)
FN:339,(anonymous_18)
FN:454,(anonymous_19)
FN:455,(anonymous_20)
FN:461,(anonymous_21)
FN:478,(anonymous_22)
FN:495,(anonymous_23)
FN:512,(anonymous_24)
FN:530,(anonymous_25)
FN:548,(anonymous_26)
FN:552,(anonymous_27)
FN:555,(anonymous_28)
FN:561,(anonymous_29)
FN:577,(anonymous_30)
FN:585,(anonymous_31)
FN:596,(anonymous_32)
FN:604,(anonymous_33)
FN:656,(anonymous_34)
FN:672,(anonymous_35)
FN:690,(anonymous_36)
FN:706,(anonymous_37)
FN:713,(anonymous_38)
FN:730,(anonymous_39)
FN:748,(anonymous_40)
FN:766,(anonymous_41)
FN:784,(anonymous_42)
FN:805,(anonymous_43)
FN:860,(anonymous_44)
FN:899,(anonymous_45)
FN:920,(anonymous_46)
FN:943,(anonymous_47)
FN:976,(anonymous_48)
FN:980,(anonymous_49)
FN:988,(anonymous_50)
FN:1045,(anonymous_51)
FN:1070,(anonymous_52)
FN:1088,(anonymous_53)
FN:1099,(anonymous_54)
FN:1114,(anonymous_55)
FN:1116,(anonymous_56)
FN:1117,(anonymous_57)
FN:1118,(anonymous_58)
FN:1122,(anonymous_59)
FN:1131,(anonymous_60)
FN:1132,(anonymous_61)
FN:1138,(anonymous_62)
FN:1151,(anonymous_63)
FN:1162,(anonymous_64)
FN:1164,(anonymous_65)
FN:1168,(anonymous_66)
FN:1184,(anonymous_67)
FN:1208,(anonymous_68)
FN:1220,(anonymous_69)
FN:1270,(anonymous_70)
FN:1278,(anonymous_71)
FN:1289,(anonymous_72)
FN:1305,(anonymous_73)
FN:1305,(anonymous_74)
FN:1404,(anonymous_75)
FN:1433,(anonymous_76)
FN:1440,(anonymous_77)
FN:1456,(anonymous_78)
FN:1457,(anonymous_79)
FN:1490,(anonymous_80)
FN:1499,(anonymous_81)
FN:1514,(anonymous_82)
FN:1547,(anonymous_83)
FN:1581,(anonymous_84)
FN:1664,(anonymous_85)
FN:1740,(anonymous_86)
FN:1860,(anonymous_87)
FN:1915,(anonymous_88)
FN:1930,(anonymous_89)
FN:2014,(anonymous_90)
FN:2050,(anonymous_91)
FNF:91
FNH:73
FNDA:8,formatInspectionQty
FNDA:4,allocateQtyAcrossCapacities
FNDA:4,(anonymous_3)
FNDA:2,allocatePassedFailedAcrossCapacities
FNDA:2,(anonymous_5)
FNDA:2,(anonymous_6)
FNDA:2,(anonymous_7)
FNDA:2,(anonymous_8)
FNDA:18,(anonymous_9)
FNDA:9,(anonymous_10)
FNDA:8,(anonymous_11)
FNDA:8,(anonymous_12)
FNDA:1,(anonymous_13)
FNDA:1,(anonymous_14)
FNDA:1,(anonymous_15)
FNDA:9,(anonymous_16)
FNDA:5,(anonymous_17)
FNDA:0,(anonymous_18)
FNDA:10,(anonymous_19)
FNDA:7,(anonymous_20)
FNDA:5,(anonymous_21)
FNDA:5,(anonymous_22)
FNDA:11,(anonymous_23)
FNDA:9,(anonymous_24)
FNDA:3,(anonymous_25)
FNDA:10,(anonymous_26)
FNDA:0,(anonymous_27)
FNDA:0,(anonymous_28)
FNDA:0,(anonymous_29)
FNDA:0,(anonymous_30)
FNDA:0,(anonymous_31)
FNDA:0,(anonymous_32)
FNDA:0,(anonymous_33)
FNDA:0,(anonymous_34)
FNDA:9,(anonymous_35)
FNDA:9,(anonymous_36)
FNDA:0,(anonymous_37)
FNDA:9,(anonymous_38)
FNDA:9,(anonymous_39)
FNDA:9,(anonymous_40)
FNDA:1,(anonymous_41)
FNDA:9,(anonymous_42)
FNDA:0,(anonymous_43)
FNDA:0,(anonymous_44)
FNDA:0,(anonymous_45)
FNDA:0,(anonymous_46)
FNDA:5,(anonymous_47)
FNDA:7,(anonymous_48)
FNDA:7,(anonymous_49)
FNDA:4,(anonymous_50)
FNDA:91,(anonymous_51)
FNDA:20,(anonymous_52)
FNDA:10,(anonymous_53)
FNDA:1,(anonymous_54)
FNDA:2,(anonymous_55)
FNDA:2,(anonymous_56)
FNDA:2,(anonymous_57)
FNDA:0,(anonymous_58)
FNDA:1,(anonymous_59)
FNDA:1,(anonymous_60)
FNDA:1,(anonymous_61)
FNDA:1,(anonymous_62)
FNDA:1,(anonymous_63)
FNDA:1,(anonymous_64)
FNDA:1,(anonymous_65)
FNDA:2,(anonymous_66)
FNDA:1,(anonymous_67)
FNDA:2,(anonymous_68)
FNDA:2,(anonymous_69)
FNDA:34,(anonymous_70)
FNDA:2,(anonymous_71)
FNDA:2,(anonymous_72)
FNDA:2,(anonymous_73)
FNDA:2,(anonymous_74)
FNDA:3,(anonymous_75)
FNDA:5,(anonymous_76)
FNDA:3,(anonymous_77)
FNDA:5,(anonymous_78)
FNDA:3,(anonymous_79)
FNDA:4,(anonymous_80)
FNDA:4,(anonymous_81)
FNDA:10,(anonymous_82)
FNDA:10,(anonymous_83)
FNDA:90,(anonymous_84)
FNDA:82,(anonymous_85)
FNDA:0,(anonymous_86)
FNDA:1,(anonymous_87)
FNDA:1,(anonymous_88)
FNDA:1,(anonymous_89)
FNDA:0,(anonymous_90)
FNDA:0,(anonymous_91)
DA:2,1
DA:3,1
DA:5,1
DA:6,1
DA:7,1
DA:8,1
DA:9,1
DA:11,1
DA:16,1
DA:17,1
DA:18,1
DA:19,1
DA:85,8
DA:92,4
DA:93,4
DA:95,4
DA:96,4
DA:97,4
DA:98,4
DA:99,4
DA:102,4
DA:103,0
DA:106,4
DA:114,2
DA:115,2
DA:116,2
DA:117,2
DA:118,2
DA:120,2
DA:121,2
DA:122,2
DA:123,2
DA:124,2
DA:125,2
DA:128,2
DA:129,2
DA:130,1
DA:131,1
DA:132,1
DA:133,1
DA:136,2
DA:137,0
DA:140,2
DA:148,1
DA:152,18
DA:153,1
DA:154,1
DA:155,1
DA:156,1
DA:157,1
DA:158,1
DA:159,1
DA:160,1
DA:161,1
DA:162,1
DA:163,1
DA:164,1
DA:167,18
DA:168,18
DA:169,18
DA:173,9
DA:174,9
DA:178,8
DA:182,8
DA:183,8
DA:184,8
DA:190,1
DA:191,1
DA:192,1
DA:194,1
DA:198,1
DA:199,1
DA:200,1
DA:201,1
DA:203,1
DA:207,0
DA:215,9
DA:223,5
DA:224,5
DA:225,5
DA:226,5
DA:264,5
DA:287,5
DA:313,5
DA:319,5
DA:321,5
DA:322,8
DA:323,8
DA:329,8
DA:332,5
DA:333,1
DA:334,1
DA:336,1
DA:337,1
DA:338,0
DA:339,0
DA:340,0
DA:344,0
DA:345,0
DA:347,0
DA:350,1
DA:351,1
DA:352,1
DA:353,1
DA:354,1
DA:356,1
DA:357,1
DA:358,1
DA:362,5
DA:368,5
DA:369,5
DA:370,8
DA:374,5
DA:376,5
DA:377,6
DA:378,6
DA:379,6
DA:380,3
DA:381,3
DA:382,3
DA:383,3
DA:389,3
DA:390,3
DA:401,3
DA:410,3
DA:411,3
DA:413,3
DA:416,3
DA:417,3
DA:419,3
DA:420,5
DA:421,4
DA:423,3
DA:424,3
DA:426,3
DA:436,3
DA:437,3
DA:440,3
DA:441,1
DA:453,5
DA:454,10
DA:455,7
DA:462,5
DA:463,5
DA:466,0
DA:473,0
DA:474,0
DA:475,0
DA:479,5
DA:480,5
DA:483,0
DA:490,0
DA:491,0
DA:492,0
DA:496,11
DA:497,11
DA:500,0
DA:507,0
DA:508,0
DA:509,0
DA:513,9
DA:514,9
DA:517,0
DA:518,0
DA:525,0
DA:526,0
DA:527,0
DA:531,3
DA:532,3
DA:535,0
DA:536,0
DA:543,0
DA:544,0
DA:545,0
DA:549,10
DA:553,0
DA:555,0
DA:556,0
DA:557,0
DA:560,0
DA:561,0
DA:562,0
DA:563,0
DA:564,0
DA:565,0
DA:568,0
DA:572,0
DA:573,0
DA:583,0
DA:585,0
DA:586,0
DA:592,0
DA:594,0
DA:596,0
DA:604,0
DA:612,0
DA:614,0
DA:620,0
DA:621,0
DA:622,0
DA:623,0
DA:642,0
DA:653,0
DA:657,0
DA:658,0
DA:659,0
DA:660,0
DA:661,0
DA:662,0
DA:663,0
DA:664,0
DA:665,0
DA:673,9
DA:674,9
DA:677,0
DA:678,0
DA:686,0
DA:687,0
DA:693,9
DA:694,9
DA:697,0
DA:698,0
DA:706,0
DA:707,0
DA:710,0
DA:714,9
DA:715,9
DA:718,0
DA:719,0
DA:726,0
DA:727,0
DA:731,9
DA:732,9
DA:735,0
DA:736,0
DA:744,0
DA:745,0
DA:749,9
DA:750,9
DA:753,0
DA:754,0
DA:762,0
DA:763,0
DA:767,1
DA:768,1
DA:771,0
DA:772,0
DA:780,0
DA:781,0
DA:785,9
DA:786,9
DA:789,0
DA:790,0
DA:799,0
DA:800,0
DA:801,0
DA:806,0
DA:807,0
DA:809,0
DA:810,0
DA:811,0
DA:813,0
DA:814,0
DA:815,0
DA:817,0
DA:818,0
DA:819,0
DA:821,0
DA:822,0
DA:823,0
DA:825,0
DA:826,0
DA:827,0
DA:830,0
DA:831,0
DA:833,0
DA:856,0
DA:861,0
DA:862,0
DA:863,0
DA:877,0
DA:878,0
DA:881,0
DA:898,0
DA:899,0
DA:900,0
DA:902,0
DA:920,0
DA:939,0
DA:945,5
DA:952,5
DA:953,5
DA:954,0
DA:958,5
DA:964,5
DA:965,0
DA:969,5
DA:971,5
DA:972,0
DA:975,5
DA:976,7
DA:979,5
DA:980,7
DA:984,5
DA:985,1
DA:988,4
DA:989,4
DA:990,4
DA:992,4
DA:1010,4
DA:1013,4
DA:1014,6
DA:1032,6
DA:1042,6
DA:1046,91
DA:1047,85
DA:1048,79
DA:1049,73
DA:1050,67
DA:1051,61
DA:1052,55
DA:1053,49
DA:1054,43
DA:1061,4
DA:1066,4
DA:1071,20
DA:1072,20
DA:1073,20
DA:1076,20
DA:1082,6
DA:1085,14
DA:1092,10
DA:1096,10
DA:1103,1
DA:1115,2
DA:1116,2
DA:1117,2
DA:1118,0
DA:1129,1
DA:1130,1
DA:1131,1
DA:1132,1
DA:1134,1
DA:1135,0
DA:1138,1
DA:1139,1
DA:1146,1
DA:1147,0
DA:1150,1
DA:1151,1
DA:1162,1
DA:1163,1
DA:1164,1
DA:1167,1
DA:1168,2
DA:1172,1
DA:1173,0
DA:1178,1
DA:1184,1
DA:1185,1
DA:1186,2
DA:1187,2
DA:1188,2
DA:1189,2
DA:1190,2
DA:1194,2
DA:1195,0
DA:1197,2
DA:1198,0
DA:1200,2
DA:1201,0
DA:1203,2
DA:1204,0
DA:1207,2
DA:1208,2
DA:1209,2
DA:1212,2
DA:1213,2
DA:1218,2
DA:1220,2
DA:1222,2
DA:1223,2
DA:1224,2
DA:1226,2
DA:1227,2
DA:1246,2
DA:1267,2
DA:1270,34
DA:1279,2
DA:1284,2
DA:1285,2
DA:1286,0
DA:1289,2
DA:1290,2
DA:1291,2
DA:1292,2
DA:1293,2
DA:1296,2
DA:1303,2
DA:1304,3
DA:1305,2
DA:1307,3
DA:1308,2
DA:1309,2
DA:1310,2
DA:1311,1
DA:1313,1
DA:1315,2
DA:1317,1
DA:1320,2
DA:1321,1
DA:1322,0
DA:1324,1
DA:1325,0
DA:1329,1
DA:1334,1
DA:1335,0
DA:1337,1
DA:1338,1
DA:1339,1
DA:1340,1
DA:1341,1
DA:1344,1
DA:1345,0
DA:1349,1
DA:1350,0
DA:1354,1
DA:1355,0
DA:1358,1
DA:1391,2
DA:1392,1
DA:1408,3
DA:1413,3
DA:1416,3
DA:1427,3
DA:1428,0
DA:1432,3
DA:1433,5
DA:1435,3
DA:1436,0
DA:1439,3
DA:1440,3
DA:1441,3
DA:1444,3
DA:1451,3
DA:1452,0
DA:1456,5
DA:1457,3
DA:1459,3
DA:1460,2
DA:1461,1
DA:1462,0
DA:1464,1
DA:1468,3
DA:1479,2
DA:1480,2
DA:1489,2
DA:1490,4
DA:1493,2
DA:1494,2
DA:1498,2
DA:1500,4
DA:1503,2
DA:1504,1
DA:1508,1
DA:1521,10
DA:1526,10
DA:1527,0
DA:1529,10
DA:1530,1
DA:1535,9
DA:1536,9
DA:1537,9
DA:1538,9
DA:1539,9
DA:1542,9
DA:1547,9
DA:1548,10
DA:1549,10
DA:1550,10
DA:1554,9
DA:1566,9
DA:1578,9
DA:1581,90
DA:1584,9
DA:1587,9
DA:1594,9
DA:1595,9
DA:1596,9
DA:1597,9
DA:1598,9
DA:1606,9
DA:1608,9
DA:1609,10
DA:1610,10
DA:1611,10
DA:1612,10
DA:1613,10
DA:1614,10
DA:1615,10
DA:1616,10
DA:1617,1
DA:1619,9
DA:1629,9
DA:1631,9
DA:1632,0
DA:1636,9
DA:1637,9
DA:1649,9
DA:1661,9
DA:1664,82
DA:1671,9
DA:1672,9
DA:1694,0
DA:1695,0
DA:1716,0
DA:1737,0
DA:1740,0
DA:1744,9
DA:1747,9
DA:1748,9
DA:1770,0
DA:1791,9
DA:1793,9
DA:1794,1
DA:1806,9
DA:1807,9
DA:1814,9
DA:1828,9
DA:1829,9
DA:1830,1
DA:1835,8
DA:1836,1
DA:1839,8
DA:1846,8
DA:1847,8
DA:1848,8
DA:1852,8
DA:1864,1
DA:1889,1
DA:1891,1
DA:1892,1
DA:1893,1
DA:1894,1
DA:1900,1
DA:1922,1
DA:1926,1
DA:1928,1
DA:1930,1
DA:1931,1
DA:1934,1
DA:1953,1
DA:1955,1
DA:1956,1
DA:1958,1
DA:1993,0
DA:1994,0
DA:2005,0
DA:2015,0
DA:2031,0
DA:2033,0
DA:2050,0
DA:2051,0
DA:2054,0
LF:564
LH:394
BRDA:85,0,0,8
BRDA:85,0,1,0
BRDA:96,1,0,0
BRDA:102,2,0,0
BRDA:121,3,0,0
BRDA:129,4,0,1
BRDA:136,5,0,0
BRDA:136,6,0,2
BRDA:136,6,1,2
BRDA:173,7,0,9
BRDA:173,7,1,9
BRDA:183,8,0,8
BRDA:183,8,1,8
BRDA:190,9,0,1
BRDA:190,9,1,0
BRDA:191,10,0,1
BRDA:198,11,0,0
BRDA:235,12,0,4
BRDA:235,12,1,1
BRDA:240,13,0,1
BRDA:240,13,1,3
BRDA:247,14,0,1
BRDA:247,14,1,3
BRDA:252,15,0,0
BRDA:252,15,1,1
BRDA:259,16,0,0
BRDA:259,16,1,1
BRDA:292,17,0,4
BRDA:292,17,1,1
BRDA:322,18,0,8
BRDA:322,18,1,5
BRDA:327,19,0,8
BRDA:327,19,1,0
BRDA:333,20,0,1
BRDA:333,20,1,0
BRDA:334,21,0,0
BRDA:336,22,0,1
BRDA:336,22,1,0
BRDA:337,23,0,0
BRDA:338,24,0,0
BRDA:338,24,1,0
BRDA:342,25,0,0
BRDA:342,25,1,0
BRDA:344,26,0,0
BRDA:351,27,0,1
BRDA:351,27,1,0
BRDA:353,28,0,0
BRDA:354,29,0,0
BRDA:378,30,0,3
BRDA:378,30,1,3
BRDA:379,31,0,3
BRDA:381,32,0,3
BRDA:381,32,1,0
BRDA:382,33,0,3
BRDA:382,33,1,3
BRDA:383,34,0,3
BRDA:383,34,1,0
BRDA:384,35,0,2
BRDA:384,35,1,1
BRDA:384,36,0,3
BRDA:384,36,1,2
BRDA:389,37,0,3
BRDA:393,38,0,3
BRDA:393,38,1,2
BRDA:394,39,0,3
BRDA:394,39,1,2
BRDA:396,40,0,3
BRDA:396,40,1,0
BRDA:396,40,2,0
BRDA:397,41,0,3
BRDA:397,41,1,0
BRDA:397,41,2,0
BRDA:404,42,0,3
BRDA:404,42,1,2
BRDA:405,43,0,3
BRDA:405,43,1,2
BRDA:407,44,0,3
BRDA:407,44,1,0
BRDA:407,44,2,0
BRDA:408,45,0,3
BRDA:408,45,1,0
BRDA:408,45,2,0
BRDA:410,46,0,3
BRDA:410,47,0,3
BRDA:410,47,1,3
BRDA:416,48,0,3
BRDA:416,48,1,0
BRDA:417,49,0,3
BRDA:417,49,1,0
BRDA:420,50,0,1
BRDA:421,51,0,1
BRDA:424,52,0,0
BRDA:429,53,0,3
BRDA:429,53,1,3
BRDA:430,54,0,3
BRDA:430,54,1,3
BRDA:432,55,0,3
BRDA:432,55,1,0
BRDA:432,55,2,0
BRDA:433,56,0,3
BRDA:433,56,1,0
BRDA:433,56,2,0
BRDA:440,57,0,1
BRDA:444,58,0,1
BRDA:444,58,1,1
BRDA:445,59,0,1
BRDA:445,59,1,1
BRDA:447,60,0,1
BRDA:447,60,1,0
BRDA:448,61,0,1
BRDA:448,61,1,0
BRDA:454,62,0,10
BRDA:454,62,1,0
BRDA:457,63,0,1
BRDA:457,63,1,6
BRDA:457,64,0,1
BRDA:457,64,1,0
BRDA:462,65,0,5
BRDA:473,66,0,0
BRDA:473,66,1,0
BRDA:479,67,0,5
BRDA:490,68,0,0
BRDA:490,68,1,0
BRDA:496,69,0,11
BRDA:507,70,0,0
BRDA:507,70,1,0
BRDA:513,71,0,9
BRDA:517,72,0,0
BRDA:517,72,1,0
BRDA:525,73,0,0
BRDA:525,73,1,0
BRDA:531,74,0,3
BRDA:535,75,0,0
BRDA:535,75,1,0
BRDA:543,76,0,0
BRDA:543,76,1,0
BRDA:549,77,0,10
BRDA:549,77,1,2
BRDA:549,78,0,10
BRDA:549,78,1,0
BRDA:549,79,0,2
BRDA:549,79,1,0
BRDA:553,80,0,0
BRDA:556,81,0,0
BRDA:562,82,0,0
BRDA:583,83,0,0
BRDA:586,84,0,0
BRDA:586,84,1,0
BRDA:586,84,2,0
BRDA:586,84,3,0
BRDA:586,84,4,0
BRDA:586,84,5,0
BRDA:586,85,0,0
BRDA:586,85,1,0
BRDA:586,85,2,0
BRDA:587,86,0,0
BRDA:587,86,1,0
BRDA:587,86,2,0
BRDA:588,87,0,0
BRDA:588,87,1,0
BRDA:588,87,2,0
BRDA:592,88,0,0
BRDA:597,89,0,0
BRDA:597,89,1,0
BRDA:597,89,2,0
BRDA:598,90,0,0
BRDA:598,90,1,0
BRDA:598,90,2,0
BRDA:599,91,0,0
BRDA:599,91,1,0
BRDA:599,91,2,0
BRDA:600,92,0,0
BRDA:600,92,1,0
BRDA:600,92,2,0
BRDA:601,93,0,0
BRDA:601,93,1,0
BRDA:601,93,2,0
BRDA:606,94,0,0
BRDA:606,94,1,0
BRDA:607,95,0,0
BRDA:607,95,1,0
BRDA:612,96,0,0
BRDA:628,97,0,0
BRDA:628,97,1,0
BRDA:629,98,0,0
BRDA:629,98,1,0
BRDA:647,99,0,0
BRDA:647,99,1,0
BRDA:647,100,0,0
BRDA:647,100,1,0
BRDA:648,101,0,0
BRDA:648,101,1,0
BRDA:657,102,0,0
BRDA:658,103,0,0
BRDA:659,104,0,0
BRDA:660,105,0,0
BRDA:661,106,0,0
BRDA:662,107,0,0
BRDA:663,108,0,0
BRDA:664,109,0,0
BRDA:673,110,0,9
BRDA:677,111,0,0
BRDA:677,111,1,0
BRDA:686,112,0,0
BRDA:686,112,1,0
BRDA:693,113,0,9
BRDA:697,114,0,0
BRDA:697,114,1,0
BRDA:707,115,0,0
BRDA:707,115,1,0
BRDA:714,116,0,9
BRDA:718,117,0,0
BRDA:718,117,1,0
BRDA:726,118,0,0
BRDA:726,118,1,0
BRDA:731,119,0,9
BRDA:735,120,0,0
BRDA:735,120,1,0
BRDA:744,121,0,0
BRDA:744,121,1,0
BRDA:749,122,0,9
BRDA:753,123,0,0
BRDA:753,123,1,0
BRDA:762,124,0,0
BRDA:762,124,1,0
BRDA:767,125,0,1
BRDA:771,126,0,0
BRDA:771,126,1,0
BRDA:780,127,0,0
BRDA:780,127,1,0
BRDA:785,128,0,9
BRDA:789,129,0,0
BRDA:789,129,1,0
BRDA:799,130,0,0
BRDA:799,130,1,0
BRDA:809,131,0,0
BRDA:813,132,0,0
BRDA:817,133,0,0
BRDA:821,134,0,0
BRDA:825,135,0,0
BRDA:856,136,0,0
BRDA:856,136,1,0
BRDA:877,137,0,0
BRDA:888,138,0,0
BRDA:888,138,1,0
BRDA:889,139,0,0
BRDA:889,139,1,0
BRDA:898,140,0,0
BRDA:898,141,0,0
BRDA:898,141,1,0
BRDA:898,141,2,0
BRDA:909,142,0,0
BRDA:909,142,1,0
BRDA:910,143,0,0
BRDA:910,143,1,0
BRDA:923,144,0,0
BRDA:923,144,1,0
BRDA:923,144,2,0
BRDA:924,145,0,0
BRDA:924,145,1,0
BRDA:924,145,2,0
BRDA:925,146,0,0
BRDA:925,146,1,0
BRDA:925,146,2,0
BRDA:926,147,0,0
BRDA:926,147,1,0
BRDA:926,147,2,0
BRDA:927,148,0,0
BRDA:927,148,1,0
BRDA:927,148,2,0
BRDA:928,149,0,0
BRDA:928,149,1,0
BRDA:928,149,2,0
BRDA:929,150,0,0
BRDA:929,150,1,0
BRDA:929,150,2,0
BRDA:930,151,0,0
BRDA:930,151,1,0
BRDA:930,151,2,0
BRDA:931,152,0,0
BRDA:931,152,1,0
BRDA:931,152,2,0
BRDA:932,153,0,0
BRDA:932,153,1,0
BRDA:933,154,0,0
BRDA:933,154,1,0
BRDA:934,155,0,0
BRDA:934,155,1,0
BRDA:935,156,0,0
BRDA:935,156,1,0
BRDA:935,156,2,0
BRDA:936,157,0,0
BRDA:936,157,1,0
BRDA:952,158,0,0
BRDA:953,159,0,0
BRDA:964,160,0,0
BRDA:971,161,0,0
BRDA:976,162,0,6
BRDA:976,162,1,1
BRDA:984,163,0,1
BRDA:984,164,0,5
BRDA:984,164,1,4
BRDA:1005,165,0,4
BRDA:1005,165,1,0
BRDA:1019,166,0,1
BRDA:1019,166,1,5
BRDA:1036,167,0,6
BRDA:1036,167,1,0
BRDA:1037,168,0,1
BRDA:1037,168,1,5
BRDA:1037,169,0,1
BRDA:1037,169,1,0
BRDA:1046,170,0,6
BRDA:1047,171,0,6
BRDA:1048,172,0,6
BRDA:1049,173,0,6
BRDA:1050,174,0,6
BRDA:1051,175,0,6
BRDA:1052,176,0,6
BRDA:1053,177,0,6
BRDA:1071,178,0,20
BRDA:1071,178,1,12
BRDA:1072,179,0,20
BRDA:1072,179,1,12
BRDA:1073,180,0,20
BRDA:1073,180,1,0
BRDA:1076,181,0,6
BRDA:1077,182,0,20
BRDA:1077,182,1,14
BRDA:1077,182,2,14
BRDA:1077,182,3,8
BRDA:1096,183,0,10
BRDA:1096,183,1,0
BRDA:1117,184,0,2
BRDA:1117,184,1,2
BRDA:1132,185,0,1
BRDA:1132,185,1,1
BRDA:1134,186,0,0
BRDA:1146,187,0,0
BRDA:1156,188,0,0
BRDA:1156,188,1,1
BRDA:1157,189,0,1
BRDA:1157,189,1,0
BRDA:1164,190,0,1
BRDA:1164,190,1,0
BRDA:1168,191,0,2
BRDA:1168,191,1,0
BRDA:1172,192,0,0
BRDA:1184,193,0,1
BRDA:1184,193,1,0
BRDA:1186,194,0,2
BRDA:1186,194,1,0
BRDA:1187,195,0,2
BRDA:1187,195,1,0
BRDA:1188,196,0,2
BRDA:1188,196,1,0
BRDA:1189,197,0,2
BRDA:1189,197,1,0
BRDA:1190,198,0,0
BRDA:1190,198,1,2
BRDA:1190,199,0,2
BRDA:1190,199,1,2
BRDA:1194,200,0,0
BRDA:1197,201,0,0
BRDA:1200,202,0,0
BRDA:1203,203,0,0
BRDA:1203,204,0,2
BRDA:1203,204,1,0
BRDA:1218,205,0,0
BRDA:1218,205,1,2
BRDA:1224,206,0,0
BRDA:1232,207,0,2
BRDA:1232,207,1,0
BRDA:1233,208,0,2
BRDA:1233,208,1,0
BRDA:1251,209,0,2
BRDA:1251,209,1,0
BRDA:1251,210,0,2
BRDA:1251,210,1,0
BRDA:1251,211,0,2
BRDA:1251,211,1,0
BRDA:1252,212,0,2
BRDA:1252,212,1,0
BRDA:1253,213,0,0
BRDA:1253,213,1,2
BRDA:1260,214,0,2
BRDA:1260,214,1,2
BRDA:1261,215,0,2
BRDA:1261,215,1,2
BRDA:1263,216,0,2
BRDA:1263,216,1,0
BRDA:1284,217,0,0
BRDA:1285,218,0,0
BRDA:1285,219,0,2
BRDA:1285,219,1,2
BRDA:1285,219,2,2
BRDA:1304,220,0,2
BRDA:1304,220,1,1
BRDA:1305,221,0,2
BRDA:1305,221,1,2
BRDA:1307,222,0,2
BRDA:1310,223,0,1
BRDA:1310,223,1,1
BRDA:1321,224,0,0
BRDA:1321,225,0,1
BRDA:1321,225,1,0
BRDA:1324,226,0,0
BRDA:1334,227,0,0
BRDA:1337,228,0,1
BRDA:1337,228,1,0
BRDA:1338,229,0,1
BRDA:1338,229,1,0
BRDA:1339,230,0,1
BRDA:1339,230,1,0
BRDA:1340,231,0,1
BRDA:1340,231,1,0
BRDA:1341,232,0,0
BRDA:1341,232,1,1
BRDA:1341,233,0,1
BRDA:1341,233,1,1
BRDA:1344,234,0,0
BRDA:1349,235,0,0
BRDA:1354,236,0,0
BRDA:1354,237,0,1
BRDA:1354,237,1,0
BRDA:1363,238,0,1
BRDA:1363,238,1,0
BRDA:1364,239,0,1
BRDA:1364,239,1,0
BRDA:1376,240,0,1
BRDA:1376,240,1,0
BRDA:1376,241,0,1
BRDA:1376,241,1,1
BRDA:1377,242,0,1
BRDA:1377,242,1,0
BRDA:1377,243,0,1
BRDA:1377,243,1,0
BRDA:1377,244,0,1
BRDA:1377,244,1,0
BRDA:1379,245,0,1
BRDA:1379,245,1,1
BRDA:1380,246,0,1
BRDA:1380,246,1,1
BRDA:1382,247,0,1
BRDA:1382,247,1,0
BRDA:1396,248,0,1
BRDA:1396,248,1,0
BRDA:1413,249,0,0
BRDA:1427,250,0,0
BRDA:1433,251,0,5
BRDA:1433,251,1,1
BRDA:1435,252,0,0
BRDA:1451,253,0,0
BRDA:1451,254,0,3
BRDA:1451,254,1,3
BRDA:1451,254,2,3
BRDA:1459,255,0,2
BRDA:1459,255,1,1
BRDA:1461,256,0,0
BRDA:1461,256,1,1
BRDA:1476,257,0,3
BRDA:1476,257,1,0
BRDA:1479,258,0,2
BRDA:1490,259,0,4
BRDA:1490,259,1,0
BRDA:1493,260,0,2
BRDA:1493,261,0,2
BRDA:1493,261,1,2
BRDA:1500,262,0,4
BRDA:1500,262,1,1
BRDA:1500,263,0,4
BRDA:1500,263,1,0
BRDA:1503,264,0,1
BRDA:1503,265,0,2
BRDA:1503,265,1,1
BRDA:1526,266,0,0
BRDA:1529,267,0,1
BRDA:1539,268,0,9
BRDA:1539,268,1,0
BRDA:1542,269,0,8
BRDA:1542,269,1,1
BRDA:1549,270,0,10
BRDA:1549,270,1,0
BRDA:1560,271,0,9
BRDA:1560,271,1,0
BRDA:1572,272,0,9
BRDA:1572,272,1,0
BRDA:1581,273,0,9
BRDA:1581,273,1,81
BRDA:1610,274,0,10
BRDA:1610,274,1,0
BRDA:1611,275,0,10
BRDA:1611,275,1,9
BRDA:1611,276,0,10
BRDA:1611,276,1,9
BRDA:1612,277,0,10
BRDA:1612,277,1,9
BRDA:1614,278,0,10
BRDA:1614,278,1,0
BRDA:1615,279,0,10
BRDA:1615,279,1,9
BRDA:1615,279,2,9
BRDA:1616,280,0,1
BRDA:1616,281,0,10
BRDA:1616,281,1,2
BRDA:1616,281,2,2
BRDA:1619,282,0,1
BRDA:1619,282,1,8
BRDA:1624,283,0,7
BRDA:1624,283,1,1
BRDA:1631,284,0,0
BRDA:1631,285,0,9
BRDA:1631,285,1,1
BRDA:1636,286,0,9
BRDA:1641,287,0,1
BRDA:1641,287,1,8
BRDA:1653,288,0,1
BRDA:1653,288,1,8
BRDA:1655,289,0,9
BRDA:1655,289,1,0
BRDA:1671,290,0,9
BRDA:1671,290,1,0
BRDA:1725,291,0,0
BRDA:1725,291,1,0
BRDA:1726,292,0,0
BRDA:1726,292,1,0
BRDA:1747,293,0,9
BRDA:1747,293,1,0
BRDA:1793,294,0,1
BRDA:1793,295,0,9
BRDA:1793,295,1,1
BRDA:1806,296,0,9
BRDA:1828,297,0,9
BRDA:1828,297,1,8
BRDA:1829,298,0,1
BRDA:1829,299,0,9
BRDA:1829,299,1,9
BRDA:1889,300,0,0
BRDA:1891,301,0,1
BRDA:1891,301,1,0
BRDA:1892,302,0,1
BRDA:1892,302,1,0
BRDA:1894,303,0,0
BRDA:1894,303,1,1
BRDA:1896,304,0,1
BRDA:1896,304,1,0
BRDA:1931,305,0,1
BRDA:1931,305,1,0
BRDA:1945,306,0,1
BRDA:1945,306,1,0
BRDA:1956,307,0,1
BRDA:1956,307,1,0
BRDA:1959,308,0,1
BRDA:1959,308,1,0
BRDA:1968,309,0,1
BRDA:1968,309,1,0
BRDA:1974,310,0,1
BRDA:1974,310,1,0
BRDA:1975,311,0,1
BRDA:1975,311,1,0
BRDA:1985,312,0,0
BRDA:1985,312,1,0
BRDA:1986,313,0,0
BRDA:1986,313,1,0
BRDA:1993,314,0,0
BRDA:2031,315,0,0
BRDA:2051,316,0,0
BRDA:2051,316,1,0
BRF:568
BRH:262
end_of_record
TN:
SF:src/modules/inventory/daily-snapshot.util.ts
FN:5,syncInventoryDailySnapshotForSku
FN:48,rebuildInventoryDailySnapshotsForScope
FNF:2
FNH:1
FNDA:9,syncInventoryDailySnapshotForSku
FNDA:0,rebuildInventoryDailySnapshotsForScope
DA:5,2
DA:10,9
DA:31,9
DA:48,2
DA:56,0
DA:63,0
LF:6
LH:4
BRF:0
BRH:0
end_of_record
TN:
SF:src/modules/inventory/warehouse-location.resolver.ts
FN:32,getWarehouseAlignmentPhase
FN:38,isFallbackAllowedInPhase
FN:47,incrMetric
FN:75,ensureDefaultWarehouseLocation
FN:131,ensureProductionWipWarehouseLocation
FN:197,resolveWarehouseLocationBinding
FN:287,(anonymous_6)
FNF:7
FNH:4
FNDA:9,getWarehouseAlignmentPhase
FNDA:9,isFallbackAllowedInPhase
FNDA:18,incrMetric
FNDA:0,ensureDefaultWarehouseLocation
FNDA:0,ensureProductionWipWarehouseLocation
FNDA:9,resolveWarehouseLocationBinding
FNDA:0,(anonymous_6)
DA:2,2
DA:3,2
DA:4,2
DA:27,2
DA:28,2
DA:29,2
DA:30,2
DA:33,9
DA:34,9
DA:35,9
DA:39,9
DA:40,9
DA:41,0
DA:42,0
DA:44,0
DA:52,18
DA:60,18
DA:61,18
DA:64,0
DA:65,0
DA:66,0
DA:67,0
DA:68,0
DA:69,0
DA:71,0
DA:75,2
DA:79,0
DA:89,0
DA:96,0
DA:97,0
DA:100,0
DA:112,0
DA:119,0
DA:120,0
DA:123,0
DA:131,2
DA:136,0
DA:146,0
DA:153,0
DA:154,0
DA:157,0
DA:178,0
DA:185,0
DA:186,0
DA:189,0
DA:197,2
DA:207,9
DA:209,9
DA:210,9
DA:212,9
DA:213,0
DA:237,0
DA:238,0
DA:239,0
DA:242,0
DA:251,9
DA:253,9
DA:254,0
DA:255,0
DA:257,0
DA:258,0
DA:262,9
DA:263,9
DA:264,9
DA:273,0
DA:274,0
DA:276,0
DA:289,0
DA:291,0
LF:69
LH:27
BRDA:33,0,0,9
BRDA:33,0,1,9
BRDA:34,1,0,0
BRDA:34,2,0,9
BRDA:34,2,1,9
BRDA:40,3,0,9
BRDA:41,4,0,0
BRDA:60,5,0,18
BRDA:69,6,0,0
BRDA:69,6,1,0
BRDA:96,7,0,0
BRDA:119,8,0,0
BRDA:134,9,0,0
BRDA:153,10,0,0
BRDA:185,11,0,0
BRDA:209,12,0,9
BRDA:209,12,1,0
BRDA:210,13,0,9
BRDA:210,13,1,0
BRDA:212,14,0,0
BRDA:212,15,0,9
BRDA:212,15,1,0
BRDA:237,16,0,0
BRDA:253,17,0,0
BRDA:254,18,0,0
BRDA:257,19,0,0
BRDA:262,20,0,9
BRDA:265,21,0,9
BRDA:265,21,1,9
BRDA:266,22,0,9
BRDA:266,22,1,9
BRF:31
BRH:14
end_of_record
TN:
SF:src/modules/mrp/mrp.service.ts
FN:111,(anonymous_1)
FN:123,(anonymous_2)
FN:127,(anonymous_3)
FN:278,(anonymous_4)
FN:303,(anonymous_5)
FN:404,(anonymous_6)
FN:476,(anonymous_7)
FN:486,(anonymous_8)
FN:490,(anonymous_9)
FN:717,(anonymous_10)
FN:718,(anonymous_11)
FN:758,(anonymous_12)
FNF:12
FNH:1
FNDA:8,(anonymous_1)
FNDA:0,(anonymous_2)
FNDA:0,(anonymous_3)
FNDA:0,(anonymous_4)
FNDA:0,(anonymous_5)
FNDA:0,(anonymous_6)
FNDA:0,(anonymous_7)
FNDA:0,(anonymous_8)
FNDA:0,(anonymous_9)
FNDA:0,(anonymous_10)
FNDA:0,(anonymous_11)
FNDA:0,(anonymous_12)
DA:1,1
DA:2,1
DA:4,1
DA:5,1
DA:6,1
DA:107,1
DA:112,8
DA:113,8
DA:127,0
DA:132,0
DA:138,0
DA:141,0
DA:149,0
DA:150,0
DA:153,0
DA:154,0
DA:155,0
DA:157,0
DA:159,0
DA:169,0
DA:170,0
DA:171,0
DA:172,0
DA:174,0
DA:175,0
DA:179,0
DA:182,0
DA:186,0
DA:192,0
DA:193,0
DA:194,0
DA:195,0
DA:196,0
DA:198,0
DA:199,0
DA:203,0
DA:217,0
DA:224,0
DA:230,0
DA:249,0
DA:250,0
DA:251,0
DA:252,0
DA:254,0
DA:258,0
DA:265,0
DA:268,0
DA:269,0
DA:271,0
DA:279,0
DA:285,0
DA:288,0
DA:290,0
DA:312,0
DA:313,0
DA:314,0
DA:316,0
DA:321,0
DA:323,0
DA:324,0
DA:325,0
DA:327,0
DA:328,0
DA:332,0
DA:334,0
DA:335,0
DA:336,0
DA:338,0
DA:339,0
DA:340,0
DA:342,0
DA:343,0
DA:359,0
DA:360,0
DA:363,0
DA:365,0
DA:394,0
DA:403,0
DA:405,0
DA:406,0
DA:408,0
DA:409,0
DA:410,0
DA:412,0
DA:413,0
DA:414,0
DA:417,0
DA:443,0
DA:444,0
DA:445,0
DA:446,0
DA:448,0
DA:452,0
DA:467,0
DA:480,0
DA:483,0
DA:484,0
DA:485,0
DA:486,0
DA:490,0
DA:492,0
DA:498,0
DA:500,0
DA:501,0
DA:502,0
DA:505,0
DA:508,0
DA:529,0
DA:530,0
DA:533,0
DA:534,0
DA:535,0
DA:536,0
DA:538,0
DA:539,0
DA:540,0
DA:541,0
DA:542,0
DA:546,0
DA:561,0
DA:563,0
DA:564,0
DA:566,0
DA:568,0
DA:569,0
DA:570,0
DA:574,0
DA:575,0
DA:588,0
DA:589,0
DA:590,0
DA:595,0
DA:596,0
DA:612,0
DA:614,0
DA:618,0
DA:625,0
DA:626,0
DA:628,0
DA:632,0
DA:645,0
DA:646,0
DA:647,0
DA:650,0
DA:653,0
DA:659,0
DA:661,0
DA:688,0
DA:689,0
DA:690,0
DA:693,0
DA:701,0
DA:704,0
DA:705,0
DA:707,0
DA:718,0
DA:720,0
DA:729,0
DA:730,0
DA:733,0
DA:734,0
DA:736,0
DA:737,0
DA:738,0
DA:739,0
DA:742,0
DA:745,0
DA:746,0
DA:748,0
DA:764,0
DA:804,0
LF:171
LH:8
BRDA:138,0,0,0
BRDA:149,1,0,0
BRDA:169,2,0,0
BRDA:169,2,1,0
BRDA:170,3,0,0
BRDA:170,3,1,0
BRDA:171,4,0,0
BRDA:171,4,1,0
BRDA:176,5,0,0
BRDA:176,5,1,0
BRDA:192,6,0,0
BRDA:192,6,1,0
BRDA:194,7,0,0
BRDA:194,7,1,0
BRDA:233,8,0,0
BRDA:233,8,1,0
BRDA:234,9,0,0
BRDA:234,9,1,0
BRDA:235,10,0,0
BRDA:235,10,1,0
BRDA:236,11,0,0
BRDA:236,11,1,0
BRDA:249,12,0,0
BRDA:249,12,1,0
BRDA:249,13,0,0
BRDA:249,13,1,0
BRDA:251,14,0,0
BRDA:251,14,1,0
BRDA:251,15,0,0
BRDA:251,15,1,0
BRDA:268,16,0,0
BRDA:285,17,0,0
BRDA:312,18,0,0
BRDA:312,18,1,0
BRDA:313,19,0,0
BRDA:313,19,1,0
BRDA:323,20,0,0
BRDA:327,21,0,0
BRDA:327,22,0,0
BRDA:327,22,1,0
BRDA:327,22,2,0
BRDA:334,23,0,0
BRDA:338,24,0,0
BRDA:342,25,0,0
BRDA:408,26,0,0
BRDA:412,27,0,0
BRDA:418,28,0,0
BRDA:418,28,1,0
BRDA:443,29,0,0
BRDA:443,29,1,0
BRDA:444,30,0,0
BRDA:444,30,1,0
BRDA:445,31,0,0
BRDA:445,31,1,0
BRDA:448,32,0,0
BRDA:448,32,1,0
BRDA:467,33,0,0
BRDA:467,33,1,0
BRDA:483,34,0,0
BRDA:500,35,0,0
BRDA:529,36,0,0
BRDA:540,37,0,0
BRDA:561,38,0,0
BRDA:566,39,0,0
BRDA:566,39,1,0
BRDA:570,40,0,0
BRDA:570,40,1,0
BRDA:574,41,0,0
BRDA:588,42,0,0
BRDA:588,42,1,0
BRDA:589,43,0,0
BRDA:589,43,1,0
BRDA:590,44,0,0
BRDA:590,44,1,0
BRDA:595,45,0,0
BRDA:595,45,1,0
BRDA:595,46,0,0
BRDA:595,46,1,0
BRDA:625,47,0,0
BRDA:645,48,0,0
BRDA:645,48,1,0
BRDA:646,49,0,0
BRDA:646,49,1,0
BRDA:647,50,0,0
BRDA:647,50,1,0
BRDA:654,51,0,0
BRDA:654,51,1,0
BRDA:655,52,0,0
BRDA:655,52,1,0
BRDA:704,53,0,0
BRDA:729,54,0,0
BRDA:745,55,0,0
BRDA:805,56,0,0
BRDA:805,56,1,0
BRDA:806,57,0,0
BRDA:806,57,1,0
BRDA:807,58,0,0
BRDA:807,58,1,0
BRDA:808,59,0,0
BRDA:808,59,1,0
BRF:100
BRH:0
end_of_record
TN:
SF:src/modules/production/production-phase1.service.ts
FN:75,(anonymous_1)
FN:80,(anonymous_2)
FN:86,(anonymous_3)
FN:241,(anonymous_4)
FN:261,(anonymous_5)
FN:285,(anonymous_6)
FN:295,(anonymous_7)
FN:321,(anonymous_8)
FN:327,(anonymous_9)
FN:373,(anonymous_10)
FN:389,(anonymous_11)
FN:413,(anonymous_12)
FN:418,(anonymous_13)
FN:421,(anonymous_14)
FN:452,(anonymous_15)
FN:453,(anonymous_16)
FN:479,(anonymous_17)
FN:487,(anonymous_18)
FN:507,(anonymous_19)
FN:525,(anonymous_20)
FN:617,(anonymous_21)
FN:640,(anonymous_22)
FNF:22
FNH:17
FNDA:6,(anonymous_1)
FNDA:6,(anonymous_2)
FNDA:6,(anonymous_3)
FNDA:0,(anonymous_4)
FNDA:0,(anonymous_5)
FNDA:0,(anonymous_6)
FNDA:5,(anonymous_7)
FNDA:2,(anonymous_8)
FNDA:7,(anonymous_9)
FNDA:3,(anonymous_10)
FNDA:3,(anonymous_11)
FNDA:0,(anonymous_12)
FNDA:0,(anonymous_13)
FNDA:3,(anonymous_14)
FNDA:7,(anonymous_15)
FNDA:7,(anonymous_16)
FNDA:4,(anonymous_17)
FNDA:2,(anonymous_18)
FNDA:5,(anonymous_19)
FNDA:4,(anonymous_20)
FNDA:1,(anonymous_21)
FNDA:1,(anonymous_22)
DA:1,1
DA:3,1
DA:4,1
DA:5,1
DA:6,1
DA:71,1
DA:76,6
DA:77,6
DA:86,6
DA:87,6
DA:95,6
DA:96,0
DA:99,6
DA:100,1
DA:103,5
DA:104,0
DA:107,5
DA:108,0
DA:111,5
DA:112,5
DA:113,2
DA:114,1
DA:116,1
DA:117,1
DA:125,3
DA:131,3
DA:132,0
DA:134,3
DA:144,3
DA:145,3
DA:147,3
DA:148,7
DA:149,4
DA:151,4
DA:152,4
DA:162,4
DA:163,4
DA:166,3
DA:167,3
DA:168,0
DA:180,3
DA:181,3
DA:182,7
DA:185,7
DA:186,7
DA:203,7
DA:205,7
DA:206,4
DA:214,7
DA:217,3
DA:223,3
DA:230,3
DA:232,3
DA:242,0
DA:243,0
DA:262,0
DA:263,0
DA:286,0
DA:290,0
DA:291,0
DA:299,5
DA:314,5
DA:322,2
DA:337,7
DA:357,7
DA:358,7
DA:365,7
DA:374,3
DA:375,2
DA:376,2
DA:378,0
DA:382,1
DA:383,1
DA:386,0
DA:393,3
DA:394,3
DA:401,3
DA:403,0
DA:408,0
DA:409,0
DA:412,0
DA:413,0
DA:418,0
DA:427,3
DA:429,3
DA:437,3
DA:438,0
DA:439,0
DA:442,3
DA:447,3
DA:448,0
DA:449,0
DA:452,7
DA:453,3
DA:454,7
DA:455,7
DA:456,7
DA:457,7
DA:458,0
DA:461,7
DA:462,7
DA:464,7
DA:465,7
DA:466,7
DA:467,7
DA:469,7
DA:479,4
DA:480,3
DA:481,2
DA:484,3
DA:493,2
DA:501,2
DA:502,2
DA:507,5
DA:517,2
DA:529,4
DA:562,4
DA:563,1
DA:564,1
DA:566,1
DA:575,1
DA:577,1
DA:578,1
DA:579,1
DA:580,1
DA:583,1
DA:584,1
DA:585,1
DA:586,1
DA:588,1
DA:621,1
DA:637,1
DA:645,1
DA:646,1
DA:657,1
LF:135
LH:110
BRDA:95,0,0,0
BRDA:99,1,0,1
BRDA:99,2,0,6
BRDA:99,2,1,5
BRDA:103,3,0,0
BRDA:107,4,0,0
BRDA:107,5,0,5
BRDA:107,5,1,0
BRDA:112,6,0,2
BRDA:112,7,0,5
BRDA:112,7,1,3
BRDA:112,7,2,3
BRDA:113,8,0,1
BRDA:131,9,0,0
BRDA:148,10,0,3
BRDA:148,11,0,7
BRDA:148,11,1,4
BRDA:149,12,0,0
BRDA:151,13,0,4
BRDA:151,13,1,3
BRDA:175,14,0,0
BRDA:175,14,1,0
BRDA:182,15,0,4
BRDA:182,15,1,3
BRDA:182,16,0,7
BRDA:182,16,1,4
BRDA:185,17,0,7
BRDA:185,17,1,3
BRDA:198,18,0,0
BRDA:198,18,1,7
BRDA:205,19,0,4
BRDA:235,20,0,3
BRDA:235,20,1,0
BRDA:236,21,0,3
BRDA:236,21,1,0
BRDA:290,22,0,0
BRDA:315,23,0,5
BRDA:315,23,1,0
BRDA:316,24,0,5
BRDA:316,24,1,0
BRDA:317,25,0,5
BRDA:317,25,1,0
BRDA:322,26,0,2
BRDA:322,26,1,2
BRDA:322,26,2,2
BRDA:374,27,0,2
BRDA:382,28,0,1
BRDA:382,29,0,1
BRDA:382,29,1,1
BRDA:393,30,0,0
BRDA:401,31,0,3
BRDA:408,32,0,0
BRDA:415,33,0,0
BRDA:415,33,1,0
BRDA:416,34,0,0
BRDA:416,34,1,0
BRDA:418,35,0,0
BRDA:418,35,1,0
BRDA:427,36,0,0
BRDA:437,37,0,0
BRDA:447,38,0,0
BRDA:447,39,0,3
BRDA:447,39,1,3
BRDA:454,40,0,7
BRDA:454,40,1,0
BRDA:454,40,2,0
BRDA:455,41,0,7
BRDA:455,41,1,7
BRDA:455,41,2,5
BRDA:457,42,0,0
BRDA:457,43,0,7
BRDA:457,43,1,0
BRDA:461,44,0,7
BRDA:461,44,1,0
BRDA:461,44,2,0
BRDA:461,44,3,0
BRDA:462,45,0,7
BRDA:462,45,1,7
BRDA:462,45,2,7
BRDA:462,45,3,7
BRDA:464,46,0,0
BRDA:464,46,1,7
BRDA:465,47,0,7
BRDA:465,47,1,3
BRDA:466,48,0,3
BRDA:466,48,1,4
BRDA:466,49,0,3
BRDA:466,49,1,3
BRDA:467,50,0,2
BRDA:467,50,1,5
BRDA:467,51,0,5
BRDA:467,51,1,0
BRDA:472,52,0,7
BRDA:472,52,1,7
BRDA:472,52,2,7
BRDA:472,52,3,0
BRDA:472,52,4,0
BRDA:474,53,0,4
BRDA:474,53,1,3
BRDA:479,54,0,4
BRDA:479,54,1,4
BRDA:479,54,2,2
BRDA:480,55,0,2
BRDA:503,56,0,2
BRDA:503,56,1,0
BRDA:505,57,0,2
BRDA:505,57,1,0
BRDA:563,58,0,1
BRDA:563,58,1,0
BRDA:564,59,0,0
BRDA:564,60,0,1
BRDA:564,60,1,1
BRDA:575,61,0,0
BRDA:579,62,0,1
BRDA:579,62,1,0
BRDA:579,62,2,0
BRDA:580,63,0,1
BRDA:580,63,1,0
BRDA:584,64,0,1
BRDA:584,64,1,0
BRDA:585,65,0,1
BRDA:585,65,1,0
BRDA:585,66,0,1
BRDA:585,66,1,0
BRDA:585,67,0,0
BRDA:585,67,1,0
BRDA:605,68,0,1
BRDA:605,68,1,0
BRDA:637,69,0,1
BRDA:637,69,1,0
BRDA:645,70,0,0
BRDA:657,71,0,1
BRDA:657,71,1,0
BRF:133
BRH:79
end_of_record
TN:
SF:src/modules/production/scheduler.service.ts
FN:197,(anonymous_1)
FN:202,(anonymous_2)
FN:206,(anonymous_3)
FN:214,(anonymous_4)
FN:227,(anonymous_5)
FN:249,(anonymous_6)
FN:330,(anonymous_7)
FN:332,(anonymous_8)
FN:379,(anonymous_9)
FN:397,(anonymous_10)
FN:427,(anonymous_11)
FN:435,(anonymous_12)
FN:456,(anonymous_13)
FN:501,(anonymous_14)
FN:529,(anonymous_15)
FN:548,(anonymous_16)
FN:597,(anonymous_17)
FN:599,(anonymous_18)
FN:603,(anonymous_19)
FN:623,(anonymous_20)
FN:635,(anonymous_21)
FN:636,(anonymous_22)
FN:673,(anonymous_23)
FN:694,(anonymous_24)
FN:760,(anonymous_25)
FN:781,(anonymous_26)
FN:858,(anonymous_27)
FN:871,(anonymous_28)
FN:953,(anonymous_29)
FN:1135,(anonymous_30)
FN:1165,(anonymous_31)
FN:1173,(anonymous_32)
FN:1174,(anonymous_33)
FN:1175,(anonymous_34)
FN:1184,(anonymous_35)
FN:1189,(anonymous_36)
FN:1198,(anonymous_37)
FN:1209,(anonymous_38)
FN:1221,(anonymous_39)
FN:1302,(anonymous_40)
FN:1336,(anonymous_41)
FN:1363,(anonymous_42)
FN:1370,(anonymous_43)
FN:1395,(anonymous_44)
FN:1424,(anonymous_45)
FN:1478,(anonymous_46)
FN:1481,(anonymous_47)
FN:1485,(anonymous_48)
FN:1510,(anonymous_49)
FN:1517,(anonymous_50)
FN:1544,(anonymous_51)
FN:1561,(anonymous_52)
FN:1619,(anonymous_53)
FN:1651,(anonymous_54)
FN:1700,(anonymous_55)
FN:1730,(anonymous_56)
FN:1830,(anonymous_57)
FN:1861,(anonymous_58)
FN:1862,(anonymous_59)
FN:1866,(anonymous_60)
FN:1873,(anonymous_61)
FN:1949,(anonymous_62)
FN:1991,(anonymous_63)
FN:2013,(anonymous_64)
FN:2032,(anonymous_65)
FN:2070,(anonymous_66)
FN:2083,(anonymous_67)
FN:2094,(anonymous_68)
FN:2105,(anonymous_69)
FN:2113,(anonymous_70)
FN:2118,(anonymous_71)
FN:2123,(anonymous_72)
FN:2129,(anonymous_73)
FN:2136,(anonymous_74)
FN:2144,(anonymous_75)
FN:2149,(anonymous_76)
FN:2153,(anonymous_77)
FN:2157,(anonymous_78)
FN:2173,(anonymous_79)
FN:2189,(anonymous_80)
FN:2204,(anonymous_81)
FN:2218,(anonymous_82)
FN:2250,(anonymous_83)
FN:2269,(anonymous_84)
FN:2291,(anonymous_85)
FN:2377,(anonymous_86)
FN:2410,(anonymous_87)
FNF:87
FNH:30
FNDA:3,(anonymous_1)
FNDA:1,(anonymous_2)
FNDA:0,(anonymous_3)
FNDA:1,(anonymous_4)
FNDA:0,(anonymous_5)
FNDA:1,(anonymous_6)
FNDA:1,(anonymous_7)
FNDA:1,(anonymous_8)
FNDA:1,(anonymous_9)
FNDA:2,(anonymous_10)
FNDA:1,(anonymous_11)
FNDA:1,(anonymous_12)
FNDA:1,(anonymous_13)
FNDA:0,(anonymous_14)
FNDA:0,(anonymous_15)
FNDA:1,(anonymous_16)
FNDA:1,(anonymous_17)
FNDA:1,(anonymous_18)
FNDA:1,(anonymous_19)
FNDA:1,(anonymous_20)
FNDA:0,(anonymous_21)
FNDA:0,(anonymous_22)
FNDA:0,(anonymous_23)
FNDA:0,(anonymous_24)
FNDA:0,(anonymous_25)
FNDA:0,(anonymous_26)
FNDA:0,(anonymous_27)
FNDA:0,(anonymous_28)
FNDA:0,(anonymous_29)
FNDA:0,(anonymous_30)
FNDA:0,(anonymous_31)
FNDA:0,(anonymous_32)
FNDA:0,(anonymous_33)
FNDA:0,(anonymous_34)
FNDA:0,(anonymous_35)
FNDA:0,(anonymous_36)
FNDA:0,(anonymous_37)
FNDA:0,(anonymous_38)
FNDA:0,(anonymous_39)
FNDA:0,(anonymous_40)
FNDA:0,(anonymous_41)
FNDA:0,(anonymous_42)
FNDA:0,(anonymous_43)
FNDA:0,(anonymous_44)
FNDA:0,(anonymous_45)
FNDA:0,(anonymous_46)
FNDA:0,(anonymous_47)
FNDA:0,(anonymous_48)
FNDA:0,(anonymous_49)
FNDA:0,(anonymous_50)
FNDA:0,(anonymous_51)
FNDA:0,(anonymous_52)
FNDA:0,(anonymous_53)
FNDA:0,(anonymous_54)
FNDA:0,(anonymous_55)
FNDA:0,(anonymous_56)
FNDA:0,(anonymous_57)
FNDA:0,(anonymous_58)
FNDA:0,(anonymous_59)
FNDA:0,(anonymous_60)
FNDA:0,(anonymous_61)
FNDA:0,(anonymous_62)
FNDA:1,(anonymous_63)
FNDA:1,(anonymous_64)
FNDA:1,(anonymous_65)
FNDA:0,(anonymous_66)
FNDA:1,(anonymous_67)
FNDA:1,(anonymous_68)
FNDA:1,(anonymous_69)
FNDA:1,(anonymous_70)
FNDA:0,(anonymous_71)
FNDA:0,(anonymous_72)
FNDA:0,(anonymous_73)
FNDA:1,(anonymous_74)
FNDA:1,(anonymous_75)
FNDA:0,(anonymous_76)
FNDA:0,(anonymous_77)
FNDA:0,(anonymous_78)
FNDA:1,(anonymous_79)
FNDA:3,(anonymous_80)
FNDA:2,(anonymous_81)
FNDA:1,(anonymous_82)
FNDA:1,(anonymous_83)
FNDA:0,(anonymous_84)
FNDA:0,(anonymous_85)
FNDA:0,(anonymous_86)
FNDA:0,(anonymous_87)
DA:1,1
DA:2,1
DA:4,1
DA:5,1
DA:6,1
DA:7,1
DA:8,1
DA:9,1
DA:10,1
DA:11,1
DA:193,1
DA:198,3
DA:199,3
DA:203,1
DA:207,0
DA:215,1
DA:216,1
DA:217,1
DA:218,1
DA:219,1
DA:221,1
DA:222,1
DA:224,1
DA:225,1
DA:227,0
DA:228,0
DA:229,0
DA:230,0
DA:233,0
DA:236,0
DA:237,0
DA:240,1
DA:241,1
DA:243,1
DA:244,1
DA:256,1
DA:261,1
DA:262,0
DA:263,0
DA:264,0
DA:268,1
DA:269,0
DA:270,0
DA:274,1
DA:275,1
DA:276,0
DA:289,1
DA:291,1
DA:292,1
DA:293,0
DA:307,1
DA:328,1
DA:330,1
DA:332,1
DA:334,1
DA:335,1
DA:336,1
DA:338,1
DA:345,1
DA:352,1
DA:353,1
DA:355,1
DA:356,1
DA:359,1
DA:378,1
DA:379,1
DA:380,1
DA:385,1
DA:388,1
DA:389,1
DA:391,1
DA:398,2
DA:406,2
DA:424,2
DA:426,1
DA:427,1
DA:428,1
DA:429,1
DA:432,1
DA:433,1
DA:434,1
DA:435,1
DA:436,1
DA:437,1
DA:438,1
DA:445,1
DA:456,2
DA:457,2
DA:458,1
DA:459,1
DA:466,1
DA:467,1
DA:469,0
DA:476,0
DA:477,0
DA:479,0
DA:496,0
DA:501,0
DA:514,0
DA:523,2
DA:534,0
DA:549,1
DA:597,1
DA:599,1
DA:601,1
DA:603,1
DA:623,1
DA:636,0
DA:637,0
DA:639,0
DA:640,0
DA:643,0
DA:644,0
DA:647,0
DA:654,0
DA:655,0
DA:658,0
DA:689,0
DA:692,0
DA:694,0
DA:695,0
DA:696,0
DA:697,0
DA:698,0
DA:700,0
DA:701,0
DA:704,0
DA:705,0
DA:706,0
DA:708,0
DA:709,0
DA:710,0
DA:711,0
DA:714,0
DA:723,0
DA:743,0
DA:753,0
DA:757,0
DA:776,0
DA:779,0
DA:781,0
DA:782,0
DA:783,0
DA:784,0
DA:785,0
DA:787,0
DA:788,0
DA:791,0
DA:792,0
DA:793,0
DA:794,0
DA:796,0
DA:797,0
DA:798,0
DA:799,0
DA:800,0
DA:803,0
DA:804,0
DA:805,0
DA:806,0
DA:809,0
DA:818,0
DA:838,0
DA:848,0
DA:852,0
DA:867,0
DA:870,0
DA:871,0
DA:872,0
DA:873,0
DA:875,0
DA:876,0
DA:879,0
DA:880,0
DA:883,0
DA:884,0
DA:888,0
DA:896,0
DA:897,0
DA:898,0
DA:905,0
DA:906,0
DA:907,0
DA:910,0
DA:912,0
DA:918,0
DA:932,0
DA:933,0
DA:943,0
DA:944,0
DA:945,0
DA:953,0
DA:955,0
DA:958,0
DA:968,0
DA:969,0
DA:973,0
DA:981,0
DA:983,0
DA:991,0
DA:1006,0
DA:1007,0
DA:1008,0
DA:1009,0
DA:1010,0
DA:1017,0
DA:1034,0
DA:1035,0
DA:1036,0
DA:1037,0
DA:1041,0
DA:1044,0
DA:1074,0
DA:1097,0
DA:1098,0
DA:1100,0
DA:1107,0
DA:1113,0
DA:1128,0
DA:1129,0
DA:1138,0
DA:1146,0
DA:1147,0
DA:1156,0
DA:1166,0
DA:1173,0
DA:1174,0
DA:1175,0
DA:1177,0
DA:1178,0
DA:1181,0
DA:1185,0
DA:1186,0
DA:1187,0
DA:1188,0
DA:1190,0
DA:1194,0
DA:1202,0
DA:1203,0
DA:1204,0
DA:1205,0
DA:1214,0
DA:1215,0
DA:1216,0
DA:1218,0
DA:1236,0
DA:1237,0
DA:1249,0
DA:1250,0
DA:1251,0
DA:1252,0
DA:1253,0
DA:1254,0
DA:1255,0
DA:1256,0
DA:1258,0
DA:1278,0
DA:1314,0
DA:1316,0
DA:1317,0
DA:1320,0
DA:1343,0
DA:1344,0
DA:1355,0
DA:1356,0
DA:1360,0
DA:1367,0
DA:1374,0
DA:1392,0
DA:1402,0
DA:1435,0
DA:1436,0
DA:1437,0
DA:1440,0
DA:1442,0
DA:1443,0
DA:1444,0
DA:1445,0
DA:1447,0
DA:1471,0
DA:1478,0
DA:1482,0
DA:1489,0
DA:1509,0
DA:1510,0
DA:1521,0
DA:1533,0
DA:1534,0
DA:1537,0
DA:1550,0
DA:1558,0
DA:1580,0
DA:1581,0
DA:1613,0
DA:1629,0
DA:1662,0
DA:1669,0
DA:1670,0
DA:1673,0
DA:1674,0
DA:1675,0
DA:1676,0
DA:1678,0
DA:1679,0
DA:1685,0
DA:1712,0
DA:1752,0
DA:1753,0
DA:1754,0
DA:1757,0
DA:1758,0
DA:1767,0
DA:1784,0
DA:1801,0
DA:1809,0
DA:1819,0
DA:1820,0
DA:1822,0
DA:1838,0
DA:1839,0
DA:1840,0
DA:1841,0
DA:1842,0
DA:1843,0
DA:1844,0
DA:1845,0
DA:1846,0
DA:1849,0
DA:1850,0
DA:1853,0
DA:1854,0
DA:1855,0
DA:1857,0
DA:1858,0
DA:1859,0
DA:1860,0
DA:1861,0
DA:1862,0
DA:1867,0
DA:1868,0
DA:1869,0
DA:1870,0
DA:1873,0
DA:1874,0
DA:1875,0
DA:1880,0
DA:1881,0
DA:1882,0
DA:1883,0
DA:1884,0
DA:1886,0
DA:1895,0
DA:1896,0
DA:1904,0
DA:1921,0
DA:1931,0
DA:1934,0
DA:1941,0
DA:1942,0
DA:1943,0
DA:1946,0
DA:1953,0
DA:1967,0
DA:1968,0
DA:1969,0
DA:1970,0
DA:1971,0
DA:1973,0
DA:1992,1
DA:2014,1
DA:2015,1
DA:2016,1
DA:2022,1
DA:2023,0
DA:2025,0
DA:2027,0
DA:2033,1
DA:2071,0
DA:2084,1
DA:2095,1
DA:2112,1
DA:2113,1
DA:2114,1
DA:2117,0
DA:2118,0
DA:2122,0
DA:2123,0
DA:2125,0
DA:2128,0
DA:2129,0
DA:2142,1
DA:2143,1
DA:2144,1
DA:2146,1
DA:2148,0
DA:2149,0
DA:2152,1
DA:2153,0
DA:2162,0
DA:2163,0
DA:2164,0
DA:2166,0
DA:2169,0
DA:2179,1
DA:2180,1
DA:2181,1
DA:2183,0
DA:2194,3
DA:2195,3
DA:2196,3
DA:2198,0
DA:2205,2
DA:2206,2
DA:2212,0
DA:2237,1
DA:2240,1
DA:2247,1
DA:2248,1
DA:2249,1
DA:2250,1
DA:2251,1
DA:2252,1
DA:2253,1
DA:2259,1
DA:2270,0
DA:2271,0
DA:2273,0
DA:2274,0
DA:2295,0
DA:2310,0
DA:2311,0
DA:2314,0
DA:2315,0
DA:2317,0
DA:2318,0
DA:2326,0
DA:2337,0
DA:2338,0
DA:2340,0
DA:2342,0
DA:2343,0
DA:2350,0
DA:2354,0
DA:2377,0
DA:2378,0
DA:2380,0
DA:2384,0
DA:2396,0
DA:2411,0
DA:2414,0
DA:2416,0
DA:2417,0
DA:2419,0
DA:2420,0
DA:2421,0
DA:2422,0
DA:2423,0
DA:2427,0
LF:458
LH:118
BRDA:214,0,0,0
BRDA:215,1,0,1
BRDA:215,1,1,0
BRDA:225,2,0,0
BRDA:229,3,0,0
BRDA:243,4,0,1
BRDA:243,5,0,1
BRDA:243,5,1,1
BRDA:261,6,0,0
BRDA:268,7,0,0
BRDA:270,8,0,0
BRDA:275,9,0,0
BRDA:292,10,0,0
BRDA:336,11,0,1
BRDA:336,11,1,0
BRDA:352,12,0,1
BRDA:353,13,0,1
BRDA:353,13,1,0
BRDA:355,14,0,1
BRDA:356,15,0,1
BRDA:356,15,1,0
BRDA:368,16,0,1
BRDA:368,16,1,0
BRDA:369,17,0,1
BRDA:369,17,1,0
BRDA:370,18,0,1
BRDA:370,18,1,0
BRDA:371,19,0,1
BRDA:371,19,1,0
BRDA:380,20,0,1
BRDA:380,20,1,0
BRDA:424,21,0,1
BRDA:457,22,0,1
BRDA:467,23,0,1
BRDA:467,24,0,1
BRDA:467,24,1,1
BRDA:467,24,2,0
BRDA:477,25,0,0
BRDA:499,26,0,0
BRDA:499,26,1,0
BRDA:505,27,0,0
BRDA:505,27,1,0
BRDA:506,28,0,0
BRDA:506,28,1,0
BRDA:507,29,0,0
BRDA:507,29,1,0
BRDA:508,30,0,0
BRDA:508,30,1,0
BRDA:509,31,0,0
BRDA:509,31,1,0
BRDA:510,32,0,0
BRDA:510,32,1,0
BRDA:599,33,0,1
BRDA:599,33,1,1
BRDA:618,34,0,1
BRDA:618,34,1,0
BRDA:620,35,0,1
BRDA:620,35,1,1
BRDA:639,36,0,0
BRDA:643,37,0,0
BRDA:654,38,0,0
BRDA:697,39,0,0
BRDA:700,40,0,0
BRDA:700,41,0,0
BRDA:700,41,1,0
BRDA:710,42,0,0
BRDA:730,43,0,0
BRDA:730,43,1,0
BRDA:731,44,0,0
BRDA:731,44,1,0
BRDA:784,45,0,0
BRDA:787,46,0,0
BRDA:787,47,0,0
BRDA:787,47,1,0
BRDA:799,48,0,0
BRDA:803,49,0,0
BRDA:803,49,1,0
BRDA:803,50,0,0
BRDA:803,50,1,0
BRDA:805,51,0,0
BRDA:825,52,0,0
BRDA:825,52,1,0
BRDA:826,53,0,0
BRDA:826,53,1,0
BRDA:875,54,0,0
BRDA:879,55,0,0
BRDA:883,56,0,0
BRDA:896,57,0,0
BRDA:896,57,1,0
BRDA:901,58,0,0
BRDA:901,58,1,0
BRDA:905,59,0,0
BRDA:905,60,0,0
BRDA:905,60,1,0
BRDA:925,61,0,0
BRDA:925,61,1,0
BRDA:925,62,0,0
BRDA:925,62,1,0
BRDA:926,63,0,0
BRDA:926,63,1,0
BRDA:926,64,0,0
BRDA:926,64,1,0
BRDA:927,65,0,0
BRDA:927,65,1,0
BRDA:932,66,0,0
BRDA:981,67,0,0
BRDA:1006,68,0,0
BRDA:1006,69,0,0
BRDA:1006,69,1,0
BRDA:1009,70,0,0
BRDA:1009,70,1,0
BRDA:1034,71,0,0
BRDA:1034,72,0,0
BRDA:1034,72,1,0
BRDA:1120,73,0,0
BRDA:1120,73,1,0
BRDA:1122,74,0,0
BRDA:1122,74,1,0
BRDA:1123,75,0,0
BRDA:1123,75,1,0
BRDA:1146,76,0,0
BRDA:1146,77,0,0
BRDA:1146,77,1,0
BRDA:1165,78,0,0
BRDA:1177,79,0,0
BRDA:1177,80,0,0
BRDA:1177,80,1,0
BRDA:1177,80,2,0
BRDA:1185,81,0,0
BRDA:1202,82,0,0
BRDA:1202,83,0,0
BRDA:1202,83,1,0
BRDA:1203,84,0,0
BRDA:1203,84,1,0
BRDA:1214,85,0,0
BRDA:1214,85,1,0
BRDA:1215,86,0,0
BRDA:1250,87,0,0
BRDA:1250,87,1,0
BRDA:1251,88,0,0
BRDA:1251,88,1,0
BRDA:1252,89,0,0
BRDA:1252,89,1,0
BRDA:1295,90,0,0
BRDA:1295,90,1,0
BRDA:1316,91,0,0
BRDA:1343,92,0,0
BRDA:1355,93,0,0
BRDA:1360,94,0,0
BRDA:1360,94,1,0
BRDA:1392,95,0,0
BRDA:1392,95,1,0
BRDA:1435,96,0,0
BRDA:1435,96,1,0
BRDA:1436,97,0,0
BRDA:1443,98,0,0
BRDA:1443,98,1,0
BRDA:1444,99,0,0
BRDA:1444,99,1,0
BRDA:1460,100,0,0
BRDA:1460,100,1,0
BRDA:1466,101,0,0
BRDA:1466,101,1,0
BRDA:1482,102,0,0
BRDA:1482,102,1,0
BRDA:1511,103,0,0
BRDA:1511,103,1,0
BRDA:1512,104,0,0
BRDA:1512,104,1,0
BRDA:1533,105,0,0
BRDA:1538,106,0,0
BRDA:1538,106,1,0
BRDA:1540,107,0,0
BRDA:1540,107,1,0
BRDA:1558,108,0,0
BRDA:1558,108,1,0
BRDA:1602,109,0,0
BRDA:1602,109,1,0
BRDA:1603,110,0,0
BRDA:1603,110,1,0
BRDA:1604,111,0,0
BRDA:1604,111,1,0
BRDA:1605,112,0,0
BRDA:1605,112,1,0
BRDA:1606,113,0,0
BRDA:1606,113,1,0
BRDA:1607,114,0,0
BRDA:1607,114,1,0
BRDA:1669,115,0,0
BRDA:1674,116,0,0
BRDA:1674,116,1,0
BRDA:1675,117,0,0
BRDA:1675,117,1,0
BRDA:1676,118,0,0
BRDA:1676,118,1,0
BRDA:1678,119,0,0
BRDA:1724,120,0,0
BRDA:1724,120,1,0
BRDA:1753,121,0,0
BRDA:1753,122,0,0
BRDA:1753,122,1,0
BRDA:1841,123,0,0
BRDA:1841,123,1,0
BRDA:1842,124,0,0
BRDA:1842,124,1,0
BRDA:1844,125,0,0
BRDA:1845,126,0,0
BRDA:1845,126,1,0
BRDA:1846,127,0,0
BRDA:1846,127,1,0
BRDA:1849,128,0,0
BRDA:1859,129,0,0
BRDA:1859,129,1,0
BRDA:1861,130,0,0
BRDA:1861,130,1,0
BRDA:1863,131,0,0
BRDA:1863,131,1,0
BRDA:1867,132,0,0
BRDA:1868,133,0,0
BRDA:1869,134,0,0
BRDA:1874,135,0,0
BRDA:1882,136,0,0
BRDA:1884,137,0,0
BRDA:1895,138,0,0
BRDA:1967,139,0,0
BRDA:1967,139,1,0
BRDA:1968,140,0,0
BRDA:1968,140,1,0
BRDA:1969,141,0,0
BRDA:1969,141,1,0
BRDA:1969,142,0,0
BRDA:1969,142,1,0
BRDA:1970,143,0,0
BRDA:1970,143,1,0
BRDA:1971,144,0,0
BRDA:1971,144,1,0
BRDA:1981,145,0,0
BRDA:1981,145,1,0
BRDA:2022,146,0,0
BRDA:2022,147,0,1
BRDA:2022,147,1,0
BRDA:2023,148,0,0
BRDA:2112,149,0,1
BRDA:2114,150,0,1
BRDA:2117,151,0,0
BRDA:2117,151,1,0
BRDA:2123,152,0,0
BRDA:2123,152,1,0
BRDA:2125,153,0,0
BRDA:2125,154,0,0
BRDA:2125,154,1,0
BRDA:2129,155,0,0
BRDA:2129,155,1,0
BRDA:2129,156,0,0
BRDA:2129,156,1,0
BRDA:2144,157,0,1
BRDA:2144,157,1,0
BRDA:2144,158,0,1
BRDA:2144,158,1,0
BRDA:2146,159,0,0
BRDA:2148,160,0,0
BRDA:2148,160,1,0
BRDA:2149,161,0,0
BRDA:2149,161,1,0
BRDA:2149,162,0,0
BRDA:2149,162,1,0
BRDA:2153,163,0,0
BRDA:2153,163,1,0
BRDA:2153,164,0,0
BRDA:2153,164,1,0
BRDA:2162,165,0,0
BRDA:2179,166,0,0
BRDA:2194,167,0,0
BRDA:2237,168,0,0
BRDA:2273,169,0,0
BRDA:2273,169,1,0
BRDA:2310,170,0,0
BRDA:2317,171,0,0
BRDA:2342,172,0,0
BRDA:2342,173,0,0
BRDA:2342,173,1,0
BRDA:2380,174,0,0
BRDA:2380,174,1,0
BRDA:2411,175,0,0
BRDA:2411,175,1,0
BRDA:2422,176,0,0
BRDA:2422,177,0,0
BRDA:2422,177,1,0
BRF:288
BRH:29
end_of_record
TN:
SF:src/modules/production/workflow-engine.service.ts
FN:68,(anonymous_1)
FN:79,(anonymous_2)
FN:155,(anonymous_3)
FN:294,(anonymous_4)
FN:301,(anonymous_5)
FN:310,(anonymous_6)
FN:328,(anonymous_7)
FN:357,(anonymous_8)
FN:358,(anonymous_9)
FN:370,(anonymous_10)
FNF:10
FNH:0
FNDA:0,(anonymous_1)
FNDA:0,(anonymous_2)
FNDA:0,(anonymous_3)
FNDA:0,(anonymous_4)
FNDA:0,(anonymous_5)
FNDA:0,(anonymous_6)
FNDA:0,(anonymous_7)
FNDA:0,(anonymous_8)
FNDA:0,(anonymous_9)
FNDA:0,(anonymous_10)
DA:1,1
DA:4,1
DA:5,1
DA:6,1
DA:64,1
DA:69,0
DA:70,0
DA:87,0
DA:90,0
DA:106,0
DA:107,0
DA:110,0
DA:117,0
DA:118,0
DA:121,0
DA:126,0
DA:137,0
DA:145,0
DA:146,0
DA:163,0
DA:164,0
DA:170,0
DA:177,0
DA:178,0
DA:180,0
DA:192,0
DA:193,0
DA:194,0
DA:198,0
DA:224,0
DA:247,0
DA:248,0
DA:249,0
DA:250,0
DA:275,0
DA:290,0
DA:291,0
DA:298,0
DA:302,0
DA:303,0
DA:304,0
DA:317,0
DA:327,0
DA:328,0
DA:330,0
DA:333,0
DA:340,0
DA:342,0
DA:345,0
DA:354,0
DA:357,0
DA:358,0
DA:359,0
DA:376,0
DA:384,0
DA:385,0
DA:388,0
DA:394,0
DA:396,0
DA:399,0
DA:406,0
DA:408,0
LF:62
LH:5
BRDA:85,0,0,0
BRDA:87,1,0,0
BRDA:106,2,0,0
BRDA:117,3,0,0
BRDA:121,4,0,0
BRDA:122,5,0,0
BRDA:122,5,1,0
BRDA:122,5,2,0
BRDA:145,6,0,0
BRDA:177,7,0,0
BRDA:177,7,1,0
BRDA:192,8,0,0
BRDA:192,9,0,0
BRDA:192,9,1,0
BRDA:247,10,0,0
BRDA:247,10,1,0
BRDA:248,11,0,0
BRDA:303,12,0,0
BRDA:303,12,1,0
BRDA:328,13,0,0
BRDA:328,13,1,0
BRDA:330,14,0,0
BRDA:340,15,0,0
BRDA:354,16,0,0
BRDA:384,17,0,0
BRDA:384,17,1,0
BRDA:385,18,0,0
BRDA:394,19,0,0
BRDA:406,20,0,0
BRDA:406,20,1,0
BRF:30
BRH:0
end_of_record
TN:
SF:src/modules/purchase/purchase-order-status.util.ts
FN:11,recalculatePurchaseOrderStatus
FNF:1
FNH:1
FNDA:11,recalculatePurchaseOrderStatus
DA:1,2
DA:11,2
DA:17,11
DA:19,11
DA:24,11
DA:26,11
DA:27,1
DA:30,10
DA:40,10
DA:42,10
DA:43,10
DA:45,10
DA:46,10
DA:47,1
DA:48,9
DA:49,9
DA:52,10
DA:53,0
DA:56,10
DA:63,10
LF:20
LH:19
BRDA:24,0,0,11
BRDA:24,0,1,0
BRDA:26,1,0,1
BRDA:26,2,0,11
BRDA:26,2,1,11
BRDA:27,3,0,1
BRDA:27,3,1,0
BRDA:40,4,0,10
BRDA:40,4,1,0
BRDA:42,5,0,10
BRDA:42,5,1,0
BRDA:43,6,0,10
BRDA:43,6,1,0
BRDA:46,7,0,1
BRDA:46,7,1,9
BRDA:46,8,0,10
BRDA:46,8,1,10
BRDA:48,9,0,9
BRDA:52,10,0,0
BRF:19
BRH:13
end_of_record
TN:
SF:src/modules/purchase/purchase-suggestion.service.ts
FN:51,(anonymous_1)
FN:56,(anonymous_2)
FN:61,(anonymous_3)
FN:70,(anonymous_4)
FN:98,(anonymous_5)
FN:146,(anonymous_6)
FN:147,(anonymous_7)
FN:172,(anonymous_8)
FN:173,(anonymous_9)
FN:200,(anonymous_10)
FN:216,(anonymous_11)
FN:217,(anonymous_12)
FN:243,(anonymous_13)
FN:244,(anonymous_14)
FN:252,(anonymous_15)
FN:255,(anonymous_16)
FN:261,(anonymous_17)
FN:263,(anonymous_18)
FN:270,(anonymous_19)
FN:273,(anonymous_20)
FN:280,(anonymous_21)
FN:281,(anonymous_22)
FN:288,(anonymous_23)
FN:304,(anonymous_24)
FN:318,(anonymous_25)
FN:338,(anonymous_26)
FN:395,(anonymous_27)
FNF:27
FNH:20
FNDA:8,(anonymous_1)
FNDA:1,(anonymous_2)
FNDA:1,(anonymous_3)
FNDA:2,(anonymous_4)
FNDA:0,(anonymous_5)
FNDA:1,(anonymous_6)
FNDA:1,(anonymous_7)
FNDA:1,(anonymous_8)
FNDA:1,(anonymous_9)
FNDA:6,(anonymous_10)
FNDA:6,(anonymous_11)
FNDA:5,(anonymous_12)
FNDA:1,(anonymous_13)
FNDA:2,(anonymous_14)
FNDA:4,(anonymous_15)
FNDA:0,(anonymous_16)
FNDA:4,(anonymous_17)
FNDA:1,(anonymous_18)
FNDA:3,(anonymous_19)
FNDA:0,(anonymous_20)
FNDA:0,(anonymous_21)
FNDA:0,(anonymous_22)
FNDA:0,(anonymous_23)
FNDA:0,(anonymous_24)
FNDA:3,(anonymous_25)
FNDA:3,(anonymous_26)
FNDA:2,(anonymous_27)
DA:1,1
DA:2,1
DA:4,1
DA:5,1
DA:6,1
DA:8,1
DA:47,1
DA:52,8
DA:53,8
DA:57,1
DA:58,1
DA:59,1
DA:60,1
DA:62,1
DA:66,0
DA:74,2
DA:99,0
DA:100,0
DA:102,0
DA:103,0
DA:104,0
DA:106,0
DA:107,0
DA:108,0
DA:110,0
DA:111,0
DA:112,0
DA:115,0
DA:116,0
DA:118,0
DA:140,0
DA:147,1
DA:148,1
DA:154,1
DA:155,1
DA:156,0
DA:159,1
DA:173,1
DA:174,1
DA:180,1
DA:181,1
DA:182,1
DA:185,0
DA:204,6
DA:205,0
DA:208,6
DA:209,0
DA:211,6
DA:212,6
DA:213,1
DA:216,6
DA:217,5
DA:218,5
DA:219,0
DA:226,0
DA:227,0
DA:234,5
DA:242,5
DA:243,1
DA:244,2
DA:245,1
DA:251,4
DA:252,4
DA:254,4
DA:255,0
DA:256,0
DA:261,4
DA:262,4
DA:263,1
DA:264,1
DA:270,3
DA:271,3
DA:272,0
DA:273,0
DA:274,0
DA:280,0
DA:281,0
DA:282,0
DA:288,0
DA:289,0
DA:294,3
DA:295,3
DA:296,3
DA:297,3
DA:298,3
DA:299,3
DA:302,3
DA:303,0
DA:304,0
DA:305,0
DA:311,3
DA:312,3
DA:314,3
DA:315,3
DA:318,3
DA:319,3
DA:320,3
DA:324,3
DA:327,3
DA:338,3
DA:343,3
DA:346,3
DA:347,3
DA:348,3
DA:349,3
DA:351,3
DA:372,2
DA:373,2
DA:379,2
DA:382,2
DA:384,2
DA:392,2
DA:395,2
DA:399,1
DA:400,1
LF:115
LH:79
BRDA:57,0,0,0
BRDA:102,1,0,0
BRDA:106,2,0,0
BRDA:110,3,0,0
BRDA:140,4,0,0
BRDA:140,4,1,0
BRDA:154,5,0,0
BRDA:155,6,0,0
BRDA:180,7,0,0
BRDA:181,8,0,1
BRDA:204,9,0,0
BRDA:208,10,0,0
BRDA:212,11,0,1
BRDA:218,12,0,0
BRDA:226,13,0,0
BRDA:242,14,0,1
BRDA:252,15,0,4
BRDA:252,15,1,0
BRDA:254,16,0,0
BRDA:262,17,0,1
BRDA:271,18,0,0
BRDA:272,19,0,0
BRDA:297,20,0,3
BRDA:297,20,1,3
BRDA:302,21,0,0
BRDA:315,22,0,0
BRDA:319,23,0,0
BRDA:347,24,0,3
BRDA:347,24,1,0
BRF:29
BRH:8
end_of_record
TN:
SF:src/modules/purchase/purchase.service.ts
FN:65,(anonymous_1)
FN:71,(anonymous_2)
FN:76,(anonymous_3)
FN:92,(anonymous_4)
FN:98,(anonymous_5)
FN:116,(anonymous_6)
FN:123,(anonymous_7)
FN:139,(anonymous_8)
FN:144,(anonymous_9)
FN:153,(anonymous_10)
FN:178,(anonymous_11)
FN:212,(anonymous_12)
FN:217,(anonymous_13)
FN:234,(anonymous_14)
FN:239,(anonymous_15)
FN:251,(anonymous_16)
FN:253,(anonymous_17)
FN:258,(anonymous_18)
FN:278,(anonymous_19)
FN:293,(anonymous_20)
FN:322,(anonymous_21)
FN:341,(anonymous_22)
FN:343,(anonymous_23)
FN:348,(anonymous_24)
FN:365,(anonymous_25)
FN:382,(anonymous_26)
FN:399,(anonymous_27)
FN:400,(anonymous_28)
FN:403,(anonymous_29)
FN:470,(anonymous_30)
FN:474,(anonymous_31)
FN:503,(anonymous_32)
FN:530,(anonymous_33)
FN:697,(anonymous_34)
FN:712,(anonymous_35)
FN:719,(anonymous_36)
FN:762,(anonymous_37)
FN:768,(anonymous_38)
FN:814,(anonymous_39)
FN:907,(anonymous_40)
FN:991,(anonymous_41)
FN:1002,(anonymous_42)
FN:1073,(anonymous_43)
FN:1078,(anonymous_44)
FN:1154,(anonymous_45)
FN:1192,(anonymous_46)
FN:1230,(anonymous_47)
FN:1238,(anonymous_48)
FN:1241,(anonymous_49)
FN:1294,(anonymous_50)
FN:1340,(anonymous_51)
FN:1349,(anonymous_52)
FN:1355,(anonymous_53)
FN:1372,(anonymous_54)
FN:1385,(anonymous_55)
FN:1392,(anonymous_56)
FNF:56
FNH:38
FNDA:20,(anonymous_1)
FNDA:0,(anonymous_2)
FNDA:0,(anonymous_3)
FNDA:0,(anonymous_4)
FNDA:0,(anonymous_5)
FNDA:0,(anonymous_6)
FNDA:0,(anonymous_7)
FNDA:3,(anonymous_8)
FNDA:3,(anonymous_9)
FNDA:3,(anonymous_10)
FNDA:3,(anonymous_11)
FNDA:60,(anonymous_12)
FNDA:60,(anonymous_13)
FNDA:37,(anonymous_14)
FNDA:15,(anonymous_15)
FNDA:12,(anonymous_16)
FNDA:19,(anonymous_17)
FNDA:11,(anonymous_18)
FNDA:4,(anonymous_19)
FNDA:3,(anonymous_20)
FNDA:8,(anonymous_21)
FNDA:1,(anonymous_22)
FNDA:1,(anonymous_23)
FNDA:12,(anonymous_24)
FNDA:0,(anonymous_25)
FNDA:0,(anonymous_26)
FNDA:4,(anonymous_27)
FNDA:4,(anonymous_28)
FNDA:4,(anonymous_29)
FNDA:2,(anonymous_30)
FNDA:0,(anonymous_31)
FNDA:9,(anonymous_32)
FNDA:3,(anonymous_33)
FNDA:3,(anonymous_34)
FNDA:3,(anonymous_35)
FNDA:3,(anonymous_36)
FNDA:2,(anonymous_37)
FNDA:1,(anonymous_38)
FNDA:0,(anonymous_39)
FNDA:0,(anonymous_40)
FNDA:0,(anonymous_41)
FNDA:0,(anonymous_42)
FNDA:0,(anonymous_43)
FNDA:0,(anonymous_44)
FNDA:0,(anonymous_45)
FNDA:9,(anonymous_46)
FNDA:8,(anonymous_47)
FNDA:1,(anonymous_48)
FNDA:8,(anonymous_49)
FNDA:5,(anonymous_50)
FNDA:57,(anonymous_51)
FNDA:0,(anonymous_52)
FNDA:6,(anonymous_53)
FNDA:3,(anonymous_54)
FNDA:0,(anonymous_55)
FNDA:3,(anonymous_56)
DA:1,1
DA:3,1
DA:4,1
DA:5,1
DA:7,1
DA:9,1
DA:53,1
DA:57,20
DA:58,1
DA:59,1
DA:60,1
DA:61,1
DA:62,1
DA:63,1
DA:66,20
DA:67,20
DA:68,20
DA:72,0
DA:73,0
DA:77,0
DA:78,0
DA:79,0
DA:81,0
DA:82,0
DA:85,0
DA:92,0
DA:99,0
DA:100,0
DA:101,0
DA:103,0
DA:104,0
DA:107,0
DA:116,0
DA:124,0
DA:125,0
DA:134,0
DA:135,0
DA:140,3
DA:141,3
DA:142,3
DA:143,3
DA:145,3
DA:149,0
DA:157,3
DA:182,3
DA:217,60
DA:218,60
DA:219,60
DA:220,60
DA:221,60
DA:223,0
DA:227,60
DA:235,37
DA:236,37
DA:245,15
DA:252,12
DA:253,19
DA:259,11
DA:261,11
DA:262,12
DA:263,12
DA:264,12
DA:265,11
DA:266,11
DA:269,1
DA:270,1
DA:271,1
DA:272,1
DA:275,11
DA:286,4
DA:294,3
DA:295,3
DA:297,3
DA:298,4
DA:299,4
DA:300,4
DA:302,4
DA:303,1
DA:304,1
DA:305,1
DA:308,3
DA:313,3
DA:314,3
DA:315,3
DA:316,3
DA:319,3
DA:325,8
DA:327,8
DA:328,11
DA:329,11
DA:330,11
DA:331,10
DA:332,10
DA:335,1
DA:338,8
DA:342,1
DA:343,1
DA:349,12
DA:350,12
DA:353,0
DA:361,0
DA:362,0
DA:366,0
DA:367,0
DA:370,0
DA:378,0
DA:379,0
DA:383,0
DA:384,0
DA:387,0
DA:395,0
DA:396,0
DA:400,4
DA:401,4
DA:402,4
DA:403,4
DA:407,4
DA:419,4
DA:420,4
DA:422,4
DA:423,1
DA:432,1
DA:433,1
DA:434,1
DA:435,1
DA:439,4
DA:440,4
DA:441,4
DA:457,3
DA:458,1
DA:465,3
DA:467,3
DA:470,2
DA:471,2
DA:475,0
DA:476,0
DA:477,0
DA:478,0
DA:479,0
DA:480,0
DA:481,0
DA:484,0
DA:485,0
DA:487,0
DA:500,0
DA:508,9
DA:509,9
DA:513,9
DA:514,0
DA:516,9
DA:519,0
DA:520,0
DA:524,0
DA:525,0
DA:527,0
DA:531,3
DA:532,3
DA:533,3
DA:534,3
DA:535,3
DA:560,3
DA:561,0
DA:564,3
DA:692,3
DA:693,3
DA:695,3
DA:698,3
DA:699,3
DA:700,3
DA:713,3
DA:714,3
DA:715,0
DA:718,3
DA:719,3
DA:720,3
DA:726,3
DA:727,0
DA:729,3
DA:730,0
DA:733,3
DA:740,3
DA:741,3
DA:752,0
DA:761,3
DA:762,2
DA:765,1
DA:769,1
DA:771,1
DA:781,1
DA:811,1
DA:815,0
DA:816,0
DA:817,0
DA:818,0
DA:819,0
DA:820,0
DA:821,0
DA:822,0
DA:823,0
DA:825,0
DA:826,0
DA:828,0
DA:904,0
DA:908,0
DA:909,0
DA:910,0
DA:913,0
DA:916,0
DA:917,0
DA:945,0
DA:946,0
DA:949,0
DA:990,0
DA:991,0
DA:995,0
DA:1003,0
DA:1004,0
DA:1005,0
DA:1006,0
DA:1007,0
DA:1008,0
DA:1009,0
DA:1011,0
DA:1012,0
DA:1014,0
DA:1070,0
DA:1074,0
DA:1075,0
DA:1079,0
DA:1080,0
DA:1081,0
DA:1125,0
DA:1126,0
DA:1129,0
DA:1148,0
DA:1155,0
DA:1156,0
DA:1157,0
DA:1160,0
DA:1162,0
DA:1170,0
DA:1171,0
DA:1174,0
DA:1175,0
DA:1176,0
DA:1179,0
DA:1180,0
DA:1181,0
DA:1184,0
DA:1193,9
DA:1194,9
DA:1195,9
DA:1196,1
DA:1201,8
DA:1229,8
DA:1230,8
DA:1237,8
DA:1238,1
DA:1240,8
DA:1241,8
DA:1242,8
DA:1243,8
DA:1245,8
DA:1246,8
DA:1247,8
DA:1248,8
DA:1249,8
DA:1250,7
DA:1251,7
DA:1255,8
DA:1256,1
DA:1259,7
DA:1260,9
DA:1261,9
DA:1262,9
DA:1263,0
DA:1266,9
DA:1267,9
DA:1268,9
DA:1269,1
DA:1274,8
DA:1275,8
DA:1276,8
DA:1277,8
DA:1279,8
DA:1281,8
DA:1282,0
DA:1287,8
DA:1288,1
DA:1294,5
DA:1295,5
DA:1296,5
DA:1301,5
DA:1310,5
DA:1312,5
DA:1313,6
DA:1325,6
DA:1337,6
DA:1340,57
DA:1345,5
DA:1350,0
DA:1351,0
DA:1352,0
DA:1356,6
DA:1357,5
DA:1360,1
DA:1368,1
DA:1369,1
DA:1373,3
DA:1374,3
DA:1377,0
DA:1385,0
DA:1386,0
DA:1389,0
DA:1393,3
DA:1394,3
DA:1397,0
DA:1404,0
DA:1405,0
LF:319
LH:191
BRDA:72,0,0,0
BRDA:72,0,1,0
BRDA:78,1,0,0
BRDA:81,2,0,0
BRDA:100,3,0,0
BRDA:103,4,0,0
BRDA:134,5,0,0
BRDA:140,6,0,0
BRDA:219,7,0,0
BRDA:219,8,0,60
BRDA:219,8,1,60
BRDA:219,8,2,60
BRDA:228,9,0,60
BRDA:228,9,1,0
BRDA:229,10,0,60
BRDA:229,10,1,0
BRDA:235,11,0,37
BRDA:235,11,1,19
BRDA:236,12,0,37
BRDA:236,12,1,19
BRDA:253,13,0,19
BRDA:253,13,1,2
BRDA:264,14,0,11
BRDA:287,15,0,4
BRDA:287,15,1,0
BRDA:288,16,0,4
BRDA:288,16,1,2
BRDA:302,17,0,1
BRDA:311,18,0,1
BRDA:311,18,1,2
BRDA:314,19,0,3
BRDA:314,19,1,3
BRDA:330,20,0,10
BRDA:331,21,0,10
BRDA:331,21,1,5
BRDA:343,22,0,1
BRDA:343,22,1,0
BRDA:349,23,0,12
BRDA:361,24,0,0
BRDA:361,24,1,0
BRDA:366,25,0,0
BRDA:378,26,0,0
BRDA:378,26,1,0
BRDA:383,27,0,0
BRDA:395,28,0,0
BRDA:395,28,1,0
BRDA:414,29,0,4
BRDA:414,29,1,3
BRDA:415,30,0,4
BRDA:415,30,1,0
BRDA:415,31,0,4
BRDA:415,31,1,4
BRDA:422,32,0,1
BRDA:433,33,0,1
BRDA:433,33,1,0
BRDA:434,34,0,1
BRDA:434,35,0,1
BRDA:434,35,1,1
BRDA:434,35,2,1
BRDA:440,36,0,4
BRDA:440,36,1,3
BRDA:457,37,0,1
BRDA:477,38,0,0
BRDA:478,39,0,0
BRDA:479,40,0,0
BRDA:500,41,0,0
BRDA:500,41,1,0
BRDA:508,42,0,9
BRDA:513,43,0,0
BRDA:519,44,0,0
BRDA:519,44,1,0
BRDA:524,45,0,0
BRDA:535,46,0,3
BRDA:535,46,1,0
BRDA:560,47,0,0
BRDA:615,48,0,3
BRDA:615,48,1,0
BRDA:621,49,0,0
BRDA:621,49,1,3
BRDA:651,50,0,0
BRDA:651,50,1,0
BRDA:698,51,0,3
BRDA:698,51,1,0
BRDA:699,52,0,3
BRDA:699,52,1,0
BRDA:702,53,0,3
BRDA:702,53,1,0
BRDA:705,54,0,3
BRDA:705,54,1,0
BRDA:714,55,0,0
BRDA:726,56,0,0
BRDA:729,57,0,0
BRDA:740,58,0,3
BRDA:740,58,1,0
BRDA:811,59,0,1
BRDA:811,59,1,0
BRDA:822,60,0,0
BRDA:823,61,0,0
BRDA:830,62,0,0
BRDA:830,62,1,0
BRDA:904,63,0,0
BRDA:904,63,1,0
BRDA:910,64,0,0
BRDA:910,64,1,0
BRDA:913,65,0,0
BRDA:913,65,1,0
BRDA:945,66,0,0
BRDA:950,67,0,0
BRDA:950,67,1,0
BRDA:956,68,0,0
BRDA:956,68,1,0
BRDA:970,69,0,0
BRDA:970,69,1,0
BRDA:991,70,0,0
BRDA:991,70,1,0
BRDA:1008,71,0,0
BRDA:1009,72,0,0
BRDA:1070,73,0,0
BRDA:1070,73,1,0
BRDA:1125,74,0,0
BRDA:1136,75,0,0
BRDA:1136,75,1,0
BRDA:1156,76,0,0
BRDA:1170,77,0,0
BRDA:1175,78,0,0
BRDA:1180,79,0,0
BRDA:1195,80,0,1
BRDA:1238,81,0,1
BRDA:1238,81,1,0
BRDA:1247,82,0,8
BRDA:1247,82,1,0
BRDA:1248,83,0,8
BRDA:1248,83,1,7
BRDA:1249,84,0,7
BRDA:1255,85,0,1
BRDA:1262,86,0,0
BRDA:1266,87,0,9
BRDA:1266,87,1,3
BRDA:1268,88,0,1
BRDA:1268,89,0,9
BRDA:1268,89,1,6
BRDA:1270,90,0,1
BRDA:1270,90,1,0
BRDA:1274,91,0,8
BRDA:1274,91,1,0
BRDA:1275,92,0,8
BRDA:1275,92,1,8
BRDA:1277,93,0,8
BRDA:1277,93,1,6
BRDA:1278,94,0,8
BRDA:1278,94,1,0
BRDA:1281,95,0,0
BRDA:1283,96,0,0
BRDA:1283,96,1,0
BRDA:1287,97,0,1
BRDA:1289,98,0,1
BRDA:1289,98,1,0
BRDA:1307,99,0,5
BRDA:1307,99,1,4
BRDA:1317,100,0,3
BRDA:1317,100,1,3
BRDA:1329,101,0,3
BRDA:1329,101,1,3
BRDA:1329,102,0,3
BRDA:1329,102,1,0
BRDA:1356,103,0,5
BRDA:1368,104,0,1
BRDA:1368,104,1,0
BRDA:1373,105,0,3
BRDA:1386,106,0,0
BRDA:1386,106,1,0
BRDA:1393,107,0,3
BRDA:1404,108,0,0
BRDA:1404,108,1,0
BRF:174
BRH:81
end_of_record
TN:
SF:src/shared/ApiResponse.ts
FN:82,success
FN:93,created
FN:100,error
FN:128,buildPaginated
FNF:4
FNH:0
FNDA:0,success
FNDA:0,created
FNDA:0,error
FNDA:0,buildPaginated
DA:15,5
DA:82,5
DA:83,0
DA:93,5
DA:94,0
DA:100,5
DA:107,0
DA:128,5
DA:134,0
LF:9
LH:5
BRDA:82,0,0,0
BRDA:82,1,0,0
BRDA:93,2,0,0
BRDA:104,3,0,0
BRDA:105,4,0,0
BRF:5
BRH:0
end_of_record
TN:
SF:src/shared/AppError.ts
FN:12,(anonymous_0)
FN:27,(anonymous_1)
FN:31,(anonymous_2)
FN:35,(anonymous_3)
FN:39,(anonymous_4)
FN:43,(anonymous_5)
FNF:6
FNH:4
FNDA:13,(anonymous_0)
FNDA:1,(anonymous_1)
FNDA:0,(anonymous_2)
FNDA:0,(anonymous_3)
FNDA:5,(anonymous_4)
FNDA:7,(anonymous_5)
DA:1,5
DA:7,5
DA:18,13
DA:19,13
DA:20,13
DA:21,13
DA:22,13
DA:24,13
DA:28,1
DA:32,0
DA:36,0
DA:40,5
DA:44,7
LF:13
LH:11
BRDA:14,0,0,0
BRDA:15,1,0,0
BRDA:16,2,0,13
BRDA:27,3,0,0
BRDA:27,4,0,0
BRDA:31,5,0,0
BRDA:35,6,0,0
BRDA:39,7,0,4
BRDA:43,8,0,3
BRF:9
BRH:3
end_of_record
TN:
SF:src/shared/generateNo.ts
FN:33,generateNo
FNF:1
FNH:0
FNDA:0,generateNo
DA:6,3
DA:8,3
DA:33,3
DA:34,0
DA:35,0
DA:36,0
DA:42,0
DA:43,0
DA:44,0
DA:45,0
DA:48,0
DA:49,0
DA:52,0
DA:55,0
DA:56,0
DA:59,0
LF:16
LH:3
BRDA:34,0,0,0
BRDA:34,0,1,0
BRDA:48,1,0,0
BRF:3
BRH:0
end_of_record
TN:
SF:src/shared/unitConverter.ts
FN:23,normalizeUnit
FN:40,findConversionRule
FN:48,(anonymous_3)
FN:65,(anonymous_4)
FN:121,(anonymous_5)
FN:147,(anonymous_6)
FN:159,(anonymous_7)
FNF:7
FNH:4
FNDA:32,normalizeUnit
FNDA:1,findConversionRule
FNDA:1,(anonymous_3)
FNDA:8,(anonymous_4)
FNDA:0,(anonymous_5)
FNDA:0,(anonymous_6)
FNDA:0,(anonymous_7)
DA:1,1
DA:2,1
DA:3,1
DA:23,1
DA:24,32
DA:25,32
DA:27,32
DA:28,32
DA:29,2
DA:31,30
DA:32,2
DA:34,28
DA:35,0
DA:37,28
DA:45,1
DA:46,1
DA:47,1
DA:49,1
DA:61,1
DA:71,8
DA:72,8
DA:75,8
DA:76,7
DA:77,7
DA:85,1
DA:87,1
DA:89,0
DA:90,0
DA:91,0
DA:92,0
DA:93,0
DA:94,0
DA:100,0
DA:107,1
DA:108,1
DA:109,1
DA:111,1
DA:127,0
DA:128,0
DA:132,0
DA:133,0
DA:134,0
DA:140,0
DA:141,0
DA:153,0
DA:160,0
LF:46
LH:29
BRDA:24,0,0,32
BRDA:24,0,1,0
BRDA:25,1,0,0
BRDA:28,2,0,2
BRDA:28,3,0,32
BRDA:28,3,1,30
BRDA:31,4,0,2
BRDA:31,5,0,30
BRDA:31,5,1,28
BRDA:34,6,0,0
BRDA:49,7,0,1
BRDA:49,7,1,1
BRDA:75,8,0,7
BRDA:87,9,0,0
BRDA:90,10,0,0
BRDA:127,11,0,0
BRDA:133,12,0,0
BRF:17
BRH:10
end_of_record
